CRITICAL - 2021-02-28 07:14:38 --> Invalid file: user/index.php
#0 C:\xampp\htdocs\ci4_pengaduan\vendor\codeigniter4\framework\system\View\View.php(203): CodeIgniter\Exceptions\FrameworkException::forInvalidFile('user/index.php')
#1 C:\xampp\htdocs\ci4_pengaduan\vendor\codeigniter4\framework\system\Common.php(1217): CodeIgniter\View\View->render('user/index', Array, true)
#2 C:\xampp\htdocs\ci4_pengaduan\app\Controllers\User\Pengaduan.php(15): view('user/index', Array)
#3 C:\xampp\htdocs\ci4_pengaduan\vendor\codeigniter4\framework\system\CodeIgniter.php(936): App\Controllers\User\Pengaduan->index()
#4 C:\xampp\htdocs\ci4_pengaduan\vendor\codeigniter4\framework\system\CodeIgniter.php(432): CodeIgniter\CodeIgniter->runController(Object(App\Controllers\User\Pengaduan))
#5 C:\xampp\htdocs\ci4_pengaduan\vendor\codeigniter4\framework\system\CodeIgniter.php(333): CodeIgniter\CodeIgniter->handleRequest(NULL, Object(Config\Cache), false)
#6 C:\xampp\htdocs\ci4_pengaduan\public\index.php(44): CodeIgniter\CodeIgniter->run()
#7 C:\xampp\htdocs\ci4_pengaduan\vendor\codeigniter4\framework\system\Commands\Server\rewrite.php(45): require_once('C:\\xampp\\htdocs...')
#8 {main}
CRITICAL - 2021-02-28 07:15:34 --> syntax error, unexpected 'endif' (T_ENDIF), expecting end of file
#0 C:\xampp\htdocs\ci4_pengaduan\vendor\codeigniter4\framework\system\View\View.php(222): CodeIgniter\View\View->CodeIgniter\View\{closure}()
#1 C:\xampp\htdocs\ci4_pengaduan\vendor\codeigniter4\framework\system\Common.php(1217): CodeIgniter\View\View->render('user/index', Array, true)
#2 C:\xampp\htdocs\ci4_pengaduan\app\Controllers\User\Pengaduan.php(15): view('user/index', Array)
#3 C:\xampp\htdocs\ci4_pengaduan\vendor\codeigniter4\framework\system\CodeIgniter.php(936): App\Controllers\User\Pengaduan->index()
#4 C:\xampp\htdocs\ci4_pengaduan\vendor\codeigniter4\framework\system\CodeIgniter.php(432): CodeIgniter\CodeIgniter->runController(Object(App\Controllers\User\Pengaduan))
#5 C:\xampp\htdocs\ci4_pengaduan\vendor\codeigniter4\framework\system\CodeIgniter.php(333): CodeIgniter\CodeIgniter->handleRequest(NULL, Object(Config\Cache), false)
#6 C:\xampp\htdocs\ci4_pengaduan\public\index.php(44): CodeIgniter\CodeIgniter->run()
#7 C:\xampp\htdocs\ci4_pengaduan\vendor\codeigniter4\framework\system\Commands\Server\rewrite.php(45): require_once('C:\\xampp\\htdocs...')
#8 {main}
CRITICAL - 2021-02-28 07:15:44 --> Undefined variable: data
#0 C:\xampp\htdocs\ci4_pengaduan\app\Views\user\index.php(39): CodeIgniter\Debug\Exceptions->errorHandler(8, 'Undefined varia...', 'C:\\xampp\\htdocs...', 39, Array)
#1 C:\xampp\htdocs\ci4_pengaduan\vendor\codeigniter4\framework\system\View\View.php(220): include('C:\\xampp\\htdocs...')
#2 C:\xampp\htdocs\ci4_pengaduan\vendor\codeigniter4\framework\system\View\View.php(222): CodeIgniter\View\View->CodeIgniter\View\{closure}()
#3 C:\xampp\htdocs\ci4_pengaduan\vendor\codeigniter4\framework\system\Common.php(1217): CodeIgniter\View\View->render('user/index', Array, true)
#4 C:\xampp\htdocs\ci4_pengaduan\app\Controllers\User\Pengaduan.php(15): view('user/index', Array)
#5 C:\xampp\htdocs\ci4_pengaduan\vendor\codeigniter4\framework\system\CodeIgniter.php(936): App\Controllers\User\Pengaduan->index()
#6 C:\xampp\htdocs\ci4_pengaduan\vendor\codeigniter4\framework\system\CodeIgniter.php(432): CodeIgniter\CodeIgniter->runController(Object(App\Controllers\User\Pengaduan))
#7 C:\xampp\htdocs\ci4_pengaduan\vendor\codeigniter4\framework\system\CodeIgniter.php(333): CodeIgniter\CodeIgniter->handleRequest(NULL, Object(Config\Cache), false)
#8 C:\xampp\htdocs\ci4_pengaduan\public\index.php(44): CodeIgniter\CodeIgniter->run()
#9 C:\xampp\htdocs\ci4_pengaduan\vendor\codeigniter4\framework\system\Commands\Server\rewrite.php(45): require_once('C:\\xampp\\htdocs...')
#10 {main}
CRITICAL - 2021-02-28 07:15:56 --> Invalid argument supplied for foreach()
#0 C:\xampp\htdocs\ci4_pengaduan\app\Views\user\index.php(40): CodeIgniter\Debug\Exceptions->errorHandler(2, 'Invalid argumen...', 'C:\\xampp\\htdocs...', 40, Array)
#1 C:\xampp\htdocs\ci4_pengaduan\vendor\codeigniter4\framework\system\View\View.php(220): include('C:\\xampp\\htdocs...')
#2 C:\xampp\htdocs\ci4_pengaduan\vendor\codeigniter4\framework\system\View\View.php(222): CodeIgniter\View\View->CodeIgniter\View\{closure}()
#3 C:\xampp\htdocs\ci4_pengaduan\vendor\codeigniter4\framework\system\Common.php(1217): CodeIgniter\View\View->render('user/index', Array, true)
#4 C:\xampp\htdocs\ci4_pengaduan\app\Controllers\User\Pengaduan.php(16): view('user/index', Array)
#5 C:\xampp\htdocs\ci4_pengaduan\vendor\codeigniter4\framework\system\CodeIgniter.php(936): App\Controllers\User\Pengaduan->index()
#6 C:\xampp\htdocs\ci4_pengaduan\vendor\codeigniter4\framework\system\CodeIgniter.php(432): CodeIgniter\CodeIgniter->runController(Object(App\Controllers\User\Pengaduan))
#7 C:\xampp\htdocs\ci4_pengaduan\vendor\codeigniter4\framework\system\CodeIgniter.php(333): CodeIgniter\CodeIgniter->handleRequest(NULL, Object(Config\Cache), false)
#8 C:\xampp\htdocs\ci4_pengaduan\public\index.php(44): CodeIgniter\CodeIgniter->run()
#9 C:\xampp\htdocs\ci4_pengaduan\vendor\codeigniter4\framework\system\Commands\Server\rewrite.php(45): require_once('C:\\xampp\\htdocs...')
#10 {main}
CRITICAL - 2021-02-28 07:24:22 --> Cannot declare class App\Controllers\User\Pengaduan, because the name is already in use
#0 [internal function]: CodeIgniter\Debug\Exceptions->shutdownHandler()
#1 {main}
CRITICAL - 2021-02-28 07:25:57 --> Cannot declare class App\Controllers\User\Pengaduan, because the name is already in use
#0 [internal function]: CodeIgniter\Debug\Exceptions->shutdownHandler()
#1 {main}
CRITICAL - 2021-02-28 07:26:18 --> Cannot declare class App\Controllers\User\Pengaduan, because the name is already in use
#0 [internal function]: CodeIgniter\Debug\Exceptions->shutdownHandler()
#1 {main}
CRITICAL - 2021-02-28 07:26:35 --> Class 'App\Controllers\admin\BaseController' not found
#0 C:\xampp\htdocs\ci4_pengaduan\vendor\codeigniter4\framework\system\Autoloader\Autoloader.php(294): include_once()
#1 C:\xampp\htdocs\ci4_pengaduan\vendor\codeigniter4\framework\system\Autoloader\Autoloader.php(265): CodeIgniter\Autoloader\Autoloader->includeFile('C:\\xampp\\htdocs...')
#2 C:\xampp\htdocs\ci4_pengaduan\vendor\codeigniter4\framework\system\Autoloader\Autoloader.php(228): CodeIgniter\Autoloader\Autoloader->loadInNamespace('App\\Controllers...')
#3 [internal function]: CodeIgniter\Autoloader\Autoloader->loadClass('App\\Controllers...')
#4 [internal function]: spl_autoload_call('App\\Controllers...')
#5 C:\xampp\htdocs\ci4_pengaduan\vendor\codeigniter4\framework\system\CodeIgniter.php(893): class_exists('\\App\\Controller...', true)
#6 C:\xampp\htdocs\ci4_pengaduan\vendor\codeigniter4\framework\system\CodeIgniter.php(417): CodeIgniter\CodeIgniter->startController()
#7 C:\xampp\htdocs\ci4_pengaduan\vendor\codeigniter4\framework\system\CodeIgniter.php(333): CodeIgniter\CodeIgniter->handleRequest(NULL, Object(Config\Cache), false)
#8 C:\xampp\htdocs\ci4_pengaduan\public\index.php(44): CodeIgniter\CodeIgniter->run()
#9 C:\xampp\htdocs\ci4_pengaduan\vendor\codeigniter4\framework\system\Commands\Server\rewrite.php(45): require_once('C:\\xampp\\htdocs...')
#10 {main}
CRITICAL - 2021-02-28 07:42:28 --> Too few arguments to function App\Models\PengaduanModel::getPengaduan(), 0 passed in C:\xampp\htdocs\ci4_pengaduan\app\Controllers\Admin\Pengaduan.php on line 34 and exactly 1 expected
#0 C:\xampp\htdocs\ci4_pengaduan\app\Controllers\Admin\Pengaduan.php(34): App\Models\PengaduanModel->getPengaduan()
#1 C:\xampp\htdocs\ci4_pengaduan\vendor\codeigniter4\framework\system\CodeIgniter.php(936): App\Controllers\admin\Pengaduan->index()
#2 C:\xampp\htdocs\ci4_pengaduan\vendor\codeigniter4\framework\system\CodeIgniter.php(432): CodeIgniter\CodeIgniter->runController(Object(App\Controllers\admin\Pengaduan))
#3 C:\xampp\htdocs\ci4_pengaduan\vendor\codeigniter4\framework\system\CodeIgniter.php(333): CodeIgniter\CodeIgniter->handleRequest(NULL, Object(Config\Cache), false)
#4 C:\xampp\htdocs\ci4_pengaduan\public\index.php(44): CodeIgniter\CodeIgniter->run()
#5 C:\xampp\htdocs\ci4_pengaduan\vendor\codeigniter4\framework\system\Commands\Server\rewrite.php(45): require_once('C:\\xampp\\htdocs...')
#6 {main}
CRITICAL - 2021-02-28 07:46:35 --> Undefined index: status_pengaduan
#0 C:\xampp\htdocs\ci4_pengaduan\app\Views\admin\index.php(46): CodeIgniter\Debug\Exceptions->errorHandler(8, 'Undefined index...', 'C:\\xampp\\htdocs...', 46, Array)
#1 C:\xampp\htdocs\ci4_pengaduan\vendor\codeigniter4\framework\system\View\View.php(220): include('C:\\xampp\\htdocs...')
#2 C:\xampp\htdocs\ci4_pengaduan\vendor\codeigniter4\framework\system\View\View.php(222): CodeIgniter\View\View->CodeIgniter\View\{closure}()
#3 C:\xampp\htdocs\ci4_pengaduan\vendor\codeigniter4\framework\system\Common.php(1217): CodeIgniter\View\View->render('admin/index', Array, true)
#4 C:\xampp\htdocs\ci4_pengaduan\app\Controllers\Admin\Pengaduan.php(37): view('admin/index', Array)
#5 C:\xampp\htdocs\ci4_pengaduan\vendor\codeigniter4\framework\system\CodeIgniter.php(936): App\Controllers\admin\Pengaduan->index()
#6 C:\xampp\htdocs\ci4_pengaduan\vendor\codeigniter4\framework\system\CodeIgniter.php(432): CodeIgniter\CodeIgniter->runController(Object(App\Controllers\admin\Pengaduan))
#7 C:\xampp\htdocs\ci4_pengaduan\vendor\codeigniter4\framework\system\CodeIgniter.php(333): CodeIgniter\CodeIgniter->handleRequest(NULL, Object(Config\Cache), false)
#8 C:\xampp\htdocs\ci4_pengaduan\public\index.php(44): CodeIgniter\CodeIgniter->run()
#9 C:\xampp\htdocs\ci4_pengaduan\vendor\codeigniter4\framework\system\Commands\Server\rewrite.php(45): require_once('C:\\xampp\\htdocs...')
#10 {main}
CRITICAL - 2021-02-28 07:59:51 --> Unparenthesized `a ? b : c ? d : e` is deprecated. Use either `(a ? b : c) ? d : e` or `a ? b : (c ? d : e)`
#0 C:\xampp\htdocs\ci4_pengaduan\vendor\codeigniter4\framework\system\View\View.php(220): CodeIgniter\Debug\Exceptions->errorHandler(8192, 'Unparenthesized...', 'C:\\xampp\\htdocs...', 46, Array)
#1 C:\xampp\htdocs\ci4_pengaduan\vendor\codeigniter4\framework\system\View\View.php(220): include()
#2 C:\xampp\htdocs\ci4_pengaduan\vendor\codeigniter4\framework\system\View\View.php(222): CodeIgniter\View\View->CodeIgniter\View\{closure}()
#3 C:\xampp\htdocs\ci4_pengaduan\vendor\codeigniter4\framework\system\Common.php(1217): CodeIgniter\View\View->render('admin/index', Array, true)
#4 C:\xampp\htdocs\ci4_pengaduan\app\Controllers\Admin\Pengaduan.php(37): view('admin/index', Array)
#5 C:\xampp\htdocs\ci4_pengaduan\vendor\codeigniter4\framework\system\CodeIgniter.php(936): App\Controllers\admin\Pengaduan->index()
#6 C:\xampp\htdocs\ci4_pengaduan\vendor\codeigniter4\framework\system\CodeIgniter.php(432): CodeIgniter\CodeIgniter->runController(Object(App\Controllers\admin\Pengaduan))
#7 C:\xampp\htdocs\ci4_pengaduan\vendor\codeigniter4\framework\system\CodeIgniter.php(333): CodeIgniter\CodeIgniter->handleRequest(NULL, Object(Config\Cache), false)
#8 C:\xampp\htdocs\ci4_pengaduan\public\index.php(44): CodeIgniter\CodeIgniter->run()
#9 C:\xampp\htdocs\ci4_pengaduan\vendor\codeigniter4\framework\system\Commands\Server\rewrite.php(45): require_once('C:\\xampp\\htdocs...')
#10 {main}
CRITICAL - 2021-02-28 08:15:20 --> Class 'App\Models\PengaduanModel' not found
#0 C:\xampp\htdocs\ci4_pengaduan\vendor\codeigniter4\framework\system\CodeIgniter.php(908): App\Controllers\admin\Pengaduan->__construct()
#1 C:\xampp\htdocs\ci4_pengaduan\vendor\codeigniter4\framework\system\CodeIgniter.php(422): CodeIgniter\CodeIgniter->createController()
#2 C:\xampp\htdocs\ci4_pengaduan\vendor\codeigniter4\framework\system\CodeIgniter.php(333): CodeIgniter\CodeIgniter->handleRequest(NULL, Object(Config\Cache), false)
#3 C:\xampp\htdocs\ci4_pengaduan\public\index.php(44): CodeIgniter\CodeIgniter->run()
#4 C:\xampp\htdocs\ci4_pengaduan\vendor\codeigniter4\framework\system\Commands\Server\rewrite.php(45): require_once('C:\\xampp\\htdocs...')
#5 {main}
CRITICAL - 2021-02-28 08:15:35 --> Undefined property: App\Controllers\admin\Pengaduan::$pengaduan
#0 C:\xampp\htdocs\ci4_pengaduan\app\Controllers\Admin\Pengaduan.php(31): CodeIgniter\Debug\Exceptions->errorHandler(8, 'Undefined prope...', 'C:\\xampp\\htdocs...', 31, Array)
#1 C:\xampp\htdocs\ci4_pengaduan\vendor\codeigniter4\framework\system\CodeIgniter.php(936): App\Controllers\admin\Pengaduan->index()
#2 C:\xampp\htdocs\ci4_pengaduan\vendor\codeigniter4\framework\system\CodeIgniter.php(432): CodeIgniter\CodeIgniter->runController(Object(App\Controllers\admin\Pengaduan))
#3 C:\xampp\htdocs\ci4_pengaduan\vendor\codeigniter4\framework\system\CodeIgniter.php(333): CodeIgniter\CodeIgniter->handleRequest(NULL, Object(Config\Cache), false)
#4 C:\xampp\htdocs\ci4_pengaduan\public\index.php(44): CodeIgniter\CodeIgniter->run()
#5 C:\xampp\htdocs\ci4_pengaduan\vendor\codeigniter4\framework\system\Commands\Server\rewrite.php(45): require_once('C:\\xampp\\htdocs...')
#6 {main}
CRITICAL - 2021-02-28 08:16:14 --> Cannot declare class App\Models\PengaduanModel, because the name is already in use
#0 [internal function]: CodeIgniter\Debug\Exceptions->shutdownHandler()
#1 {main}
CRITICAL - 2021-02-28 08:32:24 --> Undefined variable: data
#0 C:\xampp\htdocs\ci4_pengaduan\app\Views\user\tambah_pengaduan.php(39): CodeIgniter\Debug\Exceptions->errorHandler(8, 'Undefined varia...', 'C:\\xampp\\htdocs...', 39, Array)
#1 C:\xampp\htdocs\ci4_pengaduan\vendor\codeigniter4\framework\system\View\View.php(220): include('C:\\xampp\\htdocs...')
#2 C:\xampp\htdocs\ci4_pengaduan\vendor\codeigniter4\framework\system\View\View.php(222): CodeIgniter\View\View->CodeIgniter\View\{closure}()
#3 C:\xampp\htdocs\ci4_pengaduan\vendor\codeigniter4\framework\system\Common.php(1217): CodeIgniter\View\View->render('user/tambah_pen...', Array, true)
#4 C:\xampp\htdocs\ci4_pengaduan\app\Controllers\Pengaduan.php(34): view('user/tambah_pen...', Array)
#5 C:\xampp\htdocs\ci4_pengaduan\vendor\codeigniter4\framework\system\CodeIgniter.php(936): App\Controllers\Pengaduan->tambah_pengaduan()
#6 C:\xampp\htdocs\ci4_pengaduan\vendor\codeigniter4\framework\system\CodeIgniter.php(432): CodeIgniter\CodeIgniter->runController(Object(App\Controllers\Pengaduan))
#7 C:\xampp\htdocs\ci4_pengaduan\vendor\codeigniter4\framework\system\CodeIgniter.php(333): CodeIgniter\CodeIgniter->handleRequest(NULL, Object(Config\Cache), false)
#8 C:\xampp\htdocs\ci4_pengaduan\public\index.php(44): CodeIgniter\CodeIgniter->run()
#9 C:\xampp\htdocs\ci4_pengaduan\vendor\codeigniter4\framework\system\Commands\Server\rewrite.php(45): require_once('C:\\xampp\\htdocs...')
#10 {main}
CRITICAL - 2021-02-28 09:37:54 --> preg_match() expects parameter 2 to be string, array given
#0 [internal function]: CodeIgniter\Debug\Exceptions->errorHandler(2, 'preg_match() ex...', 'C:\\xampp\\htdocs...', 278, Array)
#1 C:\xampp\htdocs\ci4_pengaduan\vendor\codeigniter4\framework\system\Validation\Validation.php(278): preg_match('/(.*?)\\[(.*)\\]/', Array, NULL)
#2 C:\xampp\htdocs\ci4_pengaduan\vendor\codeigniter4\framework\system\Validation\Validation.php(164): CodeIgniter\Validation\Validation->processRules('0', '0', NULL, Array, Array)
#3 C:\xampp\htdocs\ci4_pengaduan\vendor\codeigniter4\framework\system\Controller.php(181): CodeIgniter\Validation\Validation->run()
#4 C:\xampp\htdocs\ci4_pengaduan\app\Controllers\Pengaduan.php(53): CodeIgniter\Controller->validate(Array)
#5 C:\xampp\htdocs\ci4_pengaduan\vendor\codeigniter4\framework\system\CodeIgniter.php(936): App\Controllers\Pengaduan->tambah_pengaduan()
#6 C:\xampp\htdocs\ci4_pengaduan\vendor\codeigniter4\framework\system\CodeIgniter.php(432): CodeIgniter\CodeIgniter->runController(Object(App\Controllers\Pengaduan))
#7 C:\xampp\htdocs\ci4_pengaduan\vendor\codeigniter4\framework\system\CodeIgniter.php(333): CodeIgniter\CodeIgniter->handleRequest(NULL, Object(Config\Cache), false)
#8 C:\xampp\htdocs\ci4_pengaduan\public\index.php(44): CodeIgniter\CodeIgniter->run()
#9 C:\xampp\htdocs\ci4_pengaduan\vendor\codeigniter4\framework\system\Commands\Server\rewrite.php(45): require_once('C:\\xampp\\htdocs...')
#10 {main}
CRITICAL - 2021-02-28 09:38:40 --> preg_match() expects parameter 2 to be string, array given
#0 [internal function]: CodeIgniter\Debug\Exceptions->errorHandler(2, 'preg_match() ex...', 'C:\\xampp\\htdocs...', 278, Array)
#1 C:\xampp\htdocs\ci4_pengaduan\vendor\codeigniter4\framework\system\Validation\Validation.php(278): preg_match('/(.*?)\\[(.*)\\]/', Array, NULL)
#2 C:\xampp\htdocs\ci4_pengaduan\vendor\codeigniter4\framework\system\Validation\Validation.php(164): CodeIgniter\Validation\Validation->processRules('0', '0', NULL, Array, Array)
#3 C:\xampp\htdocs\ci4_pengaduan\vendor\codeigniter4\framework\system\Controller.php(181): CodeIgniter\Validation\Validation->run()
#4 C:\xampp\htdocs\ci4_pengaduan\app\Controllers\Pengaduan.php(53): CodeIgniter\Controller->validate(Array)
#5 C:\xampp\htdocs\ci4_pengaduan\vendor\codeigniter4\framework\system\CodeIgniter.php(936): App\Controllers\Pengaduan->tambah_pengaduan()
#6 C:\xampp\htdocs\ci4_pengaduan\vendor\codeigniter4\framework\system\CodeIgniter.php(432): CodeIgniter\CodeIgniter->runController(Object(App\Controllers\Pengaduan))
#7 C:\xampp\htdocs\ci4_pengaduan\vendor\codeigniter4\framework\system\CodeIgniter.php(333): CodeIgniter\CodeIgniter->handleRequest(NULL, Object(Config\Cache), false)
#8 C:\xampp\htdocs\ci4_pengaduan\public\index.php(44): CodeIgniter\CodeIgniter->run()
#9 C:\xampp\htdocs\ci4_pengaduan\vendor\codeigniter4\framework\system\Commands\Server\rewrite.php(45): require_once('C:\\xampp\\htdocs...')
#10 {main}
CRITICAL - 2021-02-28 09:38:47 --> preg_match() expects parameter 2 to be string, array given
#0 [internal function]: CodeIgniter\Debug\Exceptions->errorHandler(2, 'preg_match() ex...', 'C:\\xampp\\htdocs...', 278, Array)
#1 C:\xampp\htdocs\ci4_pengaduan\vendor\codeigniter4\framework\system\Validation\Validation.php(278): preg_match('/(.*?)\\[(.*)\\]/', Array, NULL)
#2 C:\xampp\htdocs\ci4_pengaduan\vendor\codeigniter4\framework\system\Validation\Validation.php(164): CodeIgniter\Validation\Validation->processRules('0', '0', NULL, Array, Array)
#3 C:\xampp\htdocs\ci4_pengaduan\vendor\codeigniter4\framework\system\Controller.php(181): CodeIgniter\Validation\Validation->run()
#4 C:\xampp\htdocs\ci4_pengaduan\app\Controllers\Pengaduan.php(53): CodeIgniter\Controller->validate(Array)
#5 C:\xampp\htdocs\ci4_pengaduan\vendor\codeigniter4\framework\system\CodeIgniter.php(936): App\Controllers\Pengaduan->tambah_pengaduan()
#6 C:\xampp\htdocs\ci4_pengaduan\vendor\codeigniter4\framework\system\CodeIgniter.php(432): CodeIgniter\CodeIgniter->runController(Object(App\Controllers\Pengaduan))
#7 C:\xampp\htdocs\ci4_pengaduan\vendor\codeigniter4\framework\system\CodeIgniter.php(333): CodeIgniter\CodeIgniter->handleRequest(NULL, Object(Config\Cache), false)
#8 C:\xampp\htdocs\ci4_pengaduan\public\index.php(44): CodeIgniter\CodeIgniter->run()
#9 C:\xampp\htdocs\ci4_pengaduan\vendor\codeigniter4\framework\system\Commands\Server\rewrite.php(45): require_once('C:\\xampp\\htdocs...')
#10 {main}
CRITICAL - 2021-02-28 09:39:38 --> preg_match() expects parameter 2 to be string, array given
#0 [internal function]: CodeIgniter\Debug\Exceptions->errorHandler(2, 'preg_match() ex...', 'C:\\xampp\\htdocs...', 278, Array)
#1 C:\xampp\htdocs\ci4_pengaduan\vendor\codeigniter4\framework\system\Validation\Validation.php(278): preg_match('/(.*?)\\[(.*)\\]/', Array, NULL)
#2 C:\xampp\htdocs\ci4_pengaduan\vendor\codeigniter4\framework\system\Validation\Validation.php(164): CodeIgniter\Validation\Validation->processRules('0', '0', NULL, Array, Array)
#3 C:\xampp\htdocs\ci4_pengaduan\vendor\codeigniter4\framework\system\Controller.php(181): CodeIgniter\Validation\Validation->run()
#4 C:\xampp\htdocs\ci4_pengaduan\app\Controllers\Pengaduan.php(59): CodeIgniter\Controller->validate(Array)
#5 C:\xampp\htdocs\ci4_pengaduan\vendor\codeigniter4\framework\system\CodeIgniter.php(936): App\Controllers\Pengaduan->tambah_pengaduan()
#6 C:\xampp\htdocs\ci4_pengaduan\vendor\codeigniter4\framework\system\CodeIgniter.php(432): CodeIgniter\CodeIgniter->runController(Object(App\Controllers\Pengaduan))
#7 C:\xampp\htdocs\ci4_pengaduan\vendor\codeigniter4\framework\system\CodeIgniter.php(333): CodeIgniter\CodeIgniter->handleRequest(NULL, Object(Config\Cache), false)
#8 C:\xampp\htdocs\ci4_pengaduan\public\index.php(44): CodeIgniter\CodeIgniter->run()
#9 C:\xampp\htdocs\ci4_pengaduan\vendor\codeigniter4\framework\system\Commands\Server\rewrite.php(45): require_once('C:\\xampp\\htdocs...')
#10 {main}
CRITICAL - 2021-02-28 09:39:43 --> preg_match() expects parameter 2 to be string, array given
#0 [internal function]: CodeIgniter\Debug\Exceptions->errorHandler(2, 'preg_match() ex...', 'C:\\xampp\\htdocs...', 278, Array)
#1 C:\xampp\htdocs\ci4_pengaduan\vendor\codeigniter4\framework\system\Validation\Validation.php(278): preg_match('/(.*?)\\[(.*)\\]/', Array, NULL)
#2 C:\xampp\htdocs\ci4_pengaduan\vendor\codeigniter4\framework\system\Validation\Validation.php(164): CodeIgniter\Validation\Validation->processRules('0', '0', NULL, Array, Array)
#3 C:\xampp\htdocs\ci4_pengaduan\vendor\codeigniter4\framework\system\Controller.php(181): CodeIgniter\Validation\Validation->run()
#4 C:\xampp\htdocs\ci4_pengaduan\app\Controllers\Pengaduan.php(59): CodeIgniter\Controller->validate(Array)
#5 C:\xampp\htdocs\ci4_pengaduan\vendor\codeigniter4\framework\system\CodeIgniter.php(936): App\Controllers\Pengaduan->tambah_pengaduan()
#6 C:\xampp\htdocs\ci4_pengaduan\vendor\codeigniter4\framework\system\CodeIgniter.php(432): CodeIgniter\CodeIgniter->runController(Object(App\Controllers\Pengaduan))
#7 C:\xampp\htdocs\ci4_pengaduan\vendor\codeigniter4\framework\system\CodeIgniter.php(333): CodeIgniter\CodeIgniter->handleRequest(NULL, Object(Config\Cache), false)
#8 C:\xampp\htdocs\ci4_pengaduan\public\index.php(44): CodeIgniter\CodeIgniter->run()
#9 C:\xampp\htdocs\ci4_pengaduan\vendor\codeigniter4\framework\system\Commands\Server\rewrite.php(45): require_once('C:\\xampp\\htdocs...')
#10 {main}
CRITICAL - 2021-02-28 09:40:58 --> preg_match() expects parameter 2 to be string, array given
#0 [internal function]: CodeIgniter\Debug\Exceptions->errorHandler(2, 'preg_match() ex...', 'C:\\xampp\\htdocs...', 278, Array)
#1 C:\xampp\htdocs\ci4_pengaduan\vendor\codeigniter4\framework\system\Validation\Validation.php(278): preg_match('/(.*?)\\[(.*)\\]/', Array, NULL)
#2 C:\xampp\htdocs\ci4_pengaduan\vendor\codeigniter4\framework\system\Validation\Validation.php(164): CodeIgniter\Validation\Validation->processRules('0', '0', NULL, Array, Array)
#3 C:\xampp\htdocs\ci4_pengaduan\vendor\codeigniter4\framework\system\Controller.php(181): CodeIgniter\Validation\Validation->run()
#4 C:\xampp\htdocs\ci4_pengaduan\app\Controllers\Pengaduan.php(58): CodeIgniter\Controller->validate(Array)
#5 C:\xampp\htdocs\ci4_pengaduan\vendor\codeigniter4\framework\system\CodeIgniter.php(936): App\Controllers\Pengaduan->tambah_pengaduan()
#6 C:\xampp\htdocs\ci4_pengaduan\vendor\codeigniter4\framework\system\CodeIgniter.php(432): CodeIgniter\CodeIgniter->runController(Object(App\Controllers\Pengaduan))
#7 C:\xampp\htdocs\ci4_pengaduan\vendor\codeigniter4\framework\system\CodeIgniter.php(333): CodeIgniter\CodeIgniter->handleRequest(NULL, Object(Config\Cache), false)
#8 C:\xampp\htdocs\ci4_pengaduan\public\index.php(44): CodeIgniter\CodeIgniter->run()
#9 C:\xampp\htdocs\ci4_pengaduan\vendor\codeigniter4\framework\system\Commands\Server\rewrite.php(45): require_once('C:\\xampp\\htdocs...')
#10 {main}
CRITICAL - 2021-02-28 09:41:03 --> preg_match() expects parameter 2 to be string, array given
#0 [internal function]: CodeIgniter\Debug\Exceptions->errorHandler(2, 'preg_match() ex...', 'C:\\xampp\\htdocs...', 278, Array)
#1 C:\xampp\htdocs\ci4_pengaduan\vendor\codeigniter4\framework\system\Validation\Validation.php(278): preg_match('/(.*?)\\[(.*)\\]/', Array, NULL)
#2 C:\xampp\htdocs\ci4_pengaduan\vendor\codeigniter4\framework\system\Validation\Validation.php(164): CodeIgniter\Validation\Validation->processRules('0', '0', NULL, Array, Array)
#3 C:\xampp\htdocs\ci4_pengaduan\vendor\codeigniter4\framework\system\Controller.php(181): CodeIgniter\Validation\Validation->run()
#4 C:\xampp\htdocs\ci4_pengaduan\app\Controllers\Pengaduan.php(57): CodeIgniter\Controller->validate(Array)
#5 C:\xampp\htdocs\ci4_pengaduan\vendor\codeigniter4\framework\system\CodeIgniter.php(936): App\Controllers\Pengaduan->tambah_pengaduan()
#6 C:\xampp\htdocs\ci4_pengaduan\vendor\codeigniter4\framework\system\CodeIgniter.php(432): CodeIgniter\CodeIgniter->runController(Object(App\Controllers\Pengaduan))
#7 C:\xampp\htdocs\ci4_pengaduan\vendor\codeigniter4\framework\system\CodeIgniter.php(333): CodeIgniter\CodeIgniter->handleRequest(NULL, Object(Config\Cache), false)
#8 C:\xampp\htdocs\ci4_pengaduan\public\index.php(44): CodeIgniter\CodeIgniter->run()
#9 C:\xampp\htdocs\ci4_pengaduan\vendor\codeigniter4\framework\system\Commands\Server\rewrite.php(45): require_once('C:\\xampp\\htdocs...')
#10 {main}
CRITICAL - 2021-02-28 09:41:19 --> preg_match() expects parameter 2 to be string, array given
#0 [internal function]: CodeIgniter\Debug\Exceptions->errorHandler(2, 'preg_match() ex...', 'C:\\xampp\\htdocs...', 278, Array)
#1 C:\xampp\htdocs\ci4_pengaduan\vendor\codeigniter4\framework\system\Validation\Validation.php(278): preg_match('/(.*?)\\[(.*)\\]/', Array, NULL)
#2 C:\xampp\htdocs\ci4_pengaduan\vendor\codeigniter4\framework\system\Validation\Validation.php(164): CodeIgniter\Validation\Validation->processRules('0', '0', NULL, Array, Array)
#3 C:\xampp\htdocs\ci4_pengaduan\vendor\codeigniter4\framework\system\Controller.php(181): CodeIgniter\Validation\Validation->run()
#4 C:\xampp\htdocs\ci4_pengaduan\app\Controllers\Pengaduan.php(59): CodeIgniter\Controller->validate(Array)
#5 C:\xampp\htdocs\ci4_pengaduan\vendor\codeigniter4\framework\system\CodeIgniter.php(936): App\Controllers\Pengaduan->tambah_pengaduan()
#6 C:\xampp\htdocs\ci4_pengaduan\vendor\codeigniter4\framework\system\CodeIgniter.php(432): CodeIgniter\CodeIgniter->runController(Object(App\Controllers\Pengaduan))
#7 C:\xampp\htdocs\ci4_pengaduan\vendor\codeigniter4\framework\system\CodeIgniter.php(333): CodeIgniter\CodeIgniter->handleRequest(NULL, Object(Config\Cache), false)
#8 C:\xampp\htdocs\ci4_pengaduan\public\index.php(44): CodeIgniter\CodeIgniter->run()
#9 C:\xampp\htdocs\ci4_pengaduan\vendor\codeigniter4\framework\system\Commands\Server\rewrite.php(45): require_once('C:\\xampp\\htdocs...')
#10 {main}
CRITICAL - 2021-02-28 09:41:25 --> preg_match() expects parameter 2 to be string, array given
#0 [internal function]: CodeIgniter\Debug\Exceptions->errorHandler(2, 'preg_match() ex...', 'C:\\xampp\\htdocs...', 278, Array)
#1 C:\xampp\htdocs\ci4_pengaduan\vendor\codeigniter4\framework\system\Validation\Validation.php(278): preg_match('/(.*?)\\[(.*)\\]/', Array, NULL)
#2 C:\xampp\htdocs\ci4_pengaduan\vendor\codeigniter4\framework\system\Validation\Validation.php(164): CodeIgniter\Validation\Validation->processRules('0', '0', NULL, Array, Array)
#3 C:\xampp\htdocs\ci4_pengaduan\vendor\codeigniter4\framework\system\Controller.php(181): CodeIgniter\Validation\Validation->run()
#4 C:\xampp\htdocs\ci4_pengaduan\app\Controllers\Pengaduan.php(59): CodeIgniter\Controller->validate(Array)
#5 C:\xampp\htdocs\ci4_pengaduan\vendor\codeigniter4\framework\system\CodeIgniter.php(936): App\Controllers\Pengaduan->tambah_pengaduan()
#6 C:\xampp\htdocs\ci4_pengaduan\vendor\codeigniter4\framework\system\CodeIgniter.php(432): CodeIgniter\CodeIgniter->runController(Object(App\Controllers\Pengaduan))
#7 C:\xampp\htdocs\ci4_pengaduan\vendor\codeigniter4\framework\system\CodeIgniter.php(333): CodeIgniter\CodeIgniter->handleRequest(NULL, Object(Config\Cache), false)
#8 C:\xampp\htdocs\ci4_pengaduan\public\index.php(44): CodeIgniter\CodeIgniter->run()
#9 C:\xampp\htdocs\ci4_pengaduan\vendor\codeigniter4\framework\system\Commands\Server\rewrite.php(45): require_once('C:\\xampp\\htdocs...')
#10 {main}
CRITICAL - 2021-02-28 09:41:36 --> preg_match() expects parameter 2 to be string, array given
#0 [internal function]: CodeIgniter\Debug\Exceptions->errorHandler(2, 'preg_match() ex...', 'C:\\xampp\\htdocs...', 278, Array)
#1 C:\xampp\htdocs\ci4_pengaduan\vendor\codeigniter4\framework\system\Validation\Validation.php(278): preg_match('/(.*?)\\[(.*)\\]/', Array, NULL)
#2 C:\xampp\htdocs\ci4_pengaduan\vendor\codeigniter4\framework\system\Validation\Validation.php(164): CodeIgniter\Validation\Validation->processRules('0', '0', NULL, Array, Array)
#3 C:\xampp\htdocs\ci4_pengaduan\vendor\codeigniter4\framework\system\Controller.php(181): CodeIgniter\Validation\Validation->run()
#4 C:\xampp\htdocs\ci4_pengaduan\app\Controllers\Pengaduan.php(59): CodeIgniter\Controller->validate(Array)
#5 C:\xampp\htdocs\ci4_pengaduan\vendor\codeigniter4\framework\system\CodeIgniter.php(936): App\Controllers\Pengaduan->tambah_pengaduan()
#6 C:\xampp\htdocs\ci4_pengaduan\vendor\codeigniter4\framework\system\CodeIgniter.php(432): CodeIgniter\CodeIgniter->runController(Object(App\Controllers\Pengaduan))
#7 C:\xampp\htdocs\ci4_pengaduan\vendor\codeigniter4\framework\system\CodeIgniter.php(333): CodeIgniter\CodeIgniter->handleRequest(NULL, Object(Config\Cache), false)
#8 C:\xampp\htdocs\ci4_pengaduan\public\index.php(44): CodeIgniter\CodeIgniter->run()
#9 C:\xampp\htdocs\ci4_pengaduan\vendor\codeigniter4\framework\system\Commands\Server\rewrite.php(45): require_once('C:\\xampp\\htdocs...')
#10 {main}
CRITICAL - 2021-02-28 09:42:05 --> preg_match() expects parameter 2 to be string, array given
#0 [internal function]: CodeIgniter\Debug\Exceptions->errorHandler(2, 'preg_match() ex...', 'C:\\xampp\\htdocs...', 278, Array)
#1 C:\xampp\htdocs\ci4_pengaduan\vendor\codeigniter4\framework\system\Validation\Validation.php(278): preg_match('/(.*?)\\[(.*)\\]/', Array, NULL)
#2 C:\xampp\htdocs\ci4_pengaduan\vendor\codeigniter4\framework\system\Validation\Validation.php(164): CodeIgniter\Validation\Validation->processRules('0', '0', NULL, Array, Array)
#3 C:\xampp\htdocs\ci4_pengaduan\vendor\codeigniter4\framework\system\Controller.php(181): CodeIgniter\Validation\Validation->run()
#4 C:\xampp\htdocs\ci4_pengaduan\app\Controllers\Pengaduan.php(59): CodeIgniter\Controller->validate(Array)
#5 C:\xampp\htdocs\ci4_pengaduan\vendor\codeigniter4\framework\system\CodeIgniter.php(936): App\Controllers\Pengaduan->tambah_pengaduan()
#6 C:\xampp\htdocs\ci4_pengaduan\vendor\codeigniter4\framework\system\CodeIgniter.php(432): CodeIgniter\CodeIgniter->runController(Object(App\Controllers\Pengaduan))
#7 C:\xampp\htdocs\ci4_pengaduan\vendor\codeigniter4\framework\system\CodeIgniter.php(333): CodeIgniter\CodeIgniter->handleRequest(NULL, Object(Config\Cache), false)
#8 C:\xampp\htdocs\ci4_pengaduan\public\index.php(44): CodeIgniter\CodeIgniter->run()
#9 C:\xampp\htdocs\ci4_pengaduan\vendor\codeigniter4\framework\system\Commands\Server\rewrite.php(45): require_once('C:\\xampp\\htdocs...')
#10 {main}
CRITICAL - 2021-02-28 09:42:40 --> Undefined variable: validation
#0 C:\xampp\htdocs\ci4_pengaduan\app\Views\user\tambah_pengaduan.php(37): CodeIgniter\Debug\Exceptions->errorHandler(8, 'Undefined varia...', 'C:\\xampp\\htdocs...', 37, Array)
#1 C:\xampp\htdocs\ci4_pengaduan\vendor\codeigniter4\framework\system\View\View.php(220): include('C:\\xampp\\htdocs...')
#2 C:\xampp\htdocs\ci4_pengaduan\vendor\codeigniter4\framework\system\View\View.php(222): CodeIgniter\View\View->CodeIgniter\View\{closure}()
#3 C:\xampp\htdocs\ci4_pengaduan\vendor\codeigniter4\framework\system\Common.php(1217): CodeIgniter\View\View->render('user/tambah_pen...', Array, true)
#4 C:\xampp\htdocs\ci4_pengaduan\app\Controllers\Pengaduan.php(34): view('user/tambah_pen...', Array)
#5 C:\xampp\htdocs\ci4_pengaduan\vendor\codeigniter4\framework\system\CodeIgniter.php(936): App\Controllers\Pengaduan->tambah()
#6 C:\xampp\htdocs\ci4_pengaduan\vendor\codeigniter4\framework\system\CodeIgniter.php(432): CodeIgniter\CodeIgniter->runController(Object(App\Controllers\Pengaduan))
#7 C:\xampp\htdocs\ci4_pengaduan\vendor\codeigniter4\framework\system\CodeIgniter.php(333): CodeIgniter\CodeIgniter->handleRequest(NULL, Object(Config\Cache), false)
#8 C:\xampp\htdocs\ci4_pengaduan\public\index.php(44): CodeIgniter\CodeIgniter->run()
#9 C:\xampp\htdocs\ci4_pengaduan\vendor\codeigniter4\framework\system\Commands\Server\rewrite.php(45): require_once('C:\\xampp\\htdocs...')
#10 {main}
CRITICAL - 2021-02-28 09:42:48 --> Undefined variable: validation
#0 C:\xampp\htdocs\ci4_pengaduan\app\Views\user\tambah_pengaduan.php(37): CodeIgniter\Debug\Exceptions->errorHandler(8, 'Undefined varia...', 'C:\\xampp\\htdocs...', 37, Array)
#1 C:\xampp\htdocs\ci4_pengaduan\vendor\codeigniter4\framework\system\View\View.php(220): include('C:\\xampp\\htdocs...')
#2 C:\xampp\htdocs\ci4_pengaduan\vendor\codeigniter4\framework\system\View\View.php(222): CodeIgniter\View\View->CodeIgniter\View\{closure}()
#3 C:\xampp\htdocs\ci4_pengaduan\vendor\codeigniter4\framework\system\Common.php(1217): CodeIgniter\View\View->render('user/tambah_pen...', Array, true)
#4 C:\xampp\htdocs\ci4_pengaduan\app\Controllers\Pengaduan.php(34): view('user/tambah_pen...', Array)
#5 C:\xampp\htdocs\ci4_pengaduan\vendor\codeigniter4\framework\system\CodeIgniter.php(936): App\Controllers\Pengaduan->tambah()
#6 C:\xampp\htdocs\ci4_pengaduan\vendor\codeigniter4\framework\system\CodeIgniter.php(432): CodeIgniter\CodeIgniter->runController(Object(App\Controllers\Pengaduan))
#7 C:\xampp\htdocs\ci4_pengaduan\vendor\codeigniter4\framework\system\CodeIgniter.php(333): CodeIgniter\CodeIgniter->handleRequest(NULL, Object(Config\Cache), false)
#8 C:\xampp\htdocs\ci4_pengaduan\public\index.php(44): CodeIgniter\CodeIgniter->run()
#9 C:\xampp\htdocs\ci4_pengaduan\vendor\codeigniter4\framework\system\Commands\Server\rewrite.php(45): require_once('C:\\xampp\\htdocs...')
#10 {main}
CRITICAL - 2021-02-28 09:42:53 --> preg_match() expects parameter 2 to be string, array given
#0 [internal function]: CodeIgniter\Debug\Exceptions->errorHandler(2, 'preg_match() ex...', 'C:\\xampp\\htdocs...', 278, Array)
#1 C:\xampp\htdocs\ci4_pengaduan\vendor\codeigniter4\framework\system\Validation\Validation.php(278): preg_match('/(.*?)\\[(.*)\\]/', Array, NULL)
#2 C:\xampp\htdocs\ci4_pengaduan\vendor\codeigniter4\framework\system\Validation\Validation.php(164): CodeIgniter\Validation\Validation->processRules('0', '0', NULL, Array, Array)
#3 C:\xampp\htdocs\ci4_pengaduan\vendor\codeigniter4\framework\system\Controller.php(181): CodeIgniter\Validation\Validation->run()
#4 C:\xampp\htdocs\ci4_pengaduan\app\Controllers\Pengaduan.php(57): CodeIgniter\Controller->validate(Array)
#5 C:\xampp\htdocs\ci4_pengaduan\vendor\codeigniter4\framework\system\CodeIgniter.php(936): App\Controllers\Pengaduan->tambah_pengaduan()
#6 C:\xampp\htdocs\ci4_pengaduan\vendor\codeigniter4\framework\system\CodeIgniter.php(432): CodeIgniter\CodeIgniter->runController(Object(App\Controllers\Pengaduan))
#7 C:\xampp\htdocs\ci4_pengaduan\vendor\codeigniter4\framework\system\CodeIgniter.php(333): CodeIgniter\CodeIgniter->handleRequest(NULL, Object(Config\Cache), false)
#8 C:\xampp\htdocs\ci4_pengaduan\public\index.php(44): CodeIgniter\CodeIgniter->run()
#9 C:\xampp\htdocs\ci4_pengaduan\vendor\codeigniter4\framework\system\Commands\Server\rewrite.php(45): require_once('C:\\xampp\\htdocs...')
#10 {main}
CRITICAL - 2021-02-28 09:43:14 --> preg_match() expects parameter 2 to be string, array given
#0 [internal function]: CodeIgniter\Debug\Exceptions->errorHandler(2, 'preg_match() ex...', 'C:\\xampp\\htdocs...', 278, Array)
#1 C:\xampp\htdocs\ci4_pengaduan\vendor\codeigniter4\framework\system\Validation\Validation.php(278): preg_match('/(.*?)\\[(.*)\\]/', Array, NULL)
#2 C:\xampp\htdocs\ci4_pengaduan\vendor\codeigniter4\framework\system\Validation\Validation.php(164): CodeIgniter\Validation\Validation->processRules('0', '0', NULL, Array, Array)
#3 C:\xampp\htdocs\ci4_pengaduan\vendor\codeigniter4\framework\system\Controller.php(181): CodeIgniter\Validation\Validation->run()
#4 C:\xampp\htdocs\ci4_pengaduan\app\Controllers\Pengaduan.php(57): CodeIgniter\Controller->validate(Array)
#5 C:\xampp\htdocs\ci4_pengaduan\vendor\codeigniter4\framework\system\CodeIgniter.php(936): App\Controllers\Pengaduan->tambah_pengaduan()
#6 C:\xampp\htdocs\ci4_pengaduan\vendor\codeigniter4\framework\system\CodeIgniter.php(432): CodeIgniter\CodeIgniter->runController(Object(App\Controllers\Pengaduan))
#7 C:\xampp\htdocs\ci4_pengaduan\vendor\codeigniter4\framework\system\CodeIgniter.php(333): CodeIgniter\CodeIgniter->handleRequest(NULL, Object(Config\Cache), false)
#8 C:\xampp\htdocs\ci4_pengaduan\public\index.php(44): CodeIgniter\CodeIgniter->run()
#9 C:\xampp\htdocs\ci4_pengaduan\vendor\codeigniter4\framework\system\Commands\Server\rewrite.php(45): require_once('C:\\xampp\\htdocs...')
#10 {main}
CRITICAL - 2021-02-28 09:43:17 --> preg_match() expects parameter 2 to be string, array given
#0 [internal function]: CodeIgniter\Debug\Exceptions->errorHandler(2, 'preg_match() ex...', 'C:\\xampp\\htdocs...', 278, Array)
#1 C:\xampp\htdocs\ci4_pengaduan\vendor\codeigniter4\framework\system\Validation\Validation.php(278): preg_match('/(.*?)\\[(.*)\\]/', Array, NULL)
#2 C:\xampp\htdocs\ci4_pengaduan\vendor\codeigniter4\framework\system\Validation\Validation.php(164): CodeIgniter\Validation\Validation->processRules('0', '0', NULL, Array, Array)
#3 C:\xampp\htdocs\ci4_pengaduan\vendor\codeigniter4\framework\system\Controller.php(181): CodeIgniter\Validation\Validation->run()
#4 C:\xampp\htdocs\ci4_pengaduan\app\Controllers\Pengaduan.php(57): CodeIgniter\Controller->validate(Array)
#5 C:\xampp\htdocs\ci4_pengaduan\vendor\codeigniter4\framework\system\CodeIgniter.php(936): App\Controllers\Pengaduan->tambah_pengaduan()
#6 C:\xampp\htdocs\ci4_pengaduan\vendor\codeigniter4\framework\system\CodeIgniter.php(432): CodeIgniter\CodeIgniter->runController(Object(App\Controllers\Pengaduan))
#7 C:\xampp\htdocs\ci4_pengaduan\vendor\codeigniter4\framework\system\CodeIgniter.php(333): CodeIgniter\CodeIgniter->handleRequest(NULL, Object(Config\Cache), false)
#8 C:\xampp\htdocs\ci4_pengaduan\public\index.php(44): CodeIgniter\CodeIgniter->run()
#9 C:\xampp\htdocs\ci4_pengaduan\vendor\codeigniter4\framework\system\Commands\Server\rewrite.php(45): require_once('C:\\xampp\\htdocs...')
#10 {main}
CRITICAL - 2021-02-28 09:43:21 --> preg_match() expects parameter 2 to be string, array given
#0 [internal function]: CodeIgniter\Debug\Exceptions->errorHandler(2, 'preg_match() ex...', 'C:\\xampp\\htdocs...', 278, Array)
#1 C:\xampp\htdocs\ci4_pengaduan\vendor\codeigniter4\framework\system\Validation\Validation.php(278): preg_match('/(.*?)\\[(.*)\\]/', Array, NULL)
#2 C:\xampp\htdocs\ci4_pengaduan\vendor\codeigniter4\framework\system\Validation\Validation.php(164): CodeIgniter\Validation\Validation->processRules('0', '0', NULL, Array, Array)
#3 C:\xampp\htdocs\ci4_pengaduan\vendor\codeigniter4\framework\system\Controller.php(181): CodeIgniter\Validation\Validation->run()
#4 C:\xampp\htdocs\ci4_pengaduan\app\Controllers\Pengaduan.php(57): CodeIgniter\Controller->validate(Array)
#5 C:\xampp\htdocs\ci4_pengaduan\vendor\codeigniter4\framework\system\CodeIgniter.php(936): App\Controllers\Pengaduan->tambah_pengaduan()
#6 C:\xampp\htdocs\ci4_pengaduan\vendor\codeigniter4\framework\system\CodeIgniter.php(432): CodeIgniter\CodeIgniter->runController(Object(App\Controllers\Pengaduan))
#7 C:\xampp\htdocs\ci4_pengaduan\vendor\codeigniter4\framework\system\CodeIgniter.php(333): CodeIgniter\CodeIgniter->handleRequest(NULL, Object(Config\Cache), false)
#8 C:\xampp\htdocs\ci4_pengaduan\public\index.php(44): CodeIgniter\CodeIgniter->run()
#9 C:\xampp\htdocs\ci4_pengaduan\vendor\codeigniter4\framework\system\Commands\Server\rewrite.php(45): require_once('C:\\xampp\\htdocs...')
#10 {main}
CRITICAL - 2021-02-28 09:50:12 --> Undefined property: App\Controllers\Pengaduan::$validation
#0 C:\xampp\htdocs\ci4_pengaduan\app\Controllers\Pengaduan.php(33): CodeIgniter\Debug\Exceptions->errorHandler(8, 'Undefined prope...', 'C:\\xampp\\htdocs...', 33, Array)
#1 C:\xampp\htdocs\ci4_pengaduan\vendor\codeigniter4\framework\system\CodeIgniter.php(936): App\Controllers\Pengaduan->tambah()
#2 C:\xampp\htdocs\ci4_pengaduan\vendor\codeigniter4\framework\system\CodeIgniter.php(432): CodeIgniter\CodeIgniter->runController(Object(App\Controllers\Pengaduan))
#3 C:\xampp\htdocs\ci4_pengaduan\vendor\codeigniter4\framework\system\CodeIgniter.php(333): CodeIgniter\CodeIgniter->handleRequest(NULL, Object(Config\Cache), false)
#4 C:\xampp\htdocs\ci4_pengaduan\public\index.php(44): CodeIgniter\CodeIgniter->run()
#5 C:\xampp\htdocs\ci4_pengaduan\vendor\codeigniter4\framework\system\Commands\Server\rewrite.php(45): require_once('C:\\xampp\\htdocs...')
#6 {main}
CRITICAL - 2021-02-28 09:50:33 --> Undefined property: App\Controllers\Pengaduan::$validation
#0 C:\xampp\htdocs\ci4_pengaduan\app\Controllers\Pengaduan.php(32): CodeIgniter\Debug\Exceptions->errorHandler(8, 'Undefined prope...', 'C:\\xampp\\htdocs...', 32, Array)
#1 C:\xampp\htdocs\ci4_pengaduan\vendor\codeigniter4\framework\system\CodeIgniter.php(936): App\Controllers\Pengaduan->tambah()
#2 C:\xampp\htdocs\ci4_pengaduan\vendor\codeigniter4\framework\system\CodeIgniter.php(432): CodeIgniter\CodeIgniter->runController(Object(App\Controllers\Pengaduan))
#3 C:\xampp\htdocs\ci4_pengaduan\vendor\codeigniter4\framework\system\CodeIgniter.php(333): CodeIgniter\CodeIgniter->handleRequest(NULL, Object(Config\Cache), false)
#4 C:\xampp\htdocs\ci4_pengaduan\public\index.php(44): CodeIgniter\CodeIgniter->run()
#5 C:\xampp\htdocs\ci4_pengaduan\vendor\codeigniter4\framework\system\Commands\Server\rewrite.php(45): require_once('C:\\xampp\\htdocs...')
#6 {main}
CRITICAL - 2021-02-28 09:50:35 --> Undefined property: App\Controllers\Pengaduan::$validation
#0 C:\xampp\htdocs\ci4_pengaduan\app\Controllers\Pengaduan.php(32): CodeIgniter\Debug\Exceptions->errorHandler(8, 'Undefined prope...', 'C:\\xampp\\htdocs...', 32, Array)
#1 C:\xampp\htdocs\ci4_pengaduan\vendor\codeigniter4\framework\system\CodeIgniter.php(936): App\Controllers\Pengaduan->tambah()
#2 C:\xampp\htdocs\ci4_pengaduan\vendor\codeigniter4\framework\system\CodeIgniter.php(432): CodeIgniter\CodeIgniter->runController(Object(App\Controllers\Pengaduan))
#3 C:\xampp\htdocs\ci4_pengaduan\vendor\codeigniter4\framework\system\CodeIgniter.php(333): CodeIgniter\CodeIgniter->handleRequest(NULL, Object(Config\Cache), false)
#4 C:\xampp\htdocs\ci4_pengaduan\public\index.php(44): CodeIgniter\CodeIgniter->run()
#5 C:\xampp\htdocs\ci4_pengaduan\vendor\codeigniter4\framework\system\Commands\Server\rewrite.php(45): require_once('C:\\xampp\\htdocs...')
#6 {main}
CRITICAL - 2021-02-28 09:51:17 --> Undefined variable: validation
#0 C:\xampp\htdocs\ci4_pengaduan\app\Controllers\Pengaduan.php(32): CodeIgniter\Debug\Exceptions->errorHandler(8, 'Undefined varia...', 'C:\\xampp\\htdocs...', 32, Array)
#1 C:\xampp\htdocs\ci4_pengaduan\vendor\codeigniter4\framework\system\CodeIgniter.php(936): App\Controllers\Pengaduan->tambah()
#2 C:\xampp\htdocs\ci4_pengaduan\vendor\codeigniter4\framework\system\CodeIgniter.php(432): CodeIgniter\CodeIgniter->runController(Object(App\Controllers\Pengaduan))
#3 C:\xampp\htdocs\ci4_pengaduan\vendor\codeigniter4\framework\system\CodeIgniter.php(333): CodeIgniter\CodeIgniter->handleRequest(NULL, Object(Config\Cache), false)
#4 C:\xampp\htdocs\ci4_pengaduan\public\index.php(44): CodeIgniter\CodeIgniter->run()
#5 C:\xampp\htdocs\ci4_pengaduan\vendor\codeigniter4\framework\system\Commands\Server\rewrite.php(45): require_once('C:\\xampp\\htdocs...')
#6 {main}
CRITICAL - 2021-02-28 09:51:29 --> Undefined property: App\Controllers\Pengaduan::$validation
#0 C:\xampp\htdocs\ci4_pengaduan\app\Controllers\Pengaduan.php(32): CodeIgniter\Debug\Exceptions->errorHandler(8, 'Undefined prope...', 'C:\\xampp\\htdocs...', 32, Array)
#1 C:\xampp\htdocs\ci4_pengaduan\vendor\codeigniter4\framework\system\CodeIgniter.php(936): App\Controllers\Pengaduan->tambah()
#2 C:\xampp\htdocs\ci4_pengaduan\vendor\codeigniter4\framework\system\CodeIgniter.php(432): CodeIgniter\CodeIgniter->runController(Object(App\Controllers\Pengaduan))
#3 C:\xampp\htdocs\ci4_pengaduan\vendor\codeigniter4\framework\system\CodeIgniter.php(333): CodeIgniter\CodeIgniter->handleRequest(NULL, Object(Config\Cache), false)
#4 C:\xampp\htdocs\ci4_pengaduan\public\index.php(44): CodeIgniter\CodeIgniter->run()
#5 C:\xampp\htdocs\ci4_pengaduan\vendor\codeigniter4\framework\system\Commands\Server\rewrite.php(45): require_once('C:\\xampp\\htdocs...')
#6 {main}
