CRITICAL - 2021-04-29 05:24:33 --> Undefined variable: user
#0 C:\xampp\htdocs\ci4_pengaduan\app\Views\templates\topbar.php(16): CodeIgniter\Debug\Exceptions->errorHandler(8, 'Undefined varia...', 'C:\\xampp\\htdocs...', 16, Array)
#1 C:\xampp\htdocs\ci4_pengaduan\vendor\codeigniter4\framework\system\View\View.php(220): include('C:\\xampp\\htdocs...')
#2 C:\xampp\htdocs\ci4_pengaduan\vendor\codeigniter4\framework\system\View\View.php(222): CodeIgniter\View\View->CodeIgniter\View\{closure}()
#3 C:\xampp\htdocs\ci4_pengaduan\vendor\codeigniter4\framework\system\View\View.php(468): CodeIgniter\View\View->render('templates/topba...', NULL, true)
#4 C:\xampp\htdocs\ci4_pengaduan\app\Views\templates\index.php(49): CodeIgniter\View\View->include('templates/topba...')
#5 C:\xampp\htdocs\ci4_pengaduan\vendor\codeigniter4\framework\system\View\View.php(220): include('C:\\xampp\\htdocs...')
#6 C:\xampp\htdocs\ci4_pengaduan\vendor\codeigniter4\framework\system\View\View.php(222): CodeIgniter\View\View->CodeIgniter\View\{closure}()
#7 C:\xampp\htdocs\ci4_pengaduan\vendor\codeigniter4\framework\system\View\View.php(236): CodeIgniter\View\View->render('templates/index', Array, true)
#8 C:\xampp\htdocs\ci4_pengaduan\vendor\codeigniter4\framework\system\Common.php(1217): CodeIgniter\View\View->render('user/profile/ub...', Array, true)
#9 C:\xampp\htdocs\ci4_pengaduan\app\Controllers\User.php(139): view('user/profile/ub...', Array)
#10 C:\xampp\htdocs\ci4_pengaduan\vendor\codeigniter4\framework\system\CodeIgniter.php(936): App\Controllers\User->ubah_password()
#11 C:\xampp\htdocs\ci4_pengaduan\vendor\codeigniter4\framework\system\CodeIgniter.php(432): CodeIgniter\CodeIgniter->runController(Object(App\Controllers\User))
#12 C:\xampp\htdocs\ci4_pengaduan\vendor\codeigniter4\framework\system\CodeIgniter.php(333): CodeIgniter\CodeIgniter->handleRequest(NULL, Object(Config\Cache), false)
#13 C:\xampp\htdocs\ci4_pengaduan\public\index.php(44): CodeIgniter\CodeIgniter->run()
#14 C:\xampp\htdocs\ci4_pengaduan\vendor\codeigniter4\framework\system\Commands\Server\rewrite.php(45): require_once('C:\\xampp\\htdocs...')
#15 {main}
CRITICAL - 2021-04-29 12:18:03 --> Trying to access array offset on value of type null
#0 C:\xampp\htdocs\ci4_pengaduan\app\Controllers\User.php(46): CodeIgniter\Debug\Exceptions->errorHandler(8, 'Trying to acces...', 'C:\\xampp\\htdocs...', 46, Array)
#1 C:\xampp\htdocs\ci4_pengaduan\vendor\codeigniter4\framework\system\CodeIgniter.php(936): App\Controllers\User->ubah_profile()
#2 C:\xampp\htdocs\ci4_pengaduan\vendor\codeigniter4\framework\system\CodeIgniter.php(432): CodeIgniter\CodeIgniter->runController(Object(App\Controllers\User))
#3 C:\xampp\htdocs\ci4_pengaduan\vendor\codeigniter4\framework\system\CodeIgniter.php(333): CodeIgniter\CodeIgniter->handleRequest(NULL, Object(Config\Cache), false)
#4 C:\xampp\htdocs\ci4_pengaduan\public\index.php(44): CodeIgniter\CodeIgniter->run()
#5 C:\xampp\htdocs\ci4_pengaduan\vendor\codeigniter4\framework\system\Commands\Server\rewrite.php(45): require_once('C:\\xampp\\htdocs...')
#6 {main}
CRITICAL - 2021-04-29 12:18:11 --> Trying to access array offset on value of type null
#0 C:\xampp\htdocs\ci4_pengaduan\app\Controllers\User.php(46): CodeIgniter\Debug\Exceptions->errorHandler(8, 'Trying to acces...', 'C:\\xampp\\htdocs...', 46, Array)
#1 C:\xampp\htdocs\ci4_pengaduan\vendor\codeigniter4\framework\system\CodeIgniter.php(936): App\Controllers\User->ubah_profile()
#2 C:\xampp\htdocs\ci4_pengaduan\vendor\codeigniter4\framework\system\CodeIgniter.php(432): CodeIgniter\CodeIgniter->runController(Object(App\Controllers\User))
#3 C:\xampp\htdocs\ci4_pengaduan\vendor\codeigniter4\framework\system\CodeIgniter.php(333): CodeIgniter\CodeIgniter->handleRequest(NULL, Object(Config\Cache), false)
#4 C:\xampp\htdocs\ci4_pengaduan\public\index.php(44): CodeIgniter\CodeIgniter->run()
#5 C:\xampp\htdocs\ci4_pengaduan\vendor\codeigniter4\framework\system\Commands\Server\rewrite.php(45): require_once('C:\\xampp\\htdocs...')
#6 {main}
CRITICAL - 2021-04-29 12:53:37 --> Undefined variable: id
#0 C:\xampp\htdocs\ci4_pengaduan\app\Controllers\User.php(161): CodeIgniter\Debug\Exceptions->errorHandler(8, 'Undefined varia...', 'C:\\xampp\\htdocs...', 161, Array)
#1 C:\xampp\htdocs\ci4_pengaduan\vendor\codeigniter4\framework\system\CodeIgniter.php(936): App\Controllers\User->ubah_password()
#2 C:\xampp\htdocs\ci4_pengaduan\vendor\codeigniter4\framework\system\CodeIgniter.php(432): CodeIgniter\CodeIgniter->runController(Object(App\Controllers\User))
#3 C:\xampp\htdocs\ci4_pengaduan\vendor\codeigniter4\framework\system\CodeIgniter.php(333): CodeIgniter\CodeIgniter->handleRequest(NULL, Object(Config\Cache), false)
#4 C:\xampp\htdocs\ci4_pengaduan\public\index.php(44): CodeIgniter\CodeIgniter->run()
#5 C:\xampp\htdocs\ci4_pengaduan\vendor\codeigniter4\framework\system\Commands\Server\rewrite.php(45): require_once('C:\\xampp\\htdocs...')
#6 {main}
