CRITICAL - 2021-03-24 11:16:17 --> syntax error, unexpected ';', expecting ']'
#0 C:\xampp\htdocs\ci4_pengaduan\vendor\codeigniter4\framework\system\Autoloader\Autoloader.php(265): CodeIgniter\Autoloader\Autoloader->includeFile('C:\\xampp\\htdocs...')
#1 C:\xampp\htdocs\ci4_pengaduan\vendor\codeigniter4\framework\system\Autoloader\Autoloader.php(228): CodeIgniter\Autoloader\Autoloader->loadInNamespace('App\\Controllers...')
#2 [internal function]: CodeIgniter\Autoloader\Autoloader->loadClass('App\\Controllers...')
#3 [internal function]: spl_autoload_call('App\\Controllers...')
#4 C:\xampp\htdocs\ci4_pengaduan\vendor\codeigniter4\framework\system\CodeIgniter.php(893): class_exists('\\App\\Controller...', true)
#5 C:\xampp\htdocs\ci4_pengaduan\vendor\codeigniter4\framework\system\CodeIgniter.php(417): CodeIgniter\CodeIgniter->startController()
#6 C:\xampp\htdocs\ci4_pengaduan\vendor\codeigniter4\framework\system\CodeIgniter.php(333): CodeIgniter\CodeIgniter->handleRequest(NULL, Object(Config\Cache), false)
#7 C:\xampp\htdocs\ci4_pengaduan\public\index.php(44): CodeIgniter\CodeIgniter->run()
#8 C:\xampp\htdocs\ci4_pengaduan\vendor\codeigniter4\framework\system\Commands\Server\rewrite.php(45): require_once('C:\\xampp\\htdocs...')
#9 {main}
CRITICAL - 2021-03-24 11:17:47 --> Undefined variable: id
#0 C:\xampp\htdocs\ci4_pengaduan\app\Controllers\Pengaduan.php(160): CodeIgniter\Debug\Exceptions->errorHandler(8, 'Undefined varia...', 'C:\\xampp\\htdocs...', 160, Array)
#1 C:\xampp\htdocs\ci4_pengaduan\vendor\codeigniter4\framework\system\CodeIgniter.php(936): App\Controllers\Pengaduan->ubah('31')
#2 C:\xampp\htdocs\ci4_pengaduan\vendor\codeigniter4\framework\system\CodeIgniter.php(432): CodeIgniter\CodeIgniter->runController(Object(App\Controllers\Pengaduan))
#3 C:\xampp\htdocs\ci4_pengaduan\vendor\codeigniter4\framework\system\CodeIgniter.php(333): CodeIgniter\CodeIgniter->handleRequest(NULL, Object(Config\Cache), false)
#4 C:\xampp\htdocs\ci4_pengaduan\public\index.php(44): CodeIgniter\CodeIgniter->run()
#5 C:\xampp\htdocs\ci4_pengaduan\vendor\codeigniter4\framework\system\Commands\Server\rewrite.php(45): require_once('C:\\xampp\\htdocs...')
#6 {main}
CRITICAL - 2021-03-24 11:31:17 --> Too few arguments to function App\Controllers\Pengaduan::ubah(), 0 passed in C:\xampp\htdocs\ci4_pengaduan\vendor\codeigniter4\framework\system\CodeIgniter.php on line 936 and exactly 1 expected
#0 C:\xampp\htdocs\ci4_pengaduan\vendor\codeigniter4\framework\system\CodeIgniter.php(936): App\Controllers\Pengaduan->ubah()
#1 C:\xampp\htdocs\ci4_pengaduan\vendor\codeigniter4\framework\system\CodeIgniter.php(432): CodeIgniter\CodeIgniter->runController(Object(App\Controllers\Pengaduan))
#2 C:\xampp\htdocs\ci4_pengaduan\vendor\codeigniter4\framework\system\CodeIgniter.php(333): CodeIgniter\CodeIgniter->handleRequest(NULL, Object(Config\Cache), false)
#3 C:\xampp\htdocs\ci4_pengaduan\public\index.php(44): CodeIgniter\CodeIgniter->run()
#4 C:\xampp\htdocs\ci4_pengaduan\vendor\codeigniter4\framework\system\Commands\Server\rewrite.php(45): require_once('C:\\xampp\\htdocs...')
#5 {main}
CRITICAL - 2021-03-24 11:31:20 --> Call to a member function error() on array
#0 C:\xampp\htdocs\ci4_pengaduan\vendor\codeigniter4\framework\system\CodeIgniter.php(936): App\Controllers\Pengaduan->ubah_pengaduan()
#1 C:\xampp\htdocs\ci4_pengaduan\vendor\codeigniter4\framework\system\CodeIgniter.php(432): CodeIgniter\CodeIgniter->runController(Object(App\Controllers\Pengaduan))
#2 C:\xampp\htdocs\ci4_pengaduan\vendor\codeigniter4\framework\system\CodeIgniter.php(333): CodeIgniter\CodeIgniter->handleRequest(NULL, Object(Config\Cache), false)
#3 C:\xampp\htdocs\ci4_pengaduan\public\index.php(44): CodeIgniter\CodeIgniter->run()
#4 C:\xampp\htdocs\ci4_pengaduan\vendor\codeigniter4\framework\system\Commands\Server\rewrite.php(45): require_once('C:\\xampp\\htdocs...')
#5 {main}
CRITICAL - 2021-03-24 11:31:53 --> Call to a member function getError() on array
#0 C:\xampp\htdocs\ci4_pengaduan\vendor\codeigniter4\framework\system\CodeIgniter.php(936): App\Controllers\Pengaduan->ubah_pengaduan()
#1 C:\xampp\htdocs\ci4_pengaduan\vendor\codeigniter4\framework\system\CodeIgniter.php(432): CodeIgniter\CodeIgniter->runController(Object(App\Controllers\Pengaduan))
#2 C:\xampp\htdocs\ci4_pengaduan\vendor\codeigniter4\framework\system\CodeIgniter.php(333): CodeIgniter\CodeIgniter->handleRequest(NULL, Object(Config\Cache), false)
#3 C:\xampp\htdocs\ci4_pengaduan\public\index.php(44): CodeIgniter\CodeIgniter->run()
#4 C:\xampp\htdocs\ci4_pengaduan\vendor\codeigniter4\framework\system\Commands\Server\rewrite.php(45): require_once('C:\\xampp\\htdocs...')
#5 {main}
CRITICAL - 2021-03-24 11:34:04 --> Too few arguments to function App\Controllers\Pengaduan::ubah(), 0 passed in C:\xampp\htdocs\ci4_pengaduan\vendor\codeigniter4\framework\system\CodeIgniter.php on line 936 and exactly 1 expected
#0 C:\xampp\htdocs\ci4_pengaduan\vendor\codeigniter4\framework\system\CodeIgniter.php(936): App\Controllers\Pengaduan->ubah()
#1 C:\xampp\htdocs\ci4_pengaduan\vendor\codeigniter4\framework\system\CodeIgniter.php(432): CodeIgniter\CodeIgniter->runController(Object(App\Controllers\Pengaduan))
#2 C:\xampp\htdocs\ci4_pengaduan\vendor\codeigniter4\framework\system\CodeIgniter.php(333): CodeIgniter\CodeIgniter->handleRequest(NULL, Object(Config\Cache), false)
#3 C:\xampp\htdocs\ci4_pengaduan\public\index.php(44): CodeIgniter\CodeIgniter->run()
#4 C:\xampp\htdocs\ci4_pengaduan\vendor\codeigniter4\framework\system\Commands\Server\rewrite.php(45): require_once('C:\\xampp\\htdocs...')
#5 {main}
CRITICAL - 2021-03-24 11:36:04 --> Undefined property: CodeIgniter\HTTP\Files\UploadedFile::$getError
#0 C:\xampp\htdocs\ci4_pengaduan\app\Controllers\Pengaduan.php(201): CodeIgniter\Debug\Exceptions->errorHandler(8, 'Undefined prope...', 'C:\\xampp\\htdocs...', 201, Array)
#1 C:\xampp\htdocs\ci4_pengaduan\vendor\codeigniter4\framework\system\CodeIgniter.php(936): App\Controllers\Pengaduan->ubah_pengaduan()
#2 C:\xampp\htdocs\ci4_pengaduan\vendor\codeigniter4\framework\system\CodeIgniter.php(432): CodeIgniter\CodeIgniter->runController(Object(App\Controllers\Pengaduan))
#3 C:\xampp\htdocs\ci4_pengaduan\vendor\codeigniter4\framework\system\CodeIgniter.php(333): CodeIgniter\CodeIgniter->handleRequest(NULL, Object(Config\Cache), false)
#4 C:\xampp\htdocs\ci4_pengaduan\public\index.php(44): CodeIgniter\CodeIgniter->run()
#5 C:\xampp\htdocs\ci4_pengaduan\vendor\codeigniter4\framework\system\Commands\Server\rewrite.php(45): require_once('C:\\xampp\\htdocs...')
#6 {main}
CRITICAL - 2021-03-24 11:36:14 --> Undefined property: CodeIgniter\HTTP\Files\UploadedFile::$getError
#0 C:\xampp\htdocs\ci4_pengaduan\app\Controllers\Pengaduan.php(201): CodeIgniter\Debug\Exceptions->errorHandler(8, 'Undefined prope...', 'C:\\xampp\\htdocs...', 201, Array)
#1 C:\xampp\htdocs\ci4_pengaduan\vendor\codeigniter4\framework\system\CodeIgniter.php(936): App\Controllers\Pengaduan->ubah_pengaduan()
#2 C:\xampp\htdocs\ci4_pengaduan\vendor\codeigniter4\framework\system\CodeIgniter.php(432): CodeIgniter\CodeIgniter->runController(Object(App\Controllers\Pengaduan))
#3 C:\xampp\htdocs\ci4_pengaduan\vendor\codeigniter4\framework\system\CodeIgniter.php(333): CodeIgniter\CodeIgniter->handleRequest(NULL, Object(Config\Cache), false)
#4 C:\xampp\htdocs\ci4_pengaduan\public\index.php(44): CodeIgniter\CodeIgniter->run()
#5 C:\xampp\htdocs\ci4_pengaduan\vendor\codeigniter4\framework\system\Commands\Server\rewrite.php(45): require_once('C:\\xampp\\htdocs...')
#6 {main}
CRITICAL - 2021-03-24 11:40:38 --> Too few arguments to function App\Controllers\Pengaduan::ubah(), 0 passed in C:\xampp\htdocs\ci4_pengaduan\vendor\codeigniter4\framework\system\CodeIgniter.php on line 936 and exactly 1 expected
#0 C:\xampp\htdocs\ci4_pengaduan\vendor\codeigniter4\framework\system\CodeIgniter.php(936): App\Controllers\Pengaduan->ubah()
#1 C:\xampp\htdocs\ci4_pengaduan\vendor\codeigniter4\framework\system\CodeIgniter.php(432): CodeIgniter\CodeIgniter->runController(Object(App\Controllers\Pengaduan))
#2 C:\xampp\htdocs\ci4_pengaduan\vendor\codeigniter4\framework\system\CodeIgniter.php(333): CodeIgniter\CodeIgniter->handleRequest(NULL, Object(Config\Cache), false)
#3 C:\xampp\htdocs\ci4_pengaduan\public\index.php(44): CodeIgniter\CodeIgniter->run()
#4 C:\xampp\htdocs\ci4_pengaduan\vendor\codeigniter4\framework\system\Commands\Server\rewrite.php(45): require_once('C:\\xampp\\htdocs...')
#5 {main}
CRITICAL - 2021-03-24 11:40:40 --> Too few arguments to function App\Controllers\Pengaduan::ubah(), 0 passed in C:\xampp\htdocs\ci4_pengaduan\vendor\codeigniter4\framework\system\CodeIgniter.php on line 936 and exactly 1 expected
#0 C:\xampp\htdocs\ci4_pengaduan\vendor\codeigniter4\framework\system\CodeIgniter.php(936): App\Controllers\Pengaduan->ubah()
#1 C:\xampp\htdocs\ci4_pengaduan\vendor\codeigniter4\framework\system\CodeIgniter.php(432): CodeIgniter\CodeIgniter->runController(Object(App\Controllers\Pengaduan))
#2 C:\xampp\htdocs\ci4_pengaduan\vendor\codeigniter4\framework\system\CodeIgniter.php(333): CodeIgniter\CodeIgniter->handleRequest(NULL, Object(Config\Cache), false)
#3 C:\xampp\htdocs\ci4_pengaduan\public\index.php(44): CodeIgniter\CodeIgniter->run()
#4 C:\xampp\htdocs\ci4_pengaduan\vendor\codeigniter4\framework\system\Commands\Server\rewrite.php(45): require_once('C:\\xampp\\htdocs...')
#5 {main}
CRITICAL - 2021-03-24 11:43:10 --> Argument 2 passed to CodeIgniter\Database\BaseBuilder::set() must be of the type string or null, array given, called in C:\xampp\htdocs\ci4_pengaduan\vendor\codeigniter4\framework\system\Model.php on line 350
#0 C:\xampp\htdocs\ci4_pengaduan\vendor\codeigniter4\framework\system\Model.php(350): CodeIgniter\Database\BaseBuilder->set('user_id', Array, NULL)
#1 C:\xampp\htdocs\ci4_pengaduan\vendor\codeigniter4\framework\system\BaseModel.php(901): CodeIgniter\Model->doUpdate(Array, Array)
#2 C:\xampp\htdocs\ci4_pengaduan\vendor\codeigniter4\framework\system\Model.php(737): CodeIgniter\BaseModel->update(Array, Array)
#3 C:\xampp\htdocs\ci4_pengaduan\vendor\codeigniter4\framework\system\BaseModel.php(663): CodeIgniter\Model->update('1', Array)
#4 C:\xampp\htdocs\ci4_pengaduan\app\Controllers\Pengaduan.php(218): CodeIgniter\BaseModel->save(Array)
#5 C:\xampp\htdocs\ci4_pengaduan\vendor\codeigniter4\framework\system\CodeIgniter.php(936): App\Controllers\Pengaduan->ubah_pengaduan()
#6 C:\xampp\htdocs\ci4_pengaduan\vendor\codeigniter4\framework\system\CodeIgniter.php(432): CodeIgniter\CodeIgniter->runController(Object(App\Controllers\Pengaduan))
#7 C:\xampp\htdocs\ci4_pengaduan\vendor\codeigniter4\framework\system\CodeIgniter.php(333): CodeIgniter\CodeIgniter->handleRequest(NULL, Object(Config\Cache), false)
#8 C:\xampp\htdocs\ci4_pengaduan\public\index.php(44): CodeIgniter\CodeIgniter->run()
#9 C:\xampp\htdocs\ci4_pengaduan\vendor\codeigniter4\framework\system\Commands\Server\rewrite.php(45): require_once('C:\\xampp\\htdocs...')
#10 {main}
CRITICAL - 2021-03-24 11:45:09 --> Undefined index: id
#0 C:\xampp\htdocs\ci4_pengaduan\app\Views\user\pengaduan\ubah_pengaduan.php(72): CodeIgniter\Debug\Exceptions->errorHandler(8, 'Undefined index...', 'C:\\xampp\\htdocs...', 72, Array)
#1 C:\xampp\htdocs\ci4_pengaduan\vendor\codeigniter4\framework\system\View\View.php(220): include('C:\\xampp\\htdocs...')
#2 C:\xampp\htdocs\ci4_pengaduan\vendor\codeigniter4\framework\system\View\View.php(222): CodeIgniter\View\View->CodeIgniter\View\{closure}()
#3 C:\xampp\htdocs\ci4_pengaduan\vendor\codeigniter4\framework\system\Common.php(1217): CodeIgniter\View\View->render('user/pengaduan/...', Array, true)
#4 C:\xampp\htdocs\ci4_pengaduan\app\Controllers\Pengaduan.php(165): view('user/pengaduan/...', Array)
#5 C:\xampp\htdocs\ci4_pengaduan\vendor\codeigniter4\framework\system\CodeIgniter.php(936): App\Controllers\Pengaduan->ubah('1')
#6 C:\xampp\htdocs\ci4_pengaduan\vendor\codeigniter4\framework\system\CodeIgniter.php(432): CodeIgniter\CodeIgniter->runController(Object(App\Controllers\Pengaduan))
#7 C:\xampp\htdocs\ci4_pengaduan\vendor\codeigniter4\framework\system\CodeIgniter.php(333): CodeIgniter\CodeIgniter->handleRequest(NULL, Object(Config\Cache), false)
#8 C:\xampp\htdocs\ci4_pengaduan\public\index.php(44): CodeIgniter\CodeIgniter->run()
#9 C:\xampp\htdocs\ci4_pengaduan\vendor\codeigniter4\framework\system\Commands\Server\rewrite.php(45): require_once('C:\\xampp\\htdocs...')
#10 {main}
CRITICAL - 2021-03-24 11:45:30 --> Trying to get property 'id' of non-object
#0 C:\xampp\htdocs\ci4_pengaduan\app\Views\user\pengaduan\ubah_pengaduan.php(72): CodeIgniter\Debug\Exceptions->errorHandler(8, 'Trying to get p...', 'C:\\xampp\\htdocs...', 72, Array)
#1 C:\xampp\htdocs\ci4_pengaduan\vendor\codeigniter4\framework\system\View\View.php(220): include('C:\\xampp\\htdocs...')
#2 C:\xampp\htdocs\ci4_pengaduan\vendor\codeigniter4\framework\system\View\View.php(222): CodeIgniter\View\View->CodeIgniter\View\{closure}()
#3 C:\xampp\htdocs\ci4_pengaduan\vendor\codeigniter4\framework\system\Common.php(1217): CodeIgniter\View\View->render('user/pengaduan/...', Array, true)
#4 C:\xampp\htdocs\ci4_pengaduan\app\Controllers\Pengaduan.php(165): view('user/pengaduan/...', Array)
#5 C:\xampp\htdocs\ci4_pengaduan\vendor\codeigniter4\framework\system\CodeIgniter.php(936): App\Controllers\Pengaduan->ubah('1')
#6 C:\xampp\htdocs\ci4_pengaduan\vendor\codeigniter4\framework\system\CodeIgniter.php(432): CodeIgniter\CodeIgniter->runController(Object(App\Controllers\Pengaduan))
#7 C:\xampp\htdocs\ci4_pengaduan\vendor\codeigniter4\framework\system\CodeIgniter.php(333): CodeIgniter\CodeIgniter->handleRequest(NULL, Object(Config\Cache), false)
#8 C:\xampp\htdocs\ci4_pengaduan\public\index.php(44): CodeIgniter\CodeIgniter->run()
#9 C:\xampp\htdocs\ci4_pengaduan\vendor\codeigniter4\framework\system\Commands\Server\rewrite.php(45): require_once('C:\\xampp\\htdocs...')
#10 {main}
CRITICAL - 2021-03-24 11:46:41 --> Undefined index: id
#0 C:\xampp\htdocs\ci4_pengaduan\app\Views\user\pengaduan\ubah_pengaduan.php(76): CodeIgniter\Debug\Exceptions->errorHandler(8, 'Undefined index...', 'C:\\xampp\\htdocs...', 76, Array)
#1 C:\xampp\htdocs\ci4_pengaduan\vendor\codeigniter4\framework\system\View\View.php(220): include('C:\\xampp\\htdocs...')
#2 C:\xampp\htdocs\ci4_pengaduan\vendor\codeigniter4\framework\system\View\View.php(222): CodeIgniter\View\View->CodeIgniter\View\{closure}()
#3 C:\xampp\htdocs\ci4_pengaduan\vendor\codeigniter4\framework\system\Common.php(1217): CodeIgniter\View\View->render('user/pengaduan/...', Array, true)
#4 C:\xampp\htdocs\ci4_pengaduan\app\Controllers\Pengaduan.php(165): view('user/pengaduan/...', Array)
#5 C:\xampp\htdocs\ci4_pengaduan\vendor\codeigniter4\framework\system\CodeIgniter.php(936): App\Controllers\Pengaduan->ubah('1')
#6 C:\xampp\htdocs\ci4_pengaduan\vendor\codeigniter4\framework\system\CodeIgniter.php(432): CodeIgniter\CodeIgniter->runController(Object(App\Controllers\Pengaduan))
#7 C:\xampp\htdocs\ci4_pengaduan\vendor\codeigniter4\framework\system\CodeIgniter.php(333): CodeIgniter\CodeIgniter->handleRequest(NULL, Object(Config\Cache), false)
#8 C:\xampp\htdocs\ci4_pengaduan\public\index.php(44): CodeIgniter\CodeIgniter->run()
#9 C:\xampp\htdocs\ci4_pengaduan\vendor\codeigniter4\framework\system\Commands\Server\rewrite.php(45): require_once('C:\\xampp\\htdocs...')
#10 {main}
CRITICAL - 2021-03-24 11:48:43 --> Undefined index: id
#0 C:\xampp\htdocs\ci4_pengaduan\app\Views\user\pengaduan\ubah_pengaduan.php(73): CodeIgniter\Debug\Exceptions->errorHandler(8, 'Undefined index...', 'C:\\xampp\\htdocs...', 73, Array)
#1 C:\xampp\htdocs\ci4_pengaduan\vendor\codeigniter4\framework\system\View\View.php(220): include('C:\\xampp\\htdocs...')
#2 C:\xampp\htdocs\ci4_pengaduan\vendor\codeigniter4\framework\system\View\View.php(222): CodeIgniter\View\View->CodeIgniter\View\{closure}()
#3 C:\xampp\htdocs\ci4_pengaduan\vendor\codeigniter4\framework\system\Common.php(1217): CodeIgniter\View\View->render('user/pengaduan/...', Array, true)
#4 C:\xampp\htdocs\ci4_pengaduan\app\Controllers\Pengaduan.php(165): view('user/pengaduan/...', Array)
#5 C:\xampp\htdocs\ci4_pengaduan\vendor\codeigniter4\framework\system\CodeIgniter.php(936): App\Controllers\Pengaduan->ubah('1')
#6 C:\xampp\htdocs\ci4_pengaduan\vendor\codeigniter4\framework\system\CodeIgniter.php(432): CodeIgniter\CodeIgniter->runController(Object(App\Controllers\Pengaduan))
#7 C:\xampp\htdocs\ci4_pengaduan\vendor\codeigniter4\framework\system\CodeIgniter.php(333): CodeIgniter\CodeIgniter->handleRequest(NULL, Object(Config\Cache), false)
#8 C:\xampp\htdocs\ci4_pengaduan\public\index.php(44): CodeIgniter\CodeIgniter->run()
#9 C:\xampp\htdocs\ci4_pengaduan\vendor\codeigniter4\framework\system\Commands\Server\rewrite.php(45): require_once('C:\\xampp\\htdocs...')
#10 {main}
CRITICAL - 2021-03-24 11:49:41 --> Undefined index: id
#0 C:\xampp\htdocs\ci4_pengaduan\app\Controllers\Pengaduan.php(165): CodeIgniter\Debug\Exceptions->errorHandler(8, 'Undefined index...', 'C:\\xampp\\htdocs...', 165, Array)
#1 C:\xampp\htdocs\ci4_pengaduan\vendor\codeigniter4\framework\system\CodeIgniter.php(936): App\Controllers\Pengaduan->ubah('1')
#2 C:\xampp\htdocs\ci4_pengaduan\vendor\codeigniter4\framework\system\CodeIgniter.php(432): CodeIgniter\CodeIgniter->runController(Object(App\Controllers\Pengaduan))
#3 C:\xampp\htdocs\ci4_pengaduan\vendor\codeigniter4\framework\system\CodeIgniter.php(333): CodeIgniter\CodeIgniter->handleRequest(NULL, Object(Config\Cache), false)
#4 C:\xampp\htdocs\ci4_pengaduan\public\index.php(44): CodeIgniter\CodeIgniter->run()
#5 C:\xampp\htdocs\ci4_pengaduan\vendor\codeigniter4\framework\system\Commands\Server\rewrite.php(45): require_once('C:\\xampp\\htdocs...')
#6 {main}
CRITICAL - 2021-03-24 11:49:47 --> Cannot use object of type stdClass as array
#0 C:\xampp\htdocs\ci4_pengaduan\vendor\codeigniter4\framework\system\CodeIgniter.php(936): App\Controllers\Pengaduan->ubah('1')
#1 C:\xampp\htdocs\ci4_pengaduan\vendor\codeigniter4\framework\system\CodeIgniter.php(432): CodeIgniter\CodeIgniter->runController(Object(App\Controllers\Pengaduan))
#2 C:\xampp\htdocs\ci4_pengaduan\vendor\codeigniter4\framework\system\CodeIgniter.php(333): CodeIgniter\CodeIgniter->handleRequest(NULL, Object(Config\Cache), false)
#3 C:\xampp\htdocs\ci4_pengaduan\public\index.php(44): CodeIgniter\CodeIgniter->run()
#4 C:\xampp\htdocs\ci4_pengaduan\vendor\codeigniter4\framework\system\Commands\Server\rewrite.php(45): require_once('C:\\xampp\\htdocs...')
#5 {main}
CRITICAL - 2021-03-24 11:49:55 --> Trying to get property 'id' of non-object
#0 C:\xampp\htdocs\ci4_pengaduan\app\Controllers\Pengaduan.php(165): CodeIgniter\Debug\Exceptions->errorHandler(8, 'Trying to get p...', 'C:\\xampp\\htdocs...', 165, Array)
#1 C:\xampp\htdocs\ci4_pengaduan\vendor\codeigniter4\framework\system\CodeIgniter.php(936): App\Controllers\Pengaduan->ubah('1')
#2 C:\xampp\htdocs\ci4_pengaduan\vendor\codeigniter4\framework\system\CodeIgniter.php(432): CodeIgniter\CodeIgniter->runController(Object(App\Controllers\Pengaduan))
#3 C:\xampp\htdocs\ci4_pengaduan\vendor\codeigniter4\framework\system\CodeIgniter.php(333): CodeIgniter\CodeIgniter->handleRequest(NULL, Object(Config\Cache), false)
#4 C:\xampp\htdocs\ci4_pengaduan\public\index.php(44): CodeIgniter\CodeIgniter->run()
#5 C:\xampp\htdocs\ci4_pengaduan\vendor\codeigniter4\framework\system\Commands\Server\rewrite.php(45): require_once('C:\\xampp\\htdocs...')
#6 {main}
CRITICAL - 2021-03-24 11:50:28 --> Undefined index: id
#0 C:\xampp\htdocs\ci4_pengaduan\app\Controllers\Pengaduan.php(165): CodeIgniter\Debug\Exceptions->errorHandler(8, 'Undefined index...', 'C:\\xampp\\htdocs...', 165, Array)
#1 C:\xampp\htdocs\ci4_pengaduan\vendor\codeigniter4\framework\system\CodeIgniter.php(936): App\Controllers\Pengaduan->ubah('1')
#2 C:\xampp\htdocs\ci4_pengaduan\vendor\codeigniter4\framework\system\CodeIgniter.php(432): CodeIgniter\CodeIgniter->runController(Object(App\Controllers\Pengaduan))
#3 C:\xampp\htdocs\ci4_pengaduan\vendor\codeigniter4\framework\system\CodeIgniter.php(333): CodeIgniter\CodeIgniter->handleRequest(NULL, Object(Config\Cache), false)
#4 C:\xampp\htdocs\ci4_pengaduan\public\index.php(44): CodeIgniter\CodeIgniter->run()
#5 C:\xampp\htdocs\ci4_pengaduan\vendor\codeigniter4\framework\system\Commands\Server\rewrite.php(45): require_once('C:\\xampp\\htdocs...')
#6 {main}
CRITICAL - 2021-03-24 11:50:35 --> Trying to get property 'id' of non-object
#0 C:\xampp\htdocs\ci4_pengaduan\app\Controllers\Pengaduan.php(165): CodeIgniter\Debug\Exceptions->errorHandler(8, 'Trying to get p...', 'C:\\xampp\\htdocs...', 165, Array)
#1 C:\xampp\htdocs\ci4_pengaduan\vendor\codeigniter4\framework\system\CodeIgniter.php(936): App\Controllers\Pengaduan->ubah('1')
#2 C:\xampp\htdocs\ci4_pengaduan\vendor\codeigniter4\framework\system\CodeIgniter.php(432): CodeIgniter\CodeIgniter->runController(Object(App\Controllers\Pengaduan))
#3 C:\xampp\htdocs\ci4_pengaduan\vendor\codeigniter4\framework\system\CodeIgniter.php(333): CodeIgniter\CodeIgniter->handleRequest(NULL, Object(Config\Cache), false)
#4 C:\xampp\htdocs\ci4_pengaduan\public\index.php(44): CodeIgniter\CodeIgniter->run()
#5 C:\xampp\htdocs\ci4_pengaduan\vendor\codeigniter4\framework\system\Commands\Server\rewrite.php(45): require_once('C:\\xampp\\htdocs...')
#6 {main}
CRITICAL - 2021-03-24 11:50:40 --> Cannot use object of type stdClass as array
#0 C:\xampp\htdocs\ci4_pengaduan\vendor\codeigniter4\framework\system\CodeIgniter.php(936): App\Controllers\Pengaduan->ubah('1')
#1 C:\xampp\htdocs\ci4_pengaduan\vendor\codeigniter4\framework\system\CodeIgniter.php(432): CodeIgniter\CodeIgniter->runController(Object(App\Controllers\Pengaduan))
#2 C:\xampp\htdocs\ci4_pengaduan\vendor\codeigniter4\framework\system\CodeIgniter.php(333): CodeIgniter\CodeIgniter->handleRequest(NULL, Object(Config\Cache), false)
#3 C:\xampp\htdocs\ci4_pengaduan\public\index.php(44): CodeIgniter\CodeIgniter->run()
#4 C:\xampp\htdocs\ci4_pengaduan\vendor\codeigniter4\framework\system\Commands\Server\rewrite.php(45): require_once('C:\\xampp\\htdocs...')
#5 {main}
CRITICAL - 2021-03-24 11:50:47 --> Undefined index: id
#0 C:\xampp\htdocs\ci4_pengaduan\app\Controllers\Pengaduan.php(165): CodeIgniter\Debug\Exceptions->errorHandler(8, 'Undefined index...', 'C:\\xampp\\htdocs...', 165, Array)
#1 C:\xampp\htdocs\ci4_pengaduan\vendor\codeigniter4\framework\system\CodeIgniter.php(936): App\Controllers\Pengaduan->ubah('1')
#2 C:\xampp\htdocs\ci4_pengaduan\vendor\codeigniter4\framework\system\CodeIgniter.php(432): CodeIgniter\CodeIgniter->runController(Object(App\Controllers\Pengaduan))
#3 C:\xampp\htdocs\ci4_pengaduan\vendor\codeigniter4\framework\system\CodeIgniter.php(333): CodeIgniter\CodeIgniter->handleRequest(NULL, Object(Config\Cache), false)
#4 C:\xampp\htdocs\ci4_pengaduan\public\index.php(44): CodeIgniter\CodeIgniter->run()
#5 C:\xampp\htdocs\ci4_pengaduan\vendor\codeigniter4\framework\system\Commands\Server\rewrite.php(45): require_once('C:\\xampp\\htdocs...')
#6 {main}
CRITICAL - 2021-03-24 11:50:51 --> Undefined index: id
#0 C:\xampp\htdocs\ci4_pengaduan\app\Controllers\Pengaduan.php(165): CodeIgniter\Debug\Exceptions->errorHandler(8, 'Undefined index...', 'C:\\xampp\\htdocs...', 165, Array)
#1 C:\xampp\htdocs\ci4_pengaduan\vendor\codeigniter4\framework\system\CodeIgniter.php(936): App\Controllers\Pengaduan->ubah('1')
#2 C:\xampp\htdocs\ci4_pengaduan\vendor\codeigniter4\framework\system\CodeIgniter.php(432): CodeIgniter\CodeIgniter->runController(Object(App\Controllers\Pengaduan))
#3 C:\xampp\htdocs\ci4_pengaduan\vendor\codeigniter4\framework\system\CodeIgniter.php(333): CodeIgniter\CodeIgniter->handleRequest(NULL, Object(Config\Cache), false)
#4 C:\xampp\htdocs\ci4_pengaduan\public\index.php(44): CodeIgniter\CodeIgniter->run()
#5 C:\xampp\htdocs\ci4_pengaduan\vendor\codeigniter4\framework\system\Commands\Server\rewrite.php(45): require_once('C:\\xampp\\htdocs...')
#6 {main}
CRITICAL - 2021-03-24 11:51:17 --> Undefined index: pengaduan_id
#0 C:\xampp\htdocs\ci4_pengaduan\app\Controllers\Pengaduan.php(165): CodeIgniter\Debug\Exceptions->errorHandler(8, 'Undefined index...', 'C:\\xampp\\htdocs...', 165, Array)
#1 C:\xampp\htdocs\ci4_pengaduan\vendor\codeigniter4\framework\system\CodeIgniter.php(936): App\Controllers\Pengaduan->ubah('1')
#2 C:\xampp\htdocs\ci4_pengaduan\vendor\codeigniter4\framework\system\CodeIgniter.php(432): CodeIgniter\CodeIgniter->runController(Object(App\Controllers\Pengaduan))
#3 C:\xampp\htdocs\ci4_pengaduan\vendor\codeigniter4\framework\system\CodeIgniter.php(333): CodeIgniter\CodeIgniter->handleRequest(NULL, Object(Config\Cache), false)
#4 C:\xampp\htdocs\ci4_pengaduan\public\index.php(44): CodeIgniter\CodeIgniter->run()
#5 C:\xampp\htdocs\ci4_pengaduan\vendor\codeigniter4\framework\system\Commands\Server\rewrite.php(45): require_once('C:\\xampp\\htdocs...')
#6 {main}
CRITICAL - 2021-03-24 11:53:09 --> Undefined index: pengaduan_id
#0 C:\xampp\htdocs\ci4_pengaduan\app\Controllers\Pengaduan.php(165): CodeIgniter\Debug\Exceptions->errorHandler(8, 'Undefined index...', 'C:\\xampp\\htdocs...', 165, Array)
#1 C:\xampp\htdocs\ci4_pengaduan\vendor\codeigniter4\framework\system\CodeIgniter.php(936): App\Controllers\Pengaduan->ubah('1')
#2 C:\xampp\htdocs\ci4_pengaduan\vendor\codeigniter4\framework\system\CodeIgniter.php(432): CodeIgniter\CodeIgniter->runController(Object(App\Controllers\Pengaduan))
#3 C:\xampp\htdocs\ci4_pengaduan\vendor\codeigniter4\framework\system\CodeIgniter.php(333): CodeIgniter\CodeIgniter->handleRequest(NULL, Object(Config\Cache), false)
#4 C:\xampp\htdocs\ci4_pengaduan\public\index.php(44): CodeIgniter\CodeIgniter->run()
#5 C:\xampp\htdocs\ci4_pengaduan\vendor\codeigniter4\framework\system\Commands\Server\rewrite.php(45): require_once('C:\\xampp\\htdocs...')
#6 {main}
CRITICAL - 2021-03-24 11:53:09 --> Undefined index: pengaduan_id
#0 C:\xampp\htdocs\ci4_pengaduan\app\Controllers\Pengaduan.php(165): CodeIgniter\Debug\Exceptions->errorHandler(8, 'Undefined index...', 'C:\\xampp\\htdocs...', 165, Array)
#1 C:\xampp\htdocs\ci4_pengaduan\vendor\codeigniter4\framework\system\CodeIgniter.php(936): App\Controllers\Pengaduan->ubah('1')
#2 C:\xampp\htdocs\ci4_pengaduan\vendor\codeigniter4\framework\system\CodeIgniter.php(432): CodeIgniter\CodeIgniter->runController(Object(App\Controllers\Pengaduan))
#3 C:\xampp\htdocs\ci4_pengaduan\vendor\codeigniter4\framework\system\CodeIgniter.php(333): CodeIgniter\CodeIgniter->handleRequest(NULL, Object(Config\Cache), false)
#4 C:\xampp\htdocs\ci4_pengaduan\public\index.php(44): CodeIgniter\CodeIgniter->run()
#5 C:\xampp\htdocs\ci4_pengaduan\vendor\codeigniter4\framework\system\Commands\Server\rewrite.php(45): require_once('C:\\xampp\\htdocs...')
#6 {main}
CRITICAL - 2021-03-24 11:53:10 --> Undefined index: pengaduan_id
#0 C:\xampp\htdocs\ci4_pengaduan\app\Controllers\Pengaduan.php(165): CodeIgniter\Debug\Exceptions->errorHandler(8, 'Undefined index...', 'C:\\xampp\\htdocs...', 165, Array)
#1 C:\xampp\htdocs\ci4_pengaduan\vendor\codeigniter4\framework\system\CodeIgniter.php(936): App\Controllers\Pengaduan->ubah('1')
#2 C:\xampp\htdocs\ci4_pengaduan\vendor\codeigniter4\framework\system\CodeIgniter.php(432): CodeIgniter\CodeIgniter->runController(Object(App\Controllers\Pengaduan))
#3 C:\xampp\htdocs\ci4_pengaduan\vendor\codeigniter4\framework\system\CodeIgniter.php(333): CodeIgniter\CodeIgniter->handleRequest(NULL, Object(Config\Cache), false)
#4 C:\xampp\htdocs\ci4_pengaduan\public\index.php(44): CodeIgniter\CodeIgniter->run()
#5 C:\xampp\htdocs\ci4_pengaduan\vendor\codeigniter4\framework\system\Commands\Server\rewrite.php(45): require_once('C:\\xampp\\htdocs...')
#6 {main}
CRITICAL - 2021-03-24 11:53:10 --> Undefined index: pengaduan_id
#0 C:\xampp\htdocs\ci4_pengaduan\app\Controllers\Pengaduan.php(165): CodeIgniter\Debug\Exceptions->errorHandler(8, 'Undefined index...', 'C:\\xampp\\htdocs...', 165, Array)
#1 C:\xampp\htdocs\ci4_pengaduan\vendor\codeigniter4\framework\system\CodeIgniter.php(936): App\Controllers\Pengaduan->ubah('1')
#2 C:\xampp\htdocs\ci4_pengaduan\vendor\codeigniter4\framework\system\CodeIgniter.php(432): CodeIgniter\CodeIgniter->runController(Object(App\Controllers\Pengaduan))
#3 C:\xampp\htdocs\ci4_pengaduan\vendor\codeigniter4\framework\system\CodeIgniter.php(333): CodeIgniter\CodeIgniter->handleRequest(NULL, Object(Config\Cache), false)
#4 C:\xampp\htdocs\ci4_pengaduan\public\index.php(44): CodeIgniter\CodeIgniter->run()
#5 C:\xampp\htdocs\ci4_pengaduan\vendor\codeigniter4\framework\system\Commands\Server\rewrite.php(45): require_once('C:\\xampp\\htdocs...')
#6 {main}
CRITICAL - 2021-03-24 11:53:42 --> Undefined offset: 0
#0 C:\xampp\htdocs\ci4_pengaduan\app\Controllers\Pengaduan.php(165): CodeIgniter\Debug\Exceptions->errorHandler(8, 'Undefined offse...', 'C:\\xampp\\htdocs...', 165, Array)
#1 C:\xampp\htdocs\ci4_pengaduan\vendor\codeigniter4\framework\system\CodeIgniter.php(936): App\Controllers\Pengaduan->ubah('1')
#2 C:\xampp\htdocs\ci4_pengaduan\vendor\codeigniter4\framework\system\CodeIgniter.php(432): CodeIgniter\CodeIgniter->runController(Object(App\Controllers\Pengaduan))
#3 C:\xampp\htdocs\ci4_pengaduan\vendor\codeigniter4\framework\system\CodeIgniter.php(333): CodeIgniter\CodeIgniter->handleRequest(NULL, Object(Config\Cache), false)
#4 C:\xampp\htdocs\ci4_pengaduan\public\index.php(44): CodeIgniter\CodeIgniter->run()
#5 C:\xampp\htdocs\ci4_pengaduan\vendor\codeigniter4\framework\system\Commands\Server\rewrite.php(45): require_once('C:\\xampp\\htdocs...')
#6 {main}
CRITICAL - 2021-03-24 11:53:49 --> Undefined offset: 0
#0 C:\xampp\htdocs\ci4_pengaduan\app\Controllers\Pengaduan.php(165): CodeIgniter\Debug\Exceptions->errorHandler(8, 'Undefined offse...', 'C:\\xampp\\htdocs...', 165, Array)
#1 C:\xampp\htdocs\ci4_pengaduan\vendor\codeigniter4\framework\system\CodeIgniter.php(936): App\Controllers\Pengaduan->ubah('2')
#2 C:\xampp\htdocs\ci4_pengaduan\vendor\codeigniter4\framework\system\CodeIgniter.php(432): CodeIgniter\CodeIgniter->runController(Object(App\Controllers\Pengaduan))
#3 C:\xampp\htdocs\ci4_pengaduan\vendor\codeigniter4\framework\system\CodeIgniter.php(333): CodeIgniter\CodeIgniter->handleRequest(NULL, Object(Config\Cache), false)
#4 C:\xampp\htdocs\ci4_pengaduan\public\index.php(44): CodeIgniter\CodeIgniter->run()
#5 C:\xampp\htdocs\ci4_pengaduan\vendor\codeigniter4\framework\system\Commands\Server\rewrite.php(45): require_once('C:\\xampp\\htdocs...')
#6 {main}
CRITICAL - 2021-03-24 11:54:09 --> Undefined offset: 0
#0 C:\xampp\htdocs\ci4_pengaduan\app\Controllers\Pengaduan.php(165): CodeIgniter\Debug\Exceptions->errorHandler(8, 'Undefined offse...', 'C:\\xampp\\htdocs...', 165, Array)
#1 C:\xampp\htdocs\ci4_pengaduan\vendor\codeigniter4\framework\system\CodeIgniter.php(936): App\Controllers\Pengaduan->ubah('2')
#2 C:\xampp\htdocs\ci4_pengaduan\vendor\codeigniter4\framework\system\CodeIgniter.php(432): CodeIgniter\CodeIgniter->runController(Object(App\Controllers\Pengaduan))
#3 C:\xampp\htdocs\ci4_pengaduan\vendor\codeigniter4\framework\system\CodeIgniter.php(333): CodeIgniter\CodeIgniter->handleRequest(NULL, Object(Config\Cache), false)
#4 C:\xampp\htdocs\ci4_pengaduan\public\index.php(44): CodeIgniter\CodeIgniter->run()
#5 C:\xampp\htdocs\ci4_pengaduan\vendor\codeigniter4\framework\system\Commands\Server\rewrite.php(45): require_once('C:\\xampp\\htdocs...')
#6 {main}
CRITICAL - 2021-03-24 11:54:13 --> Undefined offset: 0
#0 C:\xampp\htdocs\ci4_pengaduan\app\Controllers\Pengaduan.php(165): CodeIgniter\Debug\Exceptions->errorHandler(8, 'Undefined offse...', 'C:\\xampp\\htdocs...', 165, Array)
#1 C:\xampp\htdocs\ci4_pengaduan\vendor\codeigniter4\framework\system\CodeIgniter.php(936): App\Controllers\Pengaduan->ubah('2')
#2 C:\xampp\htdocs\ci4_pengaduan\vendor\codeigniter4\framework\system\CodeIgniter.php(432): CodeIgniter\CodeIgniter->runController(Object(App\Controllers\Pengaduan))
#3 C:\xampp\htdocs\ci4_pengaduan\vendor\codeigniter4\framework\system\CodeIgniter.php(333): CodeIgniter\CodeIgniter->handleRequest(NULL, Object(Config\Cache), false)
#4 C:\xampp\htdocs\ci4_pengaduan\public\index.php(44): CodeIgniter\CodeIgniter->run()
#5 C:\xampp\htdocs\ci4_pengaduan\vendor\codeigniter4\framework\system\Commands\Server\rewrite.php(45): require_once('C:\\xampp\\htdocs...')
#6 {main}
CRITICAL - 2021-03-24 11:55:06 --> Trying to get property 'img_satu' of non-object
#0 C:\xampp\htdocs\ci4_pengaduan\app\Views\user\pengaduan\detail.php(64): CodeIgniter\Debug\Exceptions->errorHandler(8, 'Trying to get p...', 'C:\\xampp\\htdocs...', 64, Array)
#1 C:\xampp\htdocs\ci4_pengaduan\vendor\codeigniter4\framework\system\View\View.php(220): include('C:\\xampp\\htdocs...')
#2 C:\xampp\htdocs\ci4_pengaduan\vendor\codeigniter4\framework\system\View\View.php(222): CodeIgniter\View\View->CodeIgniter\View\{closure}()
#3 C:\xampp\htdocs\ci4_pengaduan\vendor\codeigniter4\framework\system\Common.php(1217): CodeIgniter\View\View->render('user/pengaduan/...', Array, true)
#4 C:\xampp\htdocs\ci4_pengaduan\app\Controllers\Pengaduan.php(153): view('user/pengaduan/...', Array)
#5 C:\xampp\htdocs\ci4_pengaduan\vendor\codeigniter4\framework\system\CodeIgniter.php(936): App\Controllers\Pengaduan->detail('31')
#6 C:\xampp\htdocs\ci4_pengaduan\vendor\codeigniter4\framework\system\CodeIgniter.php(432): CodeIgniter\CodeIgniter->runController(Object(App\Controllers\Pengaduan))
#7 C:\xampp\htdocs\ci4_pengaduan\vendor\codeigniter4\framework\system\CodeIgniter.php(333): CodeIgniter\CodeIgniter->handleRequest(NULL, Object(Config\Cache), false)
#8 C:\xampp\htdocs\ci4_pengaduan\public\index.php(44): CodeIgniter\CodeIgniter->run()
#9 C:\xampp\htdocs\ci4_pengaduan\vendor\codeigniter4\framework\system\Commands\Server\rewrite.php(45): require_once('C:\\xampp\\htdocs...')
#10 {main}
CRITICAL - 2021-03-24 11:55:24 --> Trying to get property 'img_satu' of non-object
#0 C:\xampp\htdocs\ci4_pengaduan\app\Views\user\pengaduan\detail.php(64): CodeIgniter\Debug\Exceptions->errorHandler(8, 'Trying to get p...', 'C:\\xampp\\htdocs...', 64, Array)
#1 C:\xampp\htdocs\ci4_pengaduan\vendor\codeigniter4\framework\system\View\View.php(220): include('C:\\xampp\\htdocs...')
#2 C:\xampp\htdocs\ci4_pengaduan\vendor\codeigniter4\framework\system\View\View.php(222): CodeIgniter\View\View->CodeIgniter\View\{closure}()
#3 C:\xampp\htdocs\ci4_pengaduan\vendor\codeigniter4\framework\system\Common.php(1217): CodeIgniter\View\View->render('user/pengaduan/...', Array, true)
#4 C:\xampp\htdocs\ci4_pengaduan\app\Controllers\Pengaduan.php(153): view('user/pengaduan/...', Array)
#5 C:\xampp\htdocs\ci4_pengaduan\vendor\codeigniter4\framework\system\CodeIgniter.php(936): App\Controllers\Pengaduan->detail('31')
#6 C:\xampp\htdocs\ci4_pengaduan\vendor\codeigniter4\framework\system\CodeIgniter.php(432): CodeIgniter\CodeIgniter->runController(Object(App\Controllers\Pengaduan))
#7 C:\xampp\htdocs\ci4_pengaduan\vendor\codeigniter4\framework\system\CodeIgniter.php(333): CodeIgniter\CodeIgniter->handleRequest(NULL, Object(Config\Cache), false)
#8 C:\xampp\htdocs\ci4_pengaduan\public\index.php(44): CodeIgniter\CodeIgniter->run()
#9 C:\xampp\htdocs\ci4_pengaduan\vendor\codeigniter4\framework\system\Commands\Server\rewrite.php(45): require_once('C:\\xampp\\htdocs...')
#10 {main}
CRITICAL - 2021-03-24 11:55:49 --> Trying to get property 'img_satu' of non-object
#0 C:\xampp\htdocs\ci4_pengaduan\app\Views\user\pengaduan\detail.php(64): CodeIgniter\Debug\Exceptions->errorHandler(8, 'Trying to get p...', 'C:\\xampp\\htdocs...', 64, Array)
#1 C:\xampp\htdocs\ci4_pengaduan\vendor\codeigniter4\framework\system\View\View.php(220): include('C:\\xampp\\htdocs...')
#2 C:\xampp\htdocs\ci4_pengaduan\vendor\codeigniter4\framework\system\View\View.php(222): CodeIgniter\View\View->CodeIgniter\View\{closure}()
#3 C:\xampp\htdocs\ci4_pengaduan\vendor\codeigniter4\framework\system\Common.php(1217): CodeIgniter\View\View->render('user/pengaduan/...', Array, true)
#4 C:\xampp\htdocs\ci4_pengaduan\app\Controllers\Pengaduan.php(153): view('user/pengaduan/...', Array)
#5 C:\xampp\htdocs\ci4_pengaduan\vendor\codeigniter4\framework\system\CodeIgniter.php(936): App\Controllers\Pengaduan->detail('31')
#6 C:\xampp\htdocs\ci4_pengaduan\vendor\codeigniter4\framework\system\CodeIgniter.php(432): CodeIgniter\CodeIgniter->runController(Object(App\Controllers\Pengaduan))
#7 C:\xampp\htdocs\ci4_pengaduan\vendor\codeigniter4\framework\system\CodeIgniter.php(333): CodeIgniter\CodeIgniter->handleRequest(NULL, Object(Config\Cache), false)
#8 C:\xampp\htdocs\ci4_pengaduan\public\index.php(44): CodeIgniter\CodeIgniter->run()
#9 C:\xampp\htdocs\ci4_pengaduan\vendor\codeigniter4\framework\system\Commands\Server\rewrite.php(45): require_once('C:\\xampp\\htdocs...')
#10 {main}
CRITICAL - 2021-03-24 11:55:52 --> Trying to get property 'img_satu' of non-object
#0 C:\xampp\htdocs\ci4_pengaduan\app\Views\user\pengaduan\detail.php(64): CodeIgniter\Debug\Exceptions->errorHandler(8, 'Trying to get p...', 'C:\\xampp\\htdocs...', 64, Array)
#1 C:\xampp\htdocs\ci4_pengaduan\vendor\codeigniter4\framework\system\View\View.php(220): include('C:\\xampp\\htdocs...')
#2 C:\xampp\htdocs\ci4_pengaduan\vendor\codeigniter4\framework\system\View\View.php(222): CodeIgniter\View\View->CodeIgniter\View\{closure}()
#3 C:\xampp\htdocs\ci4_pengaduan\vendor\codeigniter4\framework\system\Common.php(1217): CodeIgniter\View\View->render('user/pengaduan/...', Array, true)
#4 C:\xampp\htdocs\ci4_pengaduan\app\Controllers\Pengaduan.php(153): view('user/pengaduan/...', Array)
#5 C:\xampp\htdocs\ci4_pengaduan\vendor\codeigniter4\framework\system\CodeIgniter.php(936): App\Controllers\Pengaduan->detail('31')
#6 C:\xampp\htdocs\ci4_pengaduan\vendor\codeigniter4\framework\system\CodeIgniter.php(432): CodeIgniter\CodeIgniter->runController(Object(App\Controllers\Pengaduan))
#7 C:\xampp\htdocs\ci4_pengaduan\vendor\codeigniter4\framework\system\CodeIgniter.php(333): CodeIgniter\CodeIgniter->handleRequest(NULL, Object(Config\Cache), false)
#8 C:\xampp\htdocs\ci4_pengaduan\public\index.php(44): CodeIgniter\CodeIgniter->run()
#9 C:\xampp\htdocs\ci4_pengaduan\vendor\codeigniter4\framework\system\Commands\Server\rewrite.php(45): require_once('C:\\xampp\\htdocs...')
#10 {main}
CRITICAL - 2021-03-24 11:56:04 --> Trying to get property 'img_satu' of non-object
#0 C:\xampp\htdocs\ci4_pengaduan\app\Views\user\pengaduan\detail.php(64): CodeIgniter\Debug\Exceptions->errorHandler(8, 'Trying to get p...', 'C:\\xampp\\htdocs...', 64, Array)
#1 C:\xampp\htdocs\ci4_pengaduan\vendor\codeigniter4\framework\system\View\View.php(220): include('C:\\xampp\\htdocs...')
#2 C:\xampp\htdocs\ci4_pengaduan\vendor\codeigniter4\framework\system\View\View.php(222): CodeIgniter\View\View->CodeIgniter\View\{closure}()
#3 C:\xampp\htdocs\ci4_pengaduan\vendor\codeigniter4\framework\system\Common.php(1217): CodeIgniter\View\View->render('user/pengaduan/...', Array, true)
#4 C:\xampp\htdocs\ci4_pengaduan\app\Controllers\Pengaduan.php(153): view('user/pengaduan/...', Array)
#5 C:\xampp\htdocs\ci4_pengaduan\vendor\codeigniter4\framework\system\CodeIgniter.php(936): App\Controllers\Pengaduan->detail('31')
#6 C:\xampp\htdocs\ci4_pengaduan\vendor\codeigniter4\framework\system\CodeIgniter.php(432): CodeIgniter\CodeIgniter->runController(Object(App\Controllers\Pengaduan))
#7 C:\xampp\htdocs\ci4_pengaduan\vendor\codeigniter4\framework\system\CodeIgniter.php(333): CodeIgniter\CodeIgniter->handleRequest(NULL, Object(Config\Cache), false)
#8 C:\xampp\htdocs\ci4_pengaduan\public\index.php(44): CodeIgniter\CodeIgniter->run()
#9 C:\xampp\htdocs\ci4_pengaduan\vendor\codeigniter4\framework\system\Commands\Server\rewrite.php(45): require_once('C:\\xampp\\htdocs...')
#10 {main}
CRITICAL - 2021-03-24 11:56:05 --> Trying to get property 'img_satu' of non-object
#0 C:\xampp\htdocs\ci4_pengaduan\app\Views\user\pengaduan\detail.php(64): CodeIgniter\Debug\Exceptions->errorHandler(8, 'Trying to get p...', 'C:\\xampp\\htdocs...', 64, Array)
#1 C:\xampp\htdocs\ci4_pengaduan\vendor\codeigniter4\framework\system\View\View.php(220): include('C:\\xampp\\htdocs...')
#2 C:\xampp\htdocs\ci4_pengaduan\vendor\codeigniter4\framework\system\View\View.php(222): CodeIgniter\View\View->CodeIgniter\View\{closure}()
#3 C:\xampp\htdocs\ci4_pengaduan\vendor\codeigniter4\framework\system\Common.php(1217): CodeIgniter\View\View->render('user/pengaduan/...', Array, true)
#4 C:\xampp\htdocs\ci4_pengaduan\app\Controllers\Pengaduan.php(153): view('user/pengaduan/...', Array)
#5 C:\xampp\htdocs\ci4_pengaduan\vendor\codeigniter4\framework\system\CodeIgniter.php(936): App\Controllers\Pengaduan->detail('31')
#6 C:\xampp\htdocs\ci4_pengaduan\vendor\codeigniter4\framework\system\CodeIgniter.php(432): CodeIgniter\CodeIgniter->runController(Object(App\Controllers\Pengaduan))
#7 C:\xampp\htdocs\ci4_pengaduan\vendor\codeigniter4\framework\system\CodeIgniter.php(333): CodeIgniter\CodeIgniter->handleRequest(NULL, Object(Config\Cache), false)
#8 C:\xampp\htdocs\ci4_pengaduan\public\index.php(44): CodeIgniter\CodeIgniter->run()
#9 C:\xampp\htdocs\ci4_pengaduan\vendor\codeigniter4\framework\system\Commands\Server\rewrite.php(45): require_once('C:\\xampp\\htdocs...')
#10 {main}
CRITICAL - 2021-03-24 11:56:20 --> Trying to get property 'img_satu' of non-object
#0 C:\xampp\htdocs\ci4_pengaduan\app\Views\user\pengaduan\detail.php(64): CodeIgniter\Debug\Exceptions->errorHandler(8, 'Trying to get p...', 'C:\\xampp\\htdocs...', 64, Array)
#1 C:\xampp\htdocs\ci4_pengaduan\vendor\codeigniter4\framework\system\View\View.php(220): include('C:\\xampp\\htdocs...')
#2 C:\xampp\htdocs\ci4_pengaduan\vendor\codeigniter4\framework\system\View\View.php(222): CodeIgniter\View\View->CodeIgniter\View\{closure}()
#3 C:\xampp\htdocs\ci4_pengaduan\vendor\codeigniter4\framework\system\Common.php(1217): CodeIgniter\View\View->render('user/pengaduan/...', Array, true)
#4 C:\xampp\htdocs\ci4_pengaduan\app\Controllers\Pengaduan.php(153): view('user/pengaduan/...', Array)
#5 C:\xampp\htdocs\ci4_pengaduan\vendor\codeigniter4\framework\system\CodeIgniter.php(936): App\Controllers\Pengaduan->detail('31')
#6 C:\xampp\htdocs\ci4_pengaduan\vendor\codeigniter4\framework\system\CodeIgniter.php(432): CodeIgniter\CodeIgniter->runController(Object(App\Controllers\Pengaduan))
#7 C:\xampp\htdocs\ci4_pengaduan\vendor\codeigniter4\framework\system\CodeIgniter.php(333): CodeIgniter\CodeIgniter->handleRequest(NULL, Object(Config\Cache), false)
#8 C:\xampp\htdocs\ci4_pengaduan\public\index.php(44): CodeIgniter\CodeIgniter->run()
#9 C:\xampp\htdocs\ci4_pengaduan\vendor\codeigniter4\framework\system\Commands\Server\rewrite.php(45): require_once('C:\\xampp\\htdocs...')
#10 {main}
CRITICAL - 2021-03-24 11:56:44 --> Trying to get property 'img_satu' of non-object
#0 C:\xampp\htdocs\ci4_pengaduan\app\Views\user\pengaduan\detail.php(64): CodeIgniter\Debug\Exceptions->errorHandler(8, 'Trying to get p...', 'C:\\xampp\\htdocs...', 64, Array)
#1 C:\xampp\htdocs\ci4_pengaduan\vendor\codeigniter4\framework\system\View\View.php(220): include('C:\\xampp\\htdocs...')
#2 C:\xampp\htdocs\ci4_pengaduan\vendor\codeigniter4\framework\system\View\View.php(222): CodeIgniter\View\View->CodeIgniter\View\{closure}()
#3 C:\xampp\htdocs\ci4_pengaduan\vendor\codeigniter4\framework\system\Common.php(1217): CodeIgniter\View\View->render('user/pengaduan/...', Array, true)
#4 C:\xampp\htdocs\ci4_pengaduan\app\Controllers\Pengaduan.php(153): view('user/pengaduan/...', Array)
#5 C:\xampp\htdocs\ci4_pengaduan\vendor\codeigniter4\framework\system\CodeIgniter.php(936): App\Controllers\Pengaduan->detail('31')
#6 C:\xampp\htdocs\ci4_pengaduan\vendor\codeigniter4\framework\system\CodeIgniter.php(432): CodeIgniter\CodeIgniter->runController(Object(App\Controllers\Pengaduan))
#7 C:\xampp\htdocs\ci4_pengaduan\vendor\codeigniter4\framework\system\CodeIgniter.php(333): CodeIgniter\CodeIgniter->handleRequest(NULL, Object(Config\Cache), false)
#8 C:\xampp\htdocs\ci4_pengaduan\public\index.php(44): CodeIgniter\CodeIgniter->run()
#9 C:\xampp\htdocs\ci4_pengaduan\vendor\codeigniter4\framework\system\Commands\Server\rewrite.php(45): require_once('C:\\xampp\\htdocs...')
#10 {main}
CRITICAL - 2021-03-24 11:56:48 --> Trying to get property 'img_satu' of non-object
#0 C:\xampp\htdocs\ci4_pengaduan\app\Views\user\pengaduan\detail.php(64): CodeIgniter\Debug\Exceptions->errorHandler(8, 'Trying to get p...', 'C:\\xampp\\htdocs...', 64, Array)
#1 C:\xampp\htdocs\ci4_pengaduan\vendor\codeigniter4\framework\system\View\View.php(220): include('C:\\xampp\\htdocs...')
#2 C:\xampp\htdocs\ci4_pengaduan\vendor\codeigniter4\framework\system\View\View.php(222): CodeIgniter\View\View->CodeIgniter\View\{closure}()
#3 C:\xampp\htdocs\ci4_pengaduan\vendor\codeigniter4\framework\system\Common.php(1217): CodeIgniter\View\View->render('user/pengaduan/...', Array, true)
#4 C:\xampp\htdocs\ci4_pengaduan\app\Controllers\Pengaduan.php(153): view('user/pengaduan/...', Array)
#5 C:\xampp\htdocs\ci4_pengaduan\vendor\codeigniter4\framework\system\CodeIgniter.php(936): App\Controllers\Pengaduan->detail('31')
#6 C:\xampp\htdocs\ci4_pengaduan\vendor\codeigniter4\framework\system\CodeIgniter.php(432): CodeIgniter\CodeIgniter->runController(Object(App\Controllers\Pengaduan))
#7 C:\xampp\htdocs\ci4_pengaduan\vendor\codeigniter4\framework\system\CodeIgniter.php(333): CodeIgniter\CodeIgniter->handleRequest(NULL, Object(Config\Cache), false)
#8 C:\xampp\htdocs\ci4_pengaduan\public\index.php(44): CodeIgniter\CodeIgniter->run()
#9 C:\xampp\htdocs\ci4_pengaduan\vendor\codeigniter4\framework\system\Commands\Server\rewrite.php(45): require_once('C:\\xampp\\htdocs...')
#10 {main}
CRITICAL - 2021-03-24 11:56:54 --> Trying to get property 'img_satu' of non-object
#0 C:\xampp\htdocs\ci4_pengaduan\app\Views\user\pengaduan\detail.php(64): CodeIgniter\Debug\Exceptions->errorHandler(8, 'Trying to get p...', 'C:\\xampp\\htdocs...', 64, Array)
#1 C:\xampp\htdocs\ci4_pengaduan\vendor\codeigniter4\framework\system\View\View.php(220): include('C:\\xampp\\htdocs...')
#2 C:\xampp\htdocs\ci4_pengaduan\vendor\codeigniter4\framework\system\View\View.php(222): CodeIgniter\View\View->CodeIgniter\View\{closure}()
#3 C:\xampp\htdocs\ci4_pengaduan\vendor\codeigniter4\framework\system\Common.php(1217): CodeIgniter\View\View->render('user/pengaduan/...', Array, true)
#4 C:\xampp\htdocs\ci4_pengaduan\app\Controllers\Pengaduan.php(153): view('user/pengaduan/...', Array)
#5 C:\xampp\htdocs\ci4_pengaduan\vendor\codeigniter4\framework\system\CodeIgniter.php(936): App\Controllers\Pengaduan->detail('31')
#6 C:\xampp\htdocs\ci4_pengaduan\vendor\codeigniter4\framework\system\CodeIgniter.php(432): CodeIgniter\CodeIgniter->runController(Object(App\Controllers\Pengaduan))
#7 C:\xampp\htdocs\ci4_pengaduan\vendor\codeigniter4\framework\system\CodeIgniter.php(333): CodeIgniter\CodeIgniter->handleRequest(NULL, Object(Config\Cache), false)
#8 C:\xampp\htdocs\ci4_pengaduan\public\index.php(44): CodeIgniter\CodeIgniter->run()
#9 C:\xampp\htdocs\ci4_pengaduan\vendor\codeigniter4\framework\system\Commands\Server\rewrite.php(45): require_once('C:\\xampp\\htdocs...')
#10 {main}
CRITICAL - 2021-03-24 11:57:07 --> Trying to get property 'img_satu' of non-object
#0 C:\xampp\htdocs\ci4_pengaduan\app\Views\user\pengaduan\detail.php(64): CodeIgniter\Debug\Exceptions->errorHandler(8, 'Trying to get p...', 'C:\\xampp\\htdocs...', 64, Array)
#1 C:\xampp\htdocs\ci4_pengaduan\vendor\codeigniter4\framework\system\View\View.php(220): include('C:\\xampp\\htdocs...')
#2 C:\xampp\htdocs\ci4_pengaduan\vendor\codeigniter4\framework\system\View\View.php(222): CodeIgniter\View\View->CodeIgniter\View\{closure}()
#3 C:\xampp\htdocs\ci4_pengaduan\vendor\codeigniter4\framework\system\Common.php(1217): CodeIgniter\View\View->render('user/pengaduan/...', Array, true)
#4 C:\xampp\htdocs\ci4_pengaduan\app\Controllers\Pengaduan.php(153): view('user/pengaduan/...', Array)
#5 C:\xampp\htdocs\ci4_pengaduan\vendor\codeigniter4\framework\system\CodeIgniter.php(936): App\Controllers\Pengaduan->detail('31')
#6 C:\xampp\htdocs\ci4_pengaduan\vendor\codeigniter4\framework\system\CodeIgniter.php(432): CodeIgniter\CodeIgniter->runController(Object(App\Controllers\Pengaduan))
#7 C:\xampp\htdocs\ci4_pengaduan\vendor\codeigniter4\framework\system\CodeIgniter.php(333): CodeIgniter\CodeIgniter->handleRequest(NULL, Object(Config\Cache), false)
#8 C:\xampp\htdocs\ci4_pengaduan\public\index.php(44): CodeIgniter\CodeIgniter->run()
#9 C:\xampp\htdocs\ci4_pengaduan\vendor\codeigniter4\framework\system\Commands\Server\rewrite.php(45): require_once('C:\\xampp\\htdocs...')
#10 {main}
CRITICAL - 2021-03-24 11:57:11 --> Trying to get property 'img_satu' of non-object
#0 C:\xampp\htdocs\ci4_pengaduan\app\Views\user\pengaduan\detail.php(64): CodeIgniter\Debug\Exceptions->errorHandler(8, 'Trying to get p...', 'C:\\xampp\\htdocs...', 64, Array)
#1 C:\xampp\htdocs\ci4_pengaduan\vendor\codeigniter4\framework\system\View\View.php(220): include('C:\\xampp\\htdocs...')
#2 C:\xampp\htdocs\ci4_pengaduan\vendor\codeigniter4\framework\system\View\View.php(222): CodeIgniter\View\View->CodeIgniter\View\{closure}()
#3 C:\xampp\htdocs\ci4_pengaduan\vendor\codeigniter4\framework\system\Common.php(1217): CodeIgniter\View\View->render('user/pengaduan/...', Array, true)
#4 C:\xampp\htdocs\ci4_pengaduan\app\Controllers\Pengaduan.php(153): view('user/pengaduan/...', Array)
#5 C:\xampp\htdocs\ci4_pengaduan\vendor\codeigniter4\framework\system\CodeIgniter.php(936): App\Controllers\Pengaduan->detail('31')
#6 C:\xampp\htdocs\ci4_pengaduan\vendor\codeigniter4\framework\system\CodeIgniter.php(432): CodeIgniter\CodeIgniter->runController(Object(App\Controllers\Pengaduan))
#7 C:\xampp\htdocs\ci4_pengaduan\vendor\codeigniter4\framework\system\CodeIgniter.php(333): CodeIgniter\CodeIgniter->handleRequest(NULL, Object(Config\Cache), false)
#8 C:\xampp\htdocs\ci4_pengaduan\public\index.php(44): CodeIgniter\CodeIgniter->run()
#9 C:\xampp\htdocs\ci4_pengaduan\vendor\codeigniter4\framework\system\Commands\Server\rewrite.php(45): require_once('C:\\xampp\\htdocs...')
#10 {main}
CRITICAL - 2021-03-24 11:57:12 --> Trying to get property 'img_satu' of non-object
#0 C:\xampp\htdocs\ci4_pengaduan\app\Views\user\pengaduan\detail.php(64): CodeIgniter\Debug\Exceptions->errorHandler(8, 'Trying to get p...', 'C:\\xampp\\htdocs...', 64, Array)
#1 C:\xampp\htdocs\ci4_pengaduan\vendor\codeigniter4\framework\system\View\View.php(220): include('C:\\xampp\\htdocs...')
#2 C:\xampp\htdocs\ci4_pengaduan\vendor\codeigniter4\framework\system\View\View.php(222): CodeIgniter\View\View->CodeIgniter\View\{closure}()
#3 C:\xampp\htdocs\ci4_pengaduan\vendor\codeigniter4\framework\system\Common.php(1217): CodeIgniter\View\View->render('user/pengaduan/...', Array, true)
#4 C:\xampp\htdocs\ci4_pengaduan\app\Controllers\Pengaduan.php(153): view('user/pengaduan/...', Array)
#5 C:\xampp\htdocs\ci4_pengaduan\vendor\codeigniter4\framework\system\CodeIgniter.php(936): App\Controllers\Pengaduan->detail('31')
#6 C:\xampp\htdocs\ci4_pengaduan\vendor\codeigniter4\framework\system\CodeIgniter.php(432): CodeIgniter\CodeIgniter->runController(Object(App\Controllers\Pengaduan))
#7 C:\xampp\htdocs\ci4_pengaduan\vendor\codeigniter4\framework\system\CodeIgniter.php(333): CodeIgniter\CodeIgniter->handleRequest(NULL, Object(Config\Cache), false)
#8 C:\xampp\htdocs\ci4_pengaduan\public\index.php(44): CodeIgniter\CodeIgniter->run()
#9 C:\xampp\htdocs\ci4_pengaduan\vendor\codeigniter4\framework\system\Commands\Server\rewrite.php(45): require_once('C:\\xampp\\htdocs...')
#10 {main}
CRITICAL - 2021-03-24 11:57:12 --> Trying to get property 'img_satu' of non-object
#0 C:\xampp\htdocs\ci4_pengaduan\app\Views\user\pengaduan\detail.php(64): CodeIgniter\Debug\Exceptions->errorHandler(8, 'Trying to get p...', 'C:\\xampp\\htdocs...', 64, Array)
#1 C:\xampp\htdocs\ci4_pengaduan\vendor\codeigniter4\framework\system\View\View.php(220): include('C:\\xampp\\htdocs...')
#2 C:\xampp\htdocs\ci4_pengaduan\vendor\codeigniter4\framework\system\View\View.php(222): CodeIgniter\View\View->CodeIgniter\View\{closure}()
#3 C:\xampp\htdocs\ci4_pengaduan\vendor\codeigniter4\framework\system\Common.php(1217): CodeIgniter\View\View->render('user/pengaduan/...', Array, true)
#4 C:\xampp\htdocs\ci4_pengaduan\app\Controllers\Pengaduan.php(153): view('user/pengaduan/...', Array)
#5 C:\xampp\htdocs\ci4_pengaduan\vendor\codeigniter4\framework\system\CodeIgniter.php(936): App\Controllers\Pengaduan->detail('31')
#6 C:\xampp\htdocs\ci4_pengaduan\vendor\codeigniter4\framework\system\CodeIgniter.php(432): CodeIgniter\CodeIgniter->runController(Object(App\Controllers\Pengaduan))
#7 C:\xampp\htdocs\ci4_pengaduan\vendor\codeigniter4\framework\system\CodeIgniter.php(333): CodeIgniter\CodeIgniter->handleRequest(NULL, Object(Config\Cache), false)
#8 C:\xampp\htdocs\ci4_pengaduan\public\index.php(44): CodeIgniter\CodeIgniter->run()
#9 C:\xampp\htdocs\ci4_pengaduan\vendor\codeigniter4\framework\system\Commands\Server\rewrite.php(45): require_once('C:\\xampp\\htdocs...')
#10 {main}
CRITICAL - 2021-03-24 11:57:12 --> Trying to get property 'img_satu' of non-object
#0 C:\xampp\htdocs\ci4_pengaduan\app\Views\user\pengaduan\detail.php(64): CodeIgniter\Debug\Exceptions->errorHandler(8, 'Trying to get p...', 'C:\\xampp\\htdocs...', 64, Array)
#1 C:\xampp\htdocs\ci4_pengaduan\vendor\codeigniter4\framework\system\View\View.php(220): include('C:\\xampp\\htdocs...')
#2 C:\xampp\htdocs\ci4_pengaduan\vendor\codeigniter4\framework\system\View\View.php(222): CodeIgniter\View\View->CodeIgniter\View\{closure}()
#3 C:\xampp\htdocs\ci4_pengaduan\vendor\codeigniter4\framework\system\Common.php(1217): CodeIgniter\View\View->render('user/pengaduan/...', Array, true)
#4 C:\xampp\htdocs\ci4_pengaduan\app\Controllers\Pengaduan.php(153): view('user/pengaduan/...', Array)
#5 C:\xampp\htdocs\ci4_pengaduan\vendor\codeigniter4\framework\system\CodeIgniter.php(936): App\Controllers\Pengaduan->detail('31')
#6 C:\xampp\htdocs\ci4_pengaduan\vendor\codeigniter4\framework\system\CodeIgniter.php(432): CodeIgniter\CodeIgniter->runController(Object(App\Controllers\Pengaduan))
#7 C:\xampp\htdocs\ci4_pengaduan\vendor\codeigniter4\framework\system\CodeIgniter.php(333): CodeIgniter\CodeIgniter->handleRequest(NULL, Object(Config\Cache), false)
#8 C:\xampp\htdocs\ci4_pengaduan\public\index.php(44): CodeIgniter\CodeIgniter->run()
#9 C:\xampp\htdocs\ci4_pengaduan\vendor\codeigniter4\framework\system\Commands\Server\rewrite.php(45): require_once('C:\\xampp\\htdocs...')
#10 {main}
CRITICAL - 2021-03-24 11:57:12 --> Trying to get property 'img_satu' of non-object
#0 C:\xampp\htdocs\ci4_pengaduan\app\Views\user\pengaduan\detail.php(64): CodeIgniter\Debug\Exceptions->errorHandler(8, 'Trying to get p...', 'C:\\xampp\\htdocs...', 64, Array)
#1 C:\xampp\htdocs\ci4_pengaduan\vendor\codeigniter4\framework\system\View\View.php(220): include('C:\\xampp\\htdocs...')
#2 C:\xampp\htdocs\ci4_pengaduan\vendor\codeigniter4\framework\system\View\View.php(222): CodeIgniter\View\View->CodeIgniter\View\{closure}()
#3 C:\xampp\htdocs\ci4_pengaduan\vendor\codeigniter4\framework\system\Common.php(1217): CodeIgniter\View\View->render('user/pengaduan/...', Array, true)
#4 C:\xampp\htdocs\ci4_pengaduan\app\Controllers\Pengaduan.php(153): view('user/pengaduan/...', Array)
#5 C:\xampp\htdocs\ci4_pengaduan\vendor\codeigniter4\framework\system\CodeIgniter.php(936): App\Controllers\Pengaduan->detail('31')
#6 C:\xampp\htdocs\ci4_pengaduan\vendor\codeigniter4\framework\system\CodeIgniter.php(432): CodeIgniter\CodeIgniter->runController(Object(App\Controllers\Pengaduan))
#7 C:\xampp\htdocs\ci4_pengaduan\vendor\codeigniter4\framework\system\CodeIgniter.php(333): CodeIgniter\CodeIgniter->handleRequest(NULL, Object(Config\Cache), false)
#8 C:\xampp\htdocs\ci4_pengaduan\public\index.php(44): CodeIgniter\CodeIgniter->run()
#9 C:\xampp\htdocs\ci4_pengaduan\vendor\codeigniter4\framework\system\Commands\Server\rewrite.php(45): require_once('C:\\xampp\\htdocs...')
#10 {main}
CRITICAL - 2021-03-24 11:57:13 --> Trying to get property 'img_satu' of non-object
#0 C:\xampp\htdocs\ci4_pengaduan\app\Views\user\pengaduan\detail.php(64): CodeIgniter\Debug\Exceptions->errorHandler(8, 'Trying to get p...', 'C:\\xampp\\htdocs...', 64, Array)
#1 C:\xampp\htdocs\ci4_pengaduan\vendor\codeigniter4\framework\system\View\View.php(220): include('C:\\xampp\\htdocs...')
#2 C:\xampp\htdocs\ci4_pengaduan\vendor\codeigniter4\framework\system\View\View.php(222): CodeIgniter\View\View->CodeIgniter\View\{closure}()
#3 C:\xampp\htdocs\ci4_pengaduan\vendor\codeigniter4\framework\system\Common.php(1217): CodeIgniter\View\View->render('user/pengaduan/...', Array, true)
#4 C:\xampp\htdocs\ci4_pengaduan\app\Controllers\Pengaduan.php(153): view('user/pengaduan/...', Array)
#5 C:\xampp\htdocs\ci4_pengaduan\vendor\codeigniter4\framework\system\CodeIgniter.php(936): App\Controllers\Pengaduan->detail('31')
#6 C:\xampp\htdocs\ci4_pengaduan\vendor\codeigniter4\framework\system\CodeIgniter.php(432): CodeIgniter\CodeIgniter->runController(Object(App\Controllers\Pengaduan))
#7 C:\xampp\htdocs\ci4_pengaduan\vendor\codeigniter4\framework\system\CodeIgniter.php(333): CodeIgniter\CodeIgniter->handleRequest(NULL, Object(Config\Cache), false)
#8 C:\xampp\htdocs\ci4_pengaduan\public\index.php(44): CodeIgniter\CodeIgniter->run()
#9 C:\xampp\htdocs\ci4_pengaduan\vendor\codeigniter4\framework\system\Commands\Server\rewrite.php(45): require_once('C:\\xampp\\htdocs...')
#10 {main}
CRITICAL - 2021-03-24 11:57:13 --> Trying to get property 'img_satu' of non-object
#0 C:\xampp\htdocs\ci4_pengaduan\app\Views\user\pengaduan\detail.php(64): CodeIgniter\Debug\Exceptions->errorHandler(8, 'Trying to get p...', 'C:\\xampp\\htdocs...', 64, Array)
#1 C:\xampp\htdocs\ci4_pengaduan\vendor\codeigniter4\framework\system\View\View.php(220): include('C:\\xampp\\htdocs...')
#2 C:\xampp\htdocs\ci4_pengaduan\vendor\codeigniter4\framework\system\View\View.php(222): CodeIgniter\View\View->CodeIgniter\View\{closure}()
#3 C:\xampp\htdocs\ci4_pengaduan\vendor\codeigniter4\framework\system\Common.php(1217): CodeIgniter\View\View->render('user/pengaduan/...', Array, true)
#4 C:\xampp\htdocs\ci4_pengaduan\app\Controllers\Pengaduan.php(153): view('user/pengaduan/...', Array)
#5 C:\xampp\htdocs\ci4_pengaduan\vendor\codeigniter4\framework\system\CodeIgniter.php(936): App\Controllers\Pengaduan->detail('31')
#6 C:\xampp\htdocs\ci4_pengaduan\vendor\codeigniter4\framework\system\CodeIgniter.php(432): CodeIgniter\CodeIgniter->runController(Object(App\Controllers\Pengaduan))
#7 C:\xampp\htdocs\ci4_pengaduan\vendor\codeigniter4\framework\system\CodeIgniter.php(333): CodeIgniter\CodeIgniter->handleRequest(NULL, Object(Config\Cache), false)
#8 C:\xampp\htdocs\ci4_pengaduan\public\index.php(44): CodeIgniter\CodeIgniter->run()
#9 C:\xampp\htdocs\ci4_pengaduan\vendor\codeigniter4\framework\system\Commands\Server\rewrite.php(45): require_once('C:\\xampp\\htdocs...')
#10 {main}
CRITICAL - 2021-03-24 11:57:13 --> Trying to get property 'img_satu' of non-object
#0 C:\xampp\htdocs\ci4_pengaduan\app\Views\user\pengaduan\detail.php(64): CodeIgniter\Debug\Exceptions->errorHandler(8, 'Trying to get p...', 'C:\\xampp\\htdocs...', 64, Array)
#1 C:\xampp\htdocs\ci4_pengaduan\vendor\codeigniter4\framework\system\View\View.php(220): include('C:\\xampp\\htdocs...')
#2 C:\xampp\htdocs\ci4_pengaduan\vendor\codeigniter4\framework\system\View\View.php(222): CodeIgniter\View\View->CodeIgniter\View\{closure}()
#3 C:\xampp\htdocs\ci4_pengaduan\vendor\codeigniter4\framework\system\Common.php(1217): CodeIgniter\View\View->render('user/pengaduan/...', Array, true)
#4 C:\xampp\htdocs\ci4_pengaduan\app\Controllers\Pengaduan.php(153): view('user/pengaduan/...', Array)
#5 C:\xampp\htdocs\ci4_pengaduan\vendor\codeigniter4\framework\system\CodeIgniter.php(936): App\Controllers\Pengaduan->detail('31')
#6 C:\xampp\htdocs\ci4_pengaduan\vendor\codeigniter4\framework\system\CodeIgniter.php(432): CodeIgniter\CodeIgniter->runController(Object(App\Controllers\Pengaduan))
#7 C:\xampp\htdocs\ci4_pengaduan\vendor\codeigniter4\framework\system\CodeIgniter.php(333): CodeIgniter\CodeIgniter->handleRequest(NULL, Object(Config\Cache), false)
#8 C:\xampp\htdocs\ci4_pengaduan\public\index.php(44): CodeIgniter\CodeIgniter->run()
#9 C:\xampp\htdocs\ci4_pengaduan\vendor\codeigniter4\framework\system\Commands\Server\rewrite.php(45): require_once('C:\\xampp\\htdocs...')
#10 {main}
CRITICAL - 2021-03-24 11:57:13 --> Trying to get property 'img_satu' of non-object
#0 C:\xampp\htdocs\ci4_pengaduan\app\Views\user\pengaduan\detail.php(64): CodeIgniter\Debug\Exceptions->errorHandler(8, 'Trying to get p...', 'C:\\xampp\\htdocs...', 64, Array)
#1 C:\xampp\htdocs\ci4_pengaduan\vendor\codeigniter4\framework\system\View\View.php(220): include('C:\\xampp\\htdocs...')
#2 C:\xampp\htdocs\ci4_pengaduan\vendor\codeigniter4\framework\system\View\View.php(222): CodeIgniter\View\View->CodeIgniter\View\{closure}()
#3 C:\xampp\htdocs\ci4_pengaduan\vendor\codeigniter4\framework\system\Common.php(1217): CodeIgniter\View\View->render('user/pengaduan/...', Array, true)
#4 C:\xampp\htdocs\ci4_pengaduan\app\Controllers\Pengaduan.php(153): view('user/pengaduan/...', Array)
#5 C:\xampp\htdocs\ci4_pengaduan\vendor\codeigniter4\framework\system\CodeIgniter.php(936): App\Controllers\Pengaduan->detail('31')
#6 C:\xampp\htdocs\ci4_pengaduan\vendor\codeigniter4\framework\system\CodeIgniter.php(432): CodeIgniter\CodeIgniter->runController(Object(App\Controllers\Pengaduan))
#7 C:\xampp\htdocs\ci4_pengaduan\vendor\codeigniter4\framework\system\CodeIgniter.php(333): CodeIgniter\CodeIgniter->handleRequest(NULL, Object(Config\Cache), false)
#8 C:\xampp\htdocs\ci4_pengaduan\public\index.php(44): CodeIgniter\CodeIgniter->run()
#9 C:\xampp\htdocs\ci4_pengaduan\vendor\codeigniter4\framework\system\Commands\Server\rewrite.php(45): require_once('C:\\xampp\\htdocs...')
#10 {main}
CRITICAL - 2021-03-24 11:57:57 --> Trying to get property 'img_dua' of non-object
#0 C:\xampp\htdocs\ci4_pengaduan\app\Views\user\pengaduan\detail.php(65): CodeIgniter\Debug\Exceptions->errorHandler(8, 'Trying to get p...', 'C:\\xampp\\htdocs...', 65, Array)
#1 C:\xampp\htdocs\ci4_pengaduan\vendor\codeigniter4\framework\system\View\View.php(220): include('C:\\xampp\\htdocs...')
#2 C:\xampp\htdocs\ci4_pengaduan\vendor\codeigniter4\framework\system\View\View.php(222): CodeIgniter\View\View->CodeIgniter\View\{closure}()
#3 C:\xampp\htdocs\ci4_pengaduan\vendor\codeigniter4\framework\system\Common.php(1217): CodeIgniter\View\View->render('user/pengaduan/...', Array, true)
#4 C:\xampp\htdocs\ci4_pengaduan\app\Controllers\Pengaduan.php(153): view('user/pengaduan/...', Array)
#5 C:\xampp\htdocs\ci4_pengaduan\vendor\codeigniter4\framework\system\CodeIgniter.php(936): App\Controllers\Pengaduan->detail('31')
#6 C:\xampp\htdocs\ci4_pengaduan\vendor\codeigniter4\framework\system\CodeIgniter.php(432): CodeIgniter\CodeIgniter->runController(Object(App\Controllers\Pengaduan))
#7 C:\xampp\htdocs\ci4_pengaduan\vendor\codeigniter4\framework\system\CodeIgniter.php(333): CodeIgniter\CodeIgniter->handleRequest(NULL, Object(Config\Cache), false)
#8 C:\xampp\htdocs\ci4_pengaduan\public\index.php(44): CodeIgniter\CodeIgniter->run()
#9 C:\xampp\htdocs\ci4_pengaduan\vendor\codeigniter4\framework\system\Commands\Server\rewrite.php(45): require_once('C:\\xampp\\htdocs...')
#10 {main}
CRITICAL - 2021-03-24 11:58:21 --> Trying to get property 'img_tiga' of non-object
#0 C:\xampp\htdocs\ci4_pengaduan\app\Views\user\pengaduan\detail.php(68): CodeIgniter\Debug\Exceptions->errorHandler(8, 'Trying to get p...', 'C:\\xampp\\htdocs...', 68, Array)
#1 C:\xampp\htdocs\ci4_pengaduan\vendor\codeigniter4\framework\system\View\View.php(220): include('C:\\xampp\\htdocs...')
#2 C:\xampp\htdocs\ci4_pengaduan\vendor\codeigniter4\framework\system\View\View.php(222): CodeIgniter\View\View->CodeIgniter\View\{closure}()
#3 C:\xampp\htdocs\ci4_pengaduan\vendor\codeigniter4\framework\system\Common.php(1217): CodeIgniter\View\View->render('user/pengaduan/...', Array, true)
#4 C:\xampp\htdocs\ci4_pengaduan\app\Controllers\Pengaduan.php(153): view('user/pengaduan/...', Array)
#5 C:\xampp\htdocs\ci4_pengaduan\vendor\codeigniter4\framework\system\CodeIgniter.php(936): App\Controllers\Pengaduan->detail('31')
#6 C:\xampp\htdocs\ci4_pengaduan\vendor\codeigniter4\framework\system\CodeIgniter.php(432): CodeIgniter\CodeIgniter->runController(Object(App\Controllers\Pengaduan))
#7 C:\xampp\htdocs\ci4_pengaduan\vendor\codeigniter4\framework\system\CodeIgniter.php(333): CodeIgniter\CodeIgniter->handleRequest(NULL, Object(Config\Cache), false)
#8 C:\xampp\htdocs\ci4_pengaduan\public\index.php(44): CodeIgniter\CodeIgniter->run()
#9 C:\xampp\htdocs\ci4_pengaduan\vendor\codeigniter4\framework\system\Commands\Server\rewrite.php(45): require_once('C:\\xampp\\htdocs...')
#10 {main}
CRITICAL - 2021-03-24 11:59:29 --> Undefined index: id
#0 C:\xampp\htdocs\ci4_pengaduan\app\Views\user\pengaduan\ubah_pengaduan.php(73): CodeIgniter\Debug\Exceptions->errorHandler(8, 'Undefined index...', 'C:\\xampp\\htdocs...', 73, Array)
#1 C:\xampp\htdocs\ci4_pengaduan\vendor\codeigniter4\framework\system\View\View.php(220): include('C:\\xampp\\htdocs...')
#2 C:\xampp\htdocs\ci4_pengaduan\vendor\codeigniter4\framework\system\View\View.php(222): CodeIgniter\View\View->CodeIgniter\View\{closure}()
#3 C:\xampp\htdocs\ci4_pengaduan\vendor\codeigniter4\framework\system\Common.php(1217): CodeIgniter\View\View->render('user/pengaduan/...', Array, true)
#4 C:\xampp\htdocs\ci4_pengaduan\app\Controllers\Pengaduan.php(167): view('user/pengaduan/...', Array)
#5 C:\xampp\htdocs\ci4_pengaduan\vendor\codeigniter4\framework\system\CodeIgniter.php(936): App\Controllers\Pengaduan->ubah('1')
#6 C:\xampp\htdocs\ci4_pengaduan\vendor\codeigniter4\framework\system\CodeIgniter.php(432): CodeIgniter\CodeIgniter->runController(Object(App\Controllers\Pengaduan))
#7 C:\xampp\htdocs\ci4_pengaduan\vendor\codeigniter4\framework\system\CodeIgniter.php(333): CodeIgniter\CodeIgniter->handleRequest(NULL, Object(Config\Cache), false)
#8 C:\xampp\htdocs\ci4_pengaduan\public\index.php(44): CodeIgniter\CodeIgniter->run()
#9 C:\xampp\htdocs\ci4_pengaduan\vendor\codeigniter4\framework\system\Commands\Server\rewrite.php(45): require_once('C:\\xampp\\htdocs...')
#10 {main}
CRITICAL - 2021-03-24 12:00:57 --> Call to undefined method App\Models\BuktiModel::getResultArray
#0 C:\xampp\htdocs\ci4_pengaduan\app\Models\BuktiModel.php(16): CodeIgniter\Model->__call('getResultArray', Array)
#1 C:\xampp\htdocs\ci4_pengaduan\app\Controllers\Pengaduan.php(161): App\Models\BuktiModel->getBukti('1')
#2 C:\xampp\htdocs\ci4_pengaduan\vendor\codeigniter4\framework\system\CodeIgniter.php(936): App\Controllers\Pengaduan->ubah('1')
#3 C:\xampp\htdocs\ci4_pengaduan\vendor\codeigniter4\framework\system\CodeIgniter.php(432): CodeIgniter\CodeIgniter->runController(Object(App\Controllers\Pengaduan))
#4 C:\xampp\htdocs\ci4_pengaduan\vendor\codeigniter4\framework\system\CodeIgniter.php(333): CodeIgniter\CodeIgniter->handleRequest(NULL, Object(Config\Cache), false)
#5 C:\xampp\htdocs\ci4_pengaduan\public\index.php(44): CodeIgniter\CodeIgniter->run()
#6 C:\xampp\htdocs\ci4_pengaduan\vendor\codeigniter4\framework\system\Commands\Server\rewrite.php(45): require_once('C:\\xampp\\htdocs...')
#7 {main}
CRITICAL - 2021-03-24 12:01:46 --> Cannot use object of type CodeIgniter\Database\MySQLi\Result as array
#0 C:\xampp\htdocs\ci4_pengaduan\vendor\codeigniter4\framework\system\View\View.php(220): include()
#1 C:\xampp\htdocs\ci4_pengaduan\vendor\codeigniter4\framework\system\View\View.php(222): CodeIgniter\View\View->CodeIgniter\View\{closure}()
#2 C:\xampp\htdocs\ci4_pengaduan\vendor\codeigniter4\framework\system\Common.php(1217): CodeIgniter\View\View->render('user/pengaduan/...', Array, true)
#3 C:\xampp\htdocs\ci4_pengaduan\app\Controllers\Pengaduan.php(167): view('user/pengaduan/...', Array)
#4 C:\xampp\htdocs\ci4_pengaduan\vendor\codeigniter4\framework\system\CodeIgniter.php(936): App\Controllers\Pengaduan->ubah('1')
#5 C:\xampp\htdocs\ci4_pengaduan\vendor\codeigniter4\framework\system\CodeIgniter.php(432): CodeIgniter\CodeIgniter->runController(Object(App\Controllers\Pengaduan))
#6 C:\xampp\htdocs\ci4_pengaduan\vendor\codeigniter4\framework\system\CodeIgniter.php(333): CodeIgniter\CodeIgniter->handleRequest(NULL, Object(Config\Cache), false)
#7 C:\xampp\htdocs\ci4_pengaduan\public\index.php(44): CodeIgniter\CodeIgniter->run()
#8 C:\xampp\htdocs\ci4_pengaduan\vendor\codeigniter4\framework\system\Commands\Server\rewrite.php(45): require_once('C:\\xampp\\htdocs...')
#9 {main}
CRITICAL - 2021-03-24 12:02:01 --> Cannot use object of type CodeIgniter\Database\MySQLi\Result as array
#0 C:\xampp\htdocs\ci4_pengaduan\vendor\codeigniter4\framework\system\View\View.php(220): include()
#1 C:\xampp\htdocs\ci4_pengaduan\vendor\codeigniter4\framework\system\View\View.php(222): CodeIgniter\View\View->CodeIgniter\View\{closure}()
#2 C:\xampp\htdocs\ci4_pengaduan\vendor\codeigniter4\framework\system\Common.php(1217): CodeIgniter\View\View->render('user/pengaduan/...', Array, true)
#3 C:\xampp\htdocs\ci4_pengaduan\app\Controllers\Pengaduan.php(167): view('user/pengaduan/...', Array)
#4 C:\xampp\htdocs\ci4_pengaduan\vendor\codeigniter4\framework\system\CodeIgniter.php(936): App\Controllers\Pengaduan->ubah('1')
#5 C:\xampp\htdocs\ci4_pengaduan\vendor\codeigniter4\framework\system\CodeIgniter.php(432): CodeIgniter\CodeIgniter->runController(Object(App\Controllers\Pengaduan))
#6 C:\xampp\htdocs\ci4_pengaduan\vendor\codeigniter4\framework\system\CodeIgniter.php(333): CodeIgniter\CodeIgniter->handleRequest(NULL, Object(Config\Cache), false)
#7 C:\xampp\htdocs\ci4_pengaduan\public\index.php(44): CodeIgniter\CodeIgniter->run()
#8 C:\xampp\htdocs\ci4_pengaduan\vendor\codeigniter4\framework\system\Commands\Server\rewrite.php(45): require_once('C:\\xampp\\htdocs...')
#9 {main}
CRITICAL - 2021-03-24 12:02:05 --> Undefined property: CodeIgniter\Database\MySQLi\Result::$id
#0 C:\xampp\htdocs\ci4_pengaduan\app\Views\user\pengaduan\ubah_pengaduan.php(73): CodeIgniter\Debug\Exceptions->errorHandler(8, 'Undefined prope...', 'C:\\xampp\\htdocs...', 73, Array)
#1 C:\xampp\htdocs\ci4_pengaduan\vendor\codeigniter4\framework\system\View\View.php(220): include('C:\\xampp\\htdocs...')
#2 C:\xampp\htdocs\ci4_pengaduan\vendor\codeigniter4\framework\system\View\View.php(222): CodeIgniter\View\View->CodeIgniter\View\{closure}()
#3 C:\xampp\htdocs\ci4_pengaduan\vendor\codeigniter4\framework\system\Common.php(1217): CodeIgniter\View\View->render('user/pengaduan/...', Array, true)
#4 C:\xampp\htdocs\ci4_pengaduan\app\Controllers\Pengaduan.php(167): view('user/pengaduan/...', Array)
#5 C:\xampp\htdocs\ci4_pengaduan\vendor\codeigniter4\framework\system\CodeIgniter.php(936): App\Controllers\Pengaduan->ubah('1')
#6 C:\xampp\htdocs\ci4_pengaduan\vendor\codeigniter4\framework\system\CodeIgniter.php(432): CodeIgniter\CodeIgniter->runController(Object(App\Controllers\Pengaduan))
#7 C:\xampp\htdocs\ci4_pengaduan\vendor\codeigniter4\framework\system\CodeIgniter.php(333): CodeIgniter\CodeIgniter->handleRequest(NULL, Object(Config\Cache), false)
#8 C:\xampp\htdocs\ci4_pengaduan\public\index.php(44): CodeIgniter\CodeIgniter->run()
#9 C:\xampp\htdocs\ci4_pengaduan\vendor\codeigniter4\framework\system\Commands\Server\rewrite.php(45): require_once('C:\\xampp\\htdocs...')
#10 {main}
CRITICAL - 2021-03-24 12:06:36 --> syntax error, unexpected 'return' (T_RETURN)
#0 C:\xampp\htdocs\ci4_pengaduan\vendor\codeigniter4\framework\system\Router\Router.php(170): CodeIgniter\Router\Router->autoRoute('pengaduan/ubah/...')
#1 C:\xampp\htdocs\ci4_pengaduan\vendor\codeigniter4\framework\system\CodeIgniter.php(816): CodeIgniter\Router\Router->handle('pengaduan/ubah/...')
#2 C:\xampp\htdocs\ci4_pengaduan\vendor\codeigniter4\framework\system\CodeIgniter.php(385): CodeIgniter\CodeIgniter->tryToRouteIt(Object(CodeIgniter\Router\RouteCollection))
#3 C:\xampp\htdocs\ci4_pengaduan\vendor\codeigniter4\framework\system\CodeIgniter.php(333): CodeIgniter\CodeIgniter->handleRequest(NULL, Object(Config\Cache), false)
#4 C:\xampp\htdocs\ci4_pengaduan\public\index.php(44): CodeIgniter\CodeIgniter->run()
#5 C:\xampp\htdocs\ci4_pengaduan\vendor\codeigniter4\framework\system\Commands\Server\rewrite.php(45): require_once('C:\\xampp\\htdocs...')
#6 {main}
CRITICAL - 2021-03-24 12:08:15 --> Trying to access array offset on value of type null
#0 C:\xampp\htdocs\ci4_pengaduan\app\Controllers\Pengaduan.php(166): CodeIgniter\Debug\Exceptions->errorHandler(8, 'Trying to acces...', 'C:\\xampp\\htdocs...', 166, Array)
#1 C:\xampp\htdocs\ci4_pengaduan\vendor\codeigniter4\framework\system\CodeIgniter.php(936): App\Controllers\Pengaduan->ubah('322')
#2 C:\xampp\htdocs\ci4_pengaduan\vendor\codeigniter4\framework\system\CodeIgniter.php(432): CodeIgniter\CodeIgniter->runController(Object(App\Controllers\Pengaduan))
#3 C:\xampp\htdocs\ci4_pengaduan\vendor\codeigniter4\framework\system\CodeIgniter.php(333): CodeIgniter\CodeIgniter->handleRequest(NULL, Object(Config\Cache), false)
#4 C:\xampp\htdocs\ci4_pengaduan\public\index.php(44): CodeIgniter\CodeIgniter->run()
#5 C:\xampp\htdocs\ci4_pengaduan\vendor\codeigniter4\framework\system\Commands\Server\rewrite.php(45): require_once('C:\\xampp\\htdocs...')
#6 {main}
ERROR - 2021-03-24 12:23:19 --> mysqli_sql_exception: Cannot add or update a child row: a foreign key constraint fails (`ci4_pengaduan`.`tbl_bukti`, CONSTRAINT `tbl_bukti_ibfk_1` FOREIGN KEY (`pengaduan_id`) REFERENCES `tbl_pengaduan` (`id`) ON DELETE CASCADE ON UPDATE CASCADE) in C:\xampp\htdocs\ci4_pengaduan\vendor\codeigniter4\framework\system\Database\MySQLi\Connection.php:314
Stack trace:
#0 C:\xampp\htdocs\ci4_pengaduan\vendor\codeigniter4\framework\system\Database\MySQLi\Connection.php(314): mysqli->query('INSERT INTO `tb...')
#1 C:\xampp\htdocs\ci4_pengaduan\vendor\codeigniter4\framework\system\Database\BaseConnection.php(713): CodeIgniter\Database\MySQLi\Connection->execute('INSERT INTO `tb...')
#2 C:\xampp\htdocs\ci4_pengaduan\vendor\codeigniter4\framework\system\Database\BaseConnection.php(641): CodeIgniter\Database\BaseConnection->simpleQuery('INSERT INTO `tb...')
#3 C:\xampp\htdocs\ci4_pengaduan\vendor\codeigniter4\framework\system\Database\BaseBuilder.php(2263): CodeIgniter\Database\BaseConnection->query('INSERT INTO `tb...', Array, false)
#4 C:\xampp\htdocs\ci4_pengaduan\vendor\codeigniter4\framework\system\Model.php(278): CodeIgniter\Database\BaseBuilder->insert()
#5 C:\xampp\htdocs\ci4_pengaduan\vendor\codeigniter4\framework\system\BaseModel.php(758): CodeIgniter\Model->doInsert(Array)
#6 C:\xampp\htdocs\ci4_pengaduan\vendor\codeigniter4\framework\system\Model.php(705): CodeIgniter\BaseModel->insert(Array, false)
#7 C:\xampp\htdocs\ci4_pengaduan\vendor\codeigniter4\framework\system\BaseModel.php(667): CodeIgniter\Model->insert(Array, false)
#8 C:\xampp\htdocs\ci4_pengaduan\app\Controllers\Pengaduan.php(244): CodeIgniter\BaseModel->save(Array)
#9 C:\xampp\htdocs\ci4_pengaduan\vendor\codeigniter4\framework\system\CodeIgniter.php(936): App\Controllers\Pengaduan->ubah_pengaduan()
#10 C:\xampp\htdocs\ci4_pengaduan\vendor\codeigniter4\framework\system\CodeIgniter.php(432): CodeIgniter\CodeIgniter->runController(Object(App\Controllers\Pengaduan))
#11 C:\xampp\htdocs\ci4_pengaduan\vendor\codeigniter4\framework\system\CodeIgniter.php(333): CodeIgniter\CodeIgniter->handleRequest(NULL, Object(Config\Cache), false)
#12 C:\xampp\htdocs\ci4_pengaduan\public\index.php(44): CodeIgniter\CodeIgniter->run()
#13 C:\xampp\htdocs\ci4_pengaduan\vendor\codeigniter4\framework\system\Commands\Server\rewrite.php(45): require_once('C:\\xampp\\htdocs...')
#14 {main}
CRITICAL - 2021-03-24 12:36:36 --> Undefined index: img_dua
#0 C:\xampp\htdocs\ci4_pengaduan\app\Controllers\Pengaduan.php(247): CodeIgniter\Debug\Exceptions->errorHandler(8, 'Undefined index...', 'C:\\xampp\\htdocs...', 247, Array)
#1 C:\xampp\htdocs\ci4_pengaduan\vendor\codeigniter4\framework\system\CodeIgniter.php(936): App\Controllers\Pengaduan->ubah_pengaduan()
#2 C:\xampp\htdocs\ci4_pengaduan\vendor\codeigniter4\framework\system\CodeIgniter.php(432): CodeIgniter\CodeIgniter->runController(Object(App\Controllers\Pengaduan))
#3 C:\xampp\htdocs\ci4_pengaduan\vendor\codeigniter4\framework\system\CodeIgniter.php(333): CodeIgniter\CodeIgniter->handleRequest(NULL, Object(Config\Cache), false)
#4 C:\xampp\htdocs\ci4_pengaduan\public\index.php(44): CodeIgniter\CodeIgniter->run()
#5 C:\xampp\htdocs\ci4_pengaduan\vendor\codeigniter4\framework\system\Commands\Server\rewrite.php(45): require_once('C:\\xampp\\htdocs...')
#6 {main}
CRITICAL - 2021-03-24 12:39:04 --> Illegal string offset 'img_satu'
#0 C:\xampp\htdocs\ci4_pengaduan\app\Views\user\pengaduan\detail.php(64): CodeIgniter\Debug\Exceptions->errorHandler(2, 'Illegal string ...', 'C:\\xampp\\htdocs...', 64, Array)
#1 C:\xampp\htdocs\ci4_pengaduan\vendor\codeigniter4\framework\system\View\View.php(220): include('C:\\xampp\\htdocs...')
#2 C:\xampp\htdocs\ci4_pengaduan\vendor\codeigniter4\framework\system\View\View.php(222): CodeIgniter\View\View->CodeIgniter\View\{closure}()
#3 C:\xampp\htdocs\ci4_pengaduan\vendor\codeigniter4\framework\system\Common.php(1217): CodeIgniter\View\View->render('user/pengaduan/...', Array, true)
#4 C:\xampp\htdocs\ci4_pengaduan\app\Controllers\Pengaduan.php(153): view('user/pengaduan/...', Array)
#5 C:\xampp\htdocs\ci4_pengaduan\vendor\codeigniter4\framework\system\CodeIgniter.php(936): App\Controllers\Pengaduan->detail('31')
#6 C:\xampp\htdocs\ci4_pengaduan\vendor\codeigniter4\framework\system\CodeIgniter.php(432): CodeIgniter\CodeIgniter->runController(Object(App\Controllers\Pengaduan))
#7 C:\xampp\htdocs\ci4_pengaduan\vendor\codeigniter4\framework\system\CodeIgniter.php(333): CodeIgniter\CodeIgniter->handleRequest(NULL, Object(Config\Cache), false)
#8 C:\xampp\htdocs\ci4_pengaduan\public\index.php(44): CodeIgniter\CodeIgniter->run()
#9 C:\xampp\htdocs\ci4_pengaduan\vendor\codeigniter4\framework\system\Commands\Server\rewrite.php(45): require_once('C:\\xampp\\htdocs...')
#10 {main}
CRITICAL - 2021-03-24 12:39:52 --> Illegal string offset 'img_satu'
#0 C:\xampp\htdocs\ci4_pengaduan\app\Views\user\pengaduan\detail.php(64): CodeIgniter\Debug\Exceptions->errorHandler(2, 'Illegal string ...', 'C:\\xampp\\htdocs...', 64, Array)
#1 C:\xampp\htdocs\ci4_pengaduan\vendor\codeigniter4\framework\system\View\View.php(220): include('C:\\xampp\\htdocs...')
#2 C:\xampp\htdocs\ci4_pengaduan\vendor\codeigniter4\framework\system\View\View.php(222): CodeIgniter\View\View->CodeIgniter\View\{closure}()
#3 C:\xampp\htdocs\ci4_pengaduan\vendor\codeigniter4\framework\system\Common.php(1217): CodeIgniter\View\View->render('user/pengaduan/...', Array, true)
#4 C:\xampp\htdocs\ci4_pengaduan\app\Controllers\Pengaduan.php(153): view('user/pengaduan/...', Array)
#5 C:\xampp\htdocs\ci4_pengaduan\vendor\codeigniter4\framework\system\CodeIgniter.php(936): App\Controllers\Pengaduan->detail('31')
#6 C:\xampp\htdocs\ci4_pengaduan\vendor\codeigniter4\framework\system\CodeIgniter.php(432): CodeIgniter\CodeIgniter->runController(Object(App\Controllers\Pengaduan))
#7 C:\xampp\htdocs\ci4_pengaduan\vendor\codeigniter4\framework\system\CodeIgniter.php(333): CodeIgniter\CodeIgniter->handleRequest(NULL, Object(Config\Cache), false)
#8 C:\xampp\htdocs\ci4_pengaduan\public\index.php(44): CodeIgniter\CodeIgniter->run()
#9 C:\xampp\htdocs\ci4_pengaduan\vendor\codeigniter4\framework\system\Commands\Server\rewrite.php(45): require_once('C:\\xampp\\htdocs...')
#10 {main}
CRITICAL - 2021-03-24 12:42:06 --> Too few arguments to function App\Controllers\Pengaduan::ubah(), 0 passed in C:\xampp\htdocs\ci4_pengaduan\vendor\codeigniter4\framework\system\CodeIgniter.php on line 936 and exactly 1 expected
#0 C:\xampp\htdocs\ci4_pengaduan\vendor\codeigniter4\framework\system\CodeIgniter.php(936): App\Controllers\Pengaduan->ubah()
#1 C:\xampp\htdocs\ci4_pengaduan\vendor\codeigniter4\framework\system\CodeIgniter.php(432): CodeIgniter\CodeIgniter->runController(Object(App\Controllers\Pengaduan))
#2 C:\xampp\htdocs\ci4_pengaduan\vendor\codeigniter4\framework\system\CodeIgniter.php(333): CodeIgniter\CodeIgniter->handleRequest(NULL, Object(Config\Cache), false)
#3 C:\xampp\htdocs\ci4_pengaduan\public\index.php(44): CodeIgniter\CodeIgniter->run()
#4 C:\xampp\htdocs\ci4_pengaduan\vendor\codeigniter4\framework\system\Commands\Server\rewrite.php(45): require_once('C:\\xampp\\htdocs...')
#5 {main}
CRITICAL - 2021-03-24 12:44:39 --> syntax error, unexpected 'echo' (T_ECHO)
#0 C:\xampp\htdocs\ci4_pengaduan\vendor\codeigniter4\framework\system\Router\Router.php(170): CodeIgniter\Router\Router->autoRoute('pengaduan/ubah_...')
#1 C:\xampp\htdocs\ci4_pengaduan\vendor\codeigniter4\framework\system\CodeIgniter.php(816): CodeIgniter\Router\Router->handle('pengaduan/ubah_...')
#2 C:\xampp\htdocs\ci4_pengaduan\vendor\codeigniter4\framework\system\CodeIgniter.php(385): CodeIgniter\CodeIgniter->tryToRouteIt(Object(CodeIgniter\Router\RouteCollection))
#3 C:\xampp\htdocs\ci4_pengaduan\vendor\codeigniter4\framework\system\CodeIgniter.php(333): CodeIgniter\CodeIgniter->handleRequest(NULL, Object(Config\Cache), false)
#4 C:\xampp\htdocs\ci4_pengaduan\public\index.php(44): CodeIgniter\CodeIgniter->run()
#5 C:\xampp\htdocs\ci4_pengaduan\vendor\codeigniter4\framework\system\Commands\Server\rewrite.php(45): require_once('C:\\xampp\\htdocs...')
#6 {main}
CRITICAL - 2021-03-24 13:28:01 --> Trying to access array offset on value of type null
#0 C:\xampp\htdocs\ci4_pengaduan\app\Views\user\pengaduan\detail.php(63): CodeIgniter\Debug\Exceptions->errorHandler(8, 'Trying to acces...', 'C:\\xampp\\htdocs...', 63, Array)
#1 C:\xampp\htdocs\ci4_pengaduan\vendor\codeigniter4\framework\system\View\View.php(220): include('C:\\xampp\\htdocs...')
#2 C:\xampp\htdocs\ci4_pengaduan\vendor\codeigniter4\framework\system\View\View.php(222): CodeIgniter\View\View->CodeIgniter\View\{closure}()
#3 C:\xampp\htdocs\ci4_pengaduan\vendor\codeigniter4\framework\system\Common.php(1217): CodeIgniter\View\View->render('user/pengaduan/...', Array, true)
#4 C:\xampp\htdocs\ci4_pengaduan\app\Controllers\Pengaduan.php(153): view('user/pengaduan/...', Array)
#5 C:\xampp\htdocs\ci4_pengaduan\vendor\codeigniter4\framework\system\CodeIgniter.php(936): App\Controllers\Pengaduan->detail('34')
#6 C:\xampp\htdocs\ci4_pengaduan\vendor\codeigniter4\framework\system\CodeIgniter.php(432): CodeIgniter\CodeIgniter->runController(Object(App\Controllers\Pengaduan))
#7 C:\xampp\htdocs\ci4_pengaduan\vendor\codeigniter4\framework\system\CodeIgniter.php(333): CodeIgniter\CodeIgniter->handleRequest(NULL, Object(Config\Cache), false)
#8 C:\xampp\htdocs\ci4_pengaduan\public\index.php(44): CodeIgniter\CodeIgniter->run()
#9 C:\xampp\htdocs\ci4_pengaduan\vendor\codeigniter4\framework\system\Commands\Server\rewrite.php(45): require_once('C:\\xampp\\htdocs...')
#10 {main}
CRITICAL - 2021-03-24 13:32:14 --> Argument 2 passed to CodeIgniter\Database\BaseBuilder::set() must be of the type string or null, array given, called in C:\xampp\htdocs\ci4_pengaduan\vendor\codeigniter4\framework\system\Model.php on line 350
#0 C:\xampp\htdocs\ci4_pengaduan\vendor\codeigniter4\framework\system\Model.php(350): CodeIgniter\Database\BaseBuilder->set('user_id', Array, NULL)
#1 C:\xampp\htdocs\ci4_pengaduan\vendor\codeigniter4\framework\system\BaseModel.php(901): CodeIgniter\Model->doUpdate(Array, Array)
#2 C:\xampp\htdocs\ci4_pengaduan\vendor\codeigniter4\framework\system\Model.php(737): CodeIgniter\BaseModel->update(Array, Array)
#3 C:\xampp\htdocs\ci4_pengaduan\vendor\codeigniter4\framework\system\BaseModel.php(663): CodeIgniter\Model->update('31', Array)
#4 C:\xampp\htdocs\ci4_pengaduan\app\Controllers\Pengaduan.php(226): CodeIgniter\BaseModel->save(Array)
#5 C:\xampp\htdocs\ci4_pengaduan\vendor\codeigniter4\framework\system\CodeIgniter.php(936): App\Controllers\Pengaduan->ubah_pengaduan()
#6 C:\xampp\htdocs\ci4_pengaduan\vendor\codeigniter4\framework\system\CodeIgniter.php(432): CodeIgniter\CodeIgniter->runController(Object(App\Controllers\Pengaduan))
#7 C:\xampp\htdocs\ci4_pengaduan\vendor\codeigniter4\framework\system\CodeIgniter.php(333): CodeIgniter\CodeIgniter->handleRequest(NULL, Object(Config\Cache), false)
#8 C:\xampp\htdocs\ci4_pengaduan\public\index.php(44): CodeIgniter\CodeIgniter->run()
#9 C:\xampp\htdocs\ci4_pengaduan\vendor\codeigniter4\framework\system\Commands\Server\rewrite.php(45): require_once('C:\\xampp\\htdocs...')
#10 {main}
