CRITICAL - 2021-03-19 00:26:13 --> Call to undefined method App\Models\PengaduanModel::ID
#0 C:\xampp\htdocs\ci4_pengaduan\app\Controllers\Pengaduan.php(106): CodeIgniter\Model->__call('ID', Array)
#1 C:\xampp\htdocs\ci4_pengaduan\vendor\codeigniter4\framework\system\CodeIgniter.php(936): App\Controllers\Pengaduan->tambah_pengaduan()
#2 C:\xampp\htdocs\ci4_pengaduan\vendor\codeigniter4\framework\system\CodeIgniter.php(432): CodeIgniter\CodeIgniter->runController(Object(App\Controllers\Pengaduan))
#3 C:\xampp\htdocs\ci4_pengaduan\vendor\codeigniter4\framework\system\CodeIgniter.php(333): CodeIgniter\CodeIgniter->handleRequest(NULL, Object(Config\Cache), false)
#4 C:\xampp\htdocs\ci4_pengaduan\public\index.php(44): CodeIgniter\CodeIgniter->run()
#5 C:\xampp\htdocs\ci4_pengaduan\vendor\codeigniter4\framework\system\Commands\Server\rewrite.php(45): require_once('C:\\xampp\\htdocs...')
#6 {main}
CRITICAL - 2021-03-19 01:05:15 --> syntax error, unexpected '=>' (T_DOUBLE_ARROW), expecting ']'
#0 C:\xampp\htdocs\ci4_pengaduan\vendor\codeigniter4\framework\system\Router\Router.php(170): CodeIgniter\Router\Router->autoRoute('pengaduan/tamba...')
#1 C:\xampp\htdocs\ci4_pengaduan\vendor\codeigniter4\framework\system\CodeIgniter.php(816): CodeIgniter\Router\Router->handle('pengaduan/tamba...')
#2 C:\xampp\htdocs\ci4_pengaduan\vendor\codeigniter4\framework\system\CodeIgniter.php(385): CodeIgniter\CodeIgniter->tryToRouteIt(Object(CodeIgniter\Router\RouteCollection))
#3 C:\xampp\htdocs\ci4_pengaduan\vendor\codeigniter4\framework\system\CodeIgniter.php(333): CodeIgniter\CodeIgniter->handleRequest(NULL, Object(Config\Cache), false)
#4 C:\xampp\htdocs\ci4_pengaduan\public\index.php(44): CodeIgniter\CodeIgniter->run()
#5 C:\xampp\htdocs\ci4_pengaduan\vendor\codeigniter4\framework\system\Commands\Server\rewrite.php(45): require_once('C:\\xampp\\htdocs...')
#6 {main}
CRITICAL - 2021-03-19 01:05:17 --> syntax error, unexpected '=>' (T_DOUBLE_ARROW), expecting ']'
#0 C:\xampp\htdocs\ci4_pengaduan\vendor\codeigniter4\framework\system\Autoloader\Autoloader.php(265): CodeIgniter\Autoloader\Autoloader->includeFile('C:\\xampp\\htdocs...')
#1 C:\xampp\htdocs\ci4_pengaduan\vendor\codeigniter4\framework\system\Autoloader\Autoloader.php(228): CodeIgniter\Autoloader\Autoloader->loadInNamespace('App\\Controllers...')
#2 [internal function]: CodeIgniter\Autoloader\Autoloader->loadClass('App\\Controllers...')
#3 [internal function]: spl_autoload_call('App\\Controllers...')
#4 C:\xampp\htdocs\ci4_pengaduan\vendor\codeigniter4\framework\system\CodeIgniter.php(893): class_exists('\\App\\Controller...', true)
#5 C:\xampp\htdocs\ci4_pengaduan\vendor\codeigniter4\framework\system\CodeIgniter.php(417): CodeIgniter\CodeIgniter->startController()
#6 C:\xampp\htdocs\ci4_pengaduan\vendor\codeigniter4\framework\system\CodeIgniter.php(333): CodeIgniter\CodeIgniter->handleRequest(NULL, Object(Config\Cache), false)
#7 C:\xampp\htdocs\ci4_pengaduan\public\index.php(44): CodeIgniter\CodeIgniter->run()
#8 C:\xampp\htdocs\ci4_pengaduan\vendor\codeigniter4\framework\system\Commands\Server\rewrite.php(45): require_once('C:\\xampp\\htdocs...')
#9 {main}
CRITICAL - 2021-03-19 01:05:21 --> syntax error, unexpected '=>' (T_DOUBLE_ARROW), expecting ']'
#0 C:\xampp\htdocs\ci4_pengaduan\vendor\codeigniter4\framework\system\Router\Router.php(170): CodeIgniter\Router\Router->autoRoute('pengaduan/tamba...')
#1 C:\xampp\htdocs\ci4_pengaduan\vendor\codeigniter4\framework\system\CodeIgniter.php(816): CodeIgniter\Router\Router->handle('pengaduan/tamba...')
#2 C:\xampp\htdocs\ci4_pengaduan\vendor\codeigniter4\framework\system\CodeIgniter.php(385): CodeIgniter\CodeIgniter->tryToRouteIt(Object(CodeIgniter\Router\RouteCollection))
#3 C:\xampp\htdocs\ci4_pengaduan\vendor\codeigniter4\framework\system\CodeIgniter.php(333): CodeIgniter\CodeIgniter->handleRequest(NULL, Object(Config\Cache), false)
#4 C:\xampp\htdocs\ci4_pengaduan\public\index.php(44): CodeIgniter\CodeIgniter->run()
#5 C:\xampp\htdocs\ci4_pengaduan\vendor\codeigniter4\framework\system\Commands\Server\rewrite.php(45): require_once('C:\\xampp\\htdocs...')
#6 {main}
CRITICAL - 2021-03-19 01:13:36 --> Undefined offset: 0
#0 C:\xampp\htdocs\ci4_pengaduan\app\Controllers\Pengaduan.php(101): CodeIgniter\Debug\Exceptions->errorHandler(8, 'Undefined offse...', 'C:\\xampp\\htdocs...', 101, Array)
#1 C:\xampp\htdocs\ci4_pengaduan\vendor\codeigniter4\framework\system\CodeIgniter.php(936): App\Controllers\Pengaduan->tambah_pengaduan()
#2 C:\xampp\htdocs\ci4_pengaduan\vendor\codeigniter4\framework\system\CodeIgniter.php(432): CodeIgniter\CodeIgniter->runController(Object(App\Controllers\Pengaduan))
#3 C:\xampp\htdocs\ci4_pengaduan\vendor\codeigniter4\framework\system\CodeIgniter.php(333): CodeIgniter\CodeIgniter->handleRequest(NULL, Object(Config\Cache), false)
#4 C:\xampp\htdocs\ci4_pengaduan\public\index.php(44): CodeIgniter\CodeIgniter->run()
#5 C:\xampp\htdocs\ci4_pengaduan\vendor\codeigniter4\framework\system\Commands\Server\rewrite.php(45): require_once('C:\\xampp\\htdocs...')
#6 {main}
CRITICAL - 2021-03-19 01:14:08 --> Undefined offset: 0
#0 C:\xampp\htdocs\ci4_pengaduan\app\Controllers\Pengaduan.php(102): CodeIgniter\Debug\Exceptions->errorHandler(8, 'Undefined offse...', 'C:\\xampp\\htdocs...', 102, Array)
#1 C:\xampp\htdocs\ci4_pengaduan\vendor\codeigniter4\framework\system\CodeIgniter.php(936): App\Controllers\Pengaduan->tambah_pengaduan()
#2 C:\xampp\htdocs\ci4_pengaduan\vendor\codeigniter4\framework\system\CodeIgniter.php(432): CodeIgniter\CodeIgniter->runController(Object(App\Controllers\Pengaduan))
#3 C:\xampp\htdocs\ci4_pengaduan\vendor\codeigniter4\framework\system\CodeIgniter.php(333): CodeIgniter\CodeIgniter->handleRequest(NULL, Object(Config\Cache), false)
#4 C:\xampp\htdocs\ci4_pengaduan\public\index.php(44): CodeIgniter\CodeIgniter->run()
#5 C:\xampp\htdocs\ci4_pengaduan\vendor\codeigniter4\framework\system\Commands\Server\rewrite.php(45): require_once('C:\\xampp\\htdocs...')
#6 {main}
CRITICAL - 2021-03-19 01:14:16 --> Undefined offset: 1
#0 C:\xampp\htdocs\ci4_pengaduan\app\Controllers\Pengaduan.php(102): CodeIgniter\Debug\Exceptions->errorHandler(8, 'Undefined offse...', 'C:\\xampp\\htdocs...', 102, Array)
#1 C:\xampp\htdocs\ci4_pengaduan\vendor\codeigniter4\framework\system\CodeIgniter.php(936): App\Controllers\Pengaduan->tambah_pengaduan()
#2 C:\xampp\htdocs\ci4_pengaduan\vendor\codeigniter4\framework\system\CodeIgniter.php(432): CodeIgniter\CodeIgniter->runController(Object(App\Controllers\Pengaduan))
#3 C:\xampp\htdocs\ci4_pengaduan\vendor\codeigniter4\framework\system\CodeIgniter.php(333): CodeIgniter\CodeIgniter->handleRequest(NULL, Object(Config\Cache), false)
#4 C:\xampp\htdocs\ci4_pengaduan\public\index.php(44): CodeIgniter\CodeIgniter->run()
#5 C:\xampp\htdocs\ci4_pengaduan\vendor\codeigniter4\framework\system\Commands\Server\rewrite.php(45): require_once('C:\\xampp\\htdocs...')
#6 {main}
CRITICAL - 2021-03-19 01:14:53 --> Undefined offset: 0
#0 C:\xampp\htdocs\ci4_pengaduan\app\Controllers\Pengaduan.php(101): CodeIgniter\Debug\Exceptions->errorHandler(8, 'Undefined offse...', 'C:\\xampp\\htdocs...', 101, Array)
#1 C:\xampp\htdocs\ci4_pengaduan\vendor\codeigniter4\framework\system\CodeIgniter.php(936): App\Controllers\Pengaduan->tambah_pengaduan()
#2 C:\xampp\htdocs\ci4_pengaduan\vendor\codeigniter4\framework\system\CodeIgniter.php(432): CodeIgniter\CodeIgniter->runController(Object(App\Controllers\Pengaduan))
#3 C:\xampp\htdocs\ci4_pengaduan\vendor\codeigniter4\framework\system\CodeIgniter.php(333): CodeIgniter\CodeIgniter->handleRequest(NULL, Object(Config\Cache), false)
#4 C:\xampp\htdocs\ci4_pengaduan\public\index.php(44): CodeIgniter\CodeIgniter->run()
#5 C:\xampp\htdocs\ci4_pengaduan\vendor\codeigniter4\framework\system\Commands\Server\rewrite.php(45): require_once('C:\\xampp\\htdocs...')
#6 {main}
CRITICAL - 2021-03-19 01:42:11 --> Undefined property: App\Controllers\Pengaduan::$db
#0 C:\xampp\htdocs\ci4_pengaduan\app\Controllers\Pengaduan.php(105): CodeIgniter\Debug\Exceptions->errorHandler(8, 'Undefined prope...', 'C:\\xampp\\htdocs...', 105, Array)
#1 C:\xampp\htdocs\ci4_pengaduan\vendor\codeigniter4\framework\system\CodeIgniter.php(936): App\Controllers\Pengaduan->tambah_pengaduan()
#2 C:\xampp\htdocs\ci4_pengaduan\vendor\codeigniter4\framework\system\CodeIgniter.php(432): CodeIgniter\CodeIgniter->runController(Object(App\Controllers\Pengaduan))
#3 C:\xampp\htdocs\ci4_pengaduan\vendor\codeigniter4\framework\system\CodeIgniter.php(333): CodeIgniter\CodeIgniter->handleRequest(NULL, Object(Config\Cache), false)
#4 C:\xampp\htdocs\ci4_pengaduan\public\index.php(44): CodeIgniter\CodeIgniter->run()
#5 C:\xampp\htdocs\ci4_pengaduan\vendor\codeigniter4\framework\system\Commands\Server\rewrite.php(45): require_once('C:\\xampp\\htdocs...')
#6 {main}
CRITICAL - 2021-03-19 01:42:46 --> Call to undefined method App\Controllers\Pengaduan::transStart()
#0 C:\xampp\htdocs\ci4_pengaduan\vendor\codeigniter4\framework\system\CodeIgniter.php(936): App\Controllers\Pengaduan->tambah_pengaduan()
#1 C:\xampp\htdocs\ci4_pengaduan\vendor\codeigniter4\framework\system\CodeIgniter.php(432): CodeIgniter\CodeIgniter->runController(Object(App\Controllers\Pengaduan))
#2 C:\xampp\htdocs\ci4_pengaduan\vendor\codeigniter4\framework\system\CodeIgniter.php(333): CodeIgniter\CodeIgniter->handleRequest(NULL, Object(Config\Cache), false)
#3 C:\xampp\htdocs\ci4_pengaduan\public\index.php(44): CodeIgniter\CodeIgniter->run()
#4 C:\xampp\htdocs\ci4_pengaduan\vendor\codeigniter4\framework\system\Commands\Server\rewrite.php(45): require_once('C:\\xampp\\htdocs...')
#5 {main}
CRITICAL - 2021-03-19 01:43:08 --> Call to a member function move() on string
#0 C:\xampp\htdocs\ci4_pengaduan\vendor\codeigniter4\framework\system\CodeIgniter.php(936): App\Controllers\Pengaduan->tambah_pengaduan()
#1 C:\xampp\htdocs\ci4_pengaduan\vendor\codeigniter4\framework\system\CodeIgniter.php(432): CodeIgniter\CodeIgniter->runController(Object(App\Controllers\Pengaduan))
#2 C:\xampp\htdocs\ci4_pengaduan\vendor\codeigniter4\framework\system\CodeIgniter.php(333): CodeIgniter\CodeIgniter->handleRequest(NULL, Object(Config\Cache), false)
#3 C:\xampp\htdocs\ci4_pengaduan\public\index.php(44): CodeIgniter\CodeIgniter->run()
#4 C:\xampp\htdocs\ci4_pengaduan\vendor\codeigniter4\framework\system\Commands\Server\rewrite.php(45): require_once('C:\\xampp\\htdocs...')
#5 {main}
CRITICAL - 2021-03-19 01:44:11 --> The original file is not a valid file.
#0 C:\xampp\htdocs\ci4_pengaduan\vendor\codeigniter4\framework\system\HTTP\Files\UploadedFile.php(143): CodeIgniter\HTTP\Exceptions\HTTPException::forInvalidFile()
#1 C:\xampp\htdocs\ci4_pengaduan\app\Controllers\Pengaduan.php(124): CodeIgniter\HTTP\Files\UploadedFile->move('uploads/', NULL)
#2 C:\xampp\htdocs\ci4_pengaduan\vendor\codeigniter4\framework\system\CodeIgniter.php(936): App\Controllers\Pengaduan->tambah_pengaduan()
#3 C:\xampp\htdocs\ci4_pengaduan\vendor\codeigniter4\framework\system\CodeIgniter.php(432): CodeIgniter\CodeIgniter->runController(Object(App\Controllers\Pengaduan))
#4 C:\xampp\htdocs\ci4_pengaduan\vendor\codeigniter4\framework\system\CodeIgniter.php(333): CodeIgniter\CodeIgniter->handleRequest(NULL, Object(Config\Cache), false)
#5 C:\xampp\htdocs\ci4_pengaduan\public\index.php(44): CodeIgniter\CodeIgniter->run()
#6 C:\xampp\htdocs\ci4_pengaduan\vendor\codeigniter4\framework\system\Commands\Server\rewrite.php(45): require_once('C:\\xampp\\htdocs...')
#7 {main}
CRITICAL - 2021-03-19 01:44:27 --> The original file is not a valid file.
#0 C:\xampp\htdocs\ci4_pengaduan\vendor\codeigniter4\framework\system\HTTP\Files\UploadedFile.php(143): CodeIgniter\HTTP\Exceptions\HTTPException::forInvalidFile()
#1 C:\xampp\htdocs\ci4_pengaduan\app\Controllers\Pengaduan.php(124): CodeIgniter\HTTP\Files\UploadedFile->move('uploads/', NULL)
#2 C:\xampp\htdocs\ci4_pengaduan\vendor\codeigniter4\framework\system\CodeIgniter.php(936): App\Controllers\Pengaduan->tambah_pengaduan()
#3 C:\xampp\htdocs\ci4_pengaduan\vendor\codeigniter4\framework\system\CodeIgniter.php(432): CodeIgniter\CodeIgniter->runController(Object(App\Controllers\Pengaduan))
#4 C:\xampp\htdocs\ci4_pengaduan\vendor\codeigniter4\framework\system\CodeIgniter.php(333): CodeIgniter\CodeIgniter->handleRequest(NULL, Object(Config\Cache), false)
#5 C:\xampp\htdocs\ci4_pengaduan\public\index.php(44): CodeIgniter\CodeIgniter->run()
#6 C:\xampp\htdocs\ci4_pengaduan\vendor\codeigniter4\framework\system\Commands\Server\rewrite.php(45): require_once('C:\\xampp\\htdocs...')
#7 {main}
CRITICAL - 2021-03-19 01:45:05 --> The original file is not a valid file.
#0 C:\xampp\htdocs\ci4_pengaduan\vendor\codeigniter4\framework\system\HTTP\Files\UploadedFile.php(143): CodeIgniter\HTTP\Exceptions\HTTPException::forInvalidFile()
#1 C:\xampp\htdocs\ci4_pengaduan\app\Controllers\Pengaduan.php(126): CodeIgniter\HTTP\Files\UploadedFile->move('uploads/', NULL)
#2 C:\xampp\htdocs\ci4_pengaduan\vendor\codeigniter4\framework\system\CodeIgniter.php(936): App\Controllers\Pengaduan->tambah_pengaduan()
#3 C:\xampp\htdocs\ci4_pengaduan\vendor\codeigniter4\framework\system\CodeIgniter.php(432): CodeIgniter\CodeIgniter->runController(Object(App\Controllers\Pengaduan))
#4 C:\xampp\htdocs\ci4_pengaduan\vendor\codeigniter4\framework\system\CodeIgniter.php(333): CodeIgniter\CodeIgniter->handleRequest(NULL, Object(Config\Cache), false)
#5 C:\xampp\htdocs\ci4_pengaduan\public\index.php(44): CodeIgniter\CodeIgniter->run()
#6 C:\xampp\htdocs\ci4_pengaduan\vendor\codeigniter4\framework\system\Commands\Server\rewrite.php(45): require_once('C:\\xampp\\htdocs...')
#7 {main}
CRITICAL - 2021-03-19 01:47:42 --> The original file is not a valid file.
#0 C:\xampp\htdocs\ci4_pengaduan\vendor\codeigniter4\framework\system\HTTP\Files\UploadedFile.php(143): CodeIgniter\HTTP\Exceptions\HTTPException::forInvalidFile()
#1 C:\xampp\htdocs\ci4_pengaduan\app\Controllers\Pengaduan.php(130): CodeIgniter\HTTP\Files\UploadedFile->move('uploads/', NULL)
#2 C:\xampp\htdocs\ci4_pengaduan\vendor\codeigniter4\framework\system\CodeIgniter.php(936): App\Controllers\Pengaduan->tambah_pengaduan()
#3 C:\xampp\htdocs\ci4_pengaduan\vendor\codeigniter4\framework\system\CodeIgniter.php(432): CodeIgniter\CodeIgniter->runController(Object(App\Controllers\Pengaduan))
#4 C:\xampp\htdocs\ci4_pengaduan\vendor\codeigniter4\framework\system\CodeIgniter.php(333): CodeIgniter\CodeIgniter->handleRequest(NULL, Object(Config\Cache), false)
#5 C:\xampp\htdocs\ci4_pengaduan\public\index.php(44): CodeIgniter\CodeIgniter->run()
#6 C:\xampp\htdocs\ci4_pengaduan\vendor\codeigniter4\framework\system\Commands\Server\rewrite.php(45): require_once('C:\\xampp\\htdocs...')
#7 {main}
CRITICAL - 2021-03-19 01:48:05 --> The original file is not a valid file.
#0 C:\xampp\htdocs\ci4_pengaduan\vendor\codeigniter4\framework\system\HTTP\Files\UploadedFile.php(143): CodeIgniter\HTTP\Exceptions\HTTPException::forInvalidFile()
#1 C:\xampp\htdocs\ci4_pengaduan\app\Controllers\Pengaduan.php(130): CodeIgniter\HTTP\Files\UploadedFile->move('uploads/', NULL)
#2 C:\xampp\htdocs\ci4_pengaduan\vendor\codeigniter4\framework\system\CodeIgniter.php(936): App\Controllers\Pengaduan->tambah_pengaduan()
#3 C:\xampp\htdocs\ci4_pengaduan\vendor\codeigniter4\framework\system\CodeIgniter.php(432): CodeIgniter\CodeIgniter->runController(Object(App\Controllers\Pengaduan))
#4 C:\xampp\htdocs\ci4_pengaduan\vendor\codeigniter4\framework\system\CodeIgniter.php(333): CodeIgniter\CodeIgniter->handleRequest(NULL, Object(Config\Cache), false)
#5 C:\xampp\htdocs\ci4_pengaduan\public\index.php(44): CodeIgniter\CodeIgniter->run()
#6 C:\xampp\htdocs\ci4_pengaduan\vendor\codeigniter4\framework\system\Commands\Server\rewrite.php(45): require_once('C:\\xampp\\htdocs...')
#7 {main}
CRITICAL - 2021-03-19 01:48:23 --> The original file is not a valid file.
#0 C:\xampp\htdocs\ci4_pengaduan\vendor\codeigniter4\framework\system\HTTP\Files\UploadedFile.php(143): CodeIgniter\HTTP\Exceptions\HTTPException::forInvalidFile()
#1 C:\xampp\htdocs\ci4_pengaduan\app\Controllers\Pengaduan.php(130): CodeIgniter\HTTP\Files\UploadedFile->move('uploads/', NULL)
#2 C:\xampp\htdocs\ci4_pengaduan\vendor\codeigniter4\framework\system\CodeIgniter.php(936): App\Controllers\Pengaduan->tambah_pengaduan()
#3 C:\xampp\htdocs\ci4_pengaduan\vendor\codeigniter4\framework\system\CodeIgniter.php(432): CodeIgniter\CodeIgniter->runController(Object(App\Controllers\Pengaduan))
#4 C:\xampp\htdocs\ci4_pengaduan\vendor\codeigniter4\framework\system\CodeIgniter.php(333): CodeIgniter\CodeIgniter->handleRequest(NULL, Object(Config\Cache), false)
#5 C:\xampp\htdocs\ci4_pengaduan\public\index.php(44): CodeIgniter\CodeIgniter->run()
#6 C:\xampp\htdocs\ci4_pengaduan\vendor\codeigniter4\framework\system\Commands\Server\rewrite.php(45): require_once('C:\\xampp\\htdocs...')
#7 {main}
ERROR - 2021-03-19 02:02:37 --> Error connecting to the database: SQLite3 doesn't support persistent connections.
CRITICAL - 2021-03-19 02:02:37 --> Unable to connect to the database.
#0 C:\xampp\htdocs\ci4_pengaduan\vendor\codeigniter4\framework\system\Database\BaseConnection.php(618): CodeIgniter\Database\BaseConnection->initialize()
#1 C:\xampp\htdocs\ci4_pengaduan\vendor\codeigniter4\framework\system\Database\BaseBuilder.php(1866): CodeIgniter\Database\BaseConnection->query('SELECT *\nFROM `...', Array, false)
#2 C:\xampp\htdocs\ci4_pengaduan\vendor\codeigniter4\framework\system\Model.php(213): CodeIgniter\Database\BaseBuilder->get()
#3 C:\xampp\htdocs\ci4_pengaduan\vendor\codeigniter4\framework\system\BaseModel.php(583): CodeIgniter\Model->doFindAll(0, 0)
#4 C:\xampp\htdocs\ci4_pengaduan\app\Models\PengaduanModel.php(16): CodeIgniter\BaseModel->findAll()
#5 C:\xampp\htdocs\ci4_pengaduan\app\Controllers\Pengaduan.php(24): App\Models\PengaduanModel->getPengaduan('4')
#6 C:\xampp\htdocs\ci4_pengaduan\vendor\codeigniter4\framework\system\CodeIgniter.php(936): App\Controllers\Pengaduan->index()
#7 C:\xampp\htdocs\ci4_pengaduan\vendor\codeigniter4\framework\system\CodeIgniter.php(432): CodeIgniter\CodeIgniter->runController(Object(App\Controllers\Pengaduan))
#8 C:\xampp\htdocs\ci4_pengaduan\vendor\codeigniter4\framework\system\CodeIgniter.php(333): CodeIgniter\CodeIgniter->handleRequest(NULL, Object(Config\Cache), false)
#9 C:\xampp\htdocs\ci4_pengaduan\public\index.php(44): CodeIgniter\CodeIgniter->run()
#10 C:\xampp\htdocs\ci4_pengaduan\vendor\codeigniter4\framework\system\Commands\Server\rewrite.php(45): require_once('C:\\xampp\\htdocs...')
#11 {main}
