CRITICAL - 2021-03-06 03:38:58 --> Invalid file: error_404.php
#0 C:\xampp\htdocs\ci4_pengaduan\vendor\codeigniter4\framework\system\View\View.php(203): CodeIgniter\Exceptions\FrameworkException::forInvalidFile('error_404.php')
#1 C:\xampp\htdocs\ci4_pengaduan\vendor\codeigniter4\framework\system\Common.php(1217): CodeIgniter\View\View->render('error_404', Array, true)
#2 C:\xampp\htdocs\ci4_pengaduan\app\Controllers\Auth.php(197): view('error_404')
#3 C:\xampp\htdocs\ci4_pengaduan\vendor\codeigniter4\framework\system\CodeIgniter.php(936): App\Controllers\Auth->notfound()
#4 C:\xampp\htdocs\ci4_pengaduan\vendor\codeigniter4\framework\system\CodeIgniter.php(432): CodeIgniter\CodeIgniter->runController(Object(App\Controllers\Auth))
#5 C:\xampp\htdocs\ci4_pengaduan\vendor\codeigniter4\framework\system\CodeIgniter.php(333): CodeIgniter\CodeIgniter->handleRequest(NULL, Object(Config\Cache), false)
#6 C:\xampp\htdocs\ci4_pengaduan\public\index.php(44): CodeIgniter\CodeIgniter->run()
#7 C:\xampp\htdocs\ci4_pengaduan\vendor\codeigniter4\framework\system\Commands\Server\rewrite.php(45): require_once('C:\\xampp\\htdocs...')
#8 {main}
CRITICAL - 2021-03-06 03:38:59 --> Invalid file: error_404.php
#0 C:\xampp\htdocs\ci4_pengaduan\vendor\codeigniter4\framework\system\View\View.php(203): CodeIgniter\Exceptions\FrameworkException::forInvalidFile('error_404.php')
#1 C:\xampp\htdocs\ci4_pengaduan\vendor\codeigniter4\framework\system\Common.php(1217): CodeIgniter\View\View->render('error_404', Array, true)
#2 C:\xampp\htdocs\ci4_pengaduan\app\Controllers\Auth.php(197): view('error_404')
#3 C:\xampp\htdocs\ci4_pengaduan\vendor\codeigniter4\framework\system\CodeIgniter.php(936): App\Controllers\Auth->notfound()
#4 C:\xampp\htdocs\ci4_pengaduan\vendor\codeigniter4\framework\system\CodeIgniter.php(432): CodeIgniter\CodeIgniter->runController(Object(App\Controllers\Auth))
#5 C:\xampp\htdocs\ci4_pengaduan\vendor\codeigniter4\framework\system\CodeIgniter.php(333): CodeIgniter\CodeIgniter->handleRequest(NULL, Object(Config\Cache), false)
#6 C:\xampp\htdocs\ci4_pengaduan\public\index.php(44): CodeIgniter\CodeIgniter->run()
#7 C:\xampp\htdocs\ci4_pengaduan\vendor\codeigniter4\framework\system\Commands\Server\rewrite.php(45): require_once('C:\\xampp\\htdocs...')
#8 {main}
CRITICAL - 2021-03-06 03:39:38 --> Invalid file: error_404.php
#0 C:\xampp\htdocs\ci4_pengaduan\vendor\codeigniter4\framework\system\View\View.php(203): CodeIgniter\Exceptions\FrameworkException::forInvalidFile('error_404.php')
#1 C:\xampp\htdocs\ci4_pengaduan\vendor\codeigniter4\framework\system\Common.php(1217): CodeIgniter\View\View->render('error_404', Array, true)
#2 C:\xampp\htdocs\ci4_pengaduan\app\Controllers\Auth.php(197): view('error_404')
#3 C:\xampp\htdocs\ci4_pengaduan\vendor\codeigniter4\framework\system\CodeIgniter.php(936): App\Controllers\Auth->notfound()
#4 C:\xampp\htdocs\ci4_pengaduan\vendor\codeigniter4\framework\system\CodeIgniter.php(432): CodeIgniter\CodeIgniter->runController(Object(App\Controllers\Auth))
#5 C:\xampp\htdocs\ci4_pengaduan\vendor\codeigniter4\framework\system\CodeIgniter.php(333): CodeIgniter\CodeIgniter->handleRequest(NULL, Object(Config\Cache), false)
#6 C:\xampp\htdocs\ci4_pengaduan\public\index.php(44): CodeIgniter\CodeIgniter->run()
#7 C:\xampp\htdocs\ci4_pengaduan\vendor\codeigniter4\framework\system\Commands\Server\rewrite.php(45): require_once('C:\\xampp\\htdocs...')
#8 {main}
CRITICAL - 2021-03-06 03:42:10 --> syntax error, unexpected 'return' (T_RETURN)
#0 C:\xampp\htdocs\ci4_pengaduan\vendor\codeigniter4\framework\system\View\View.php(222): CodeIgniter\View\View->CodeIgniter\View\{closure}()
#1 C:\xampp\htdocs\ci4_pengaduan\vendor\codeigniter4\framework\system\Common.php(1217): CodeIgniter\View\View->render('auth/error_404', Array, true)
#2 C:\xampp\htdocs\ci4_pengaduan\app\Controllers\Auth.php(197): view('auth/error_404')
#3 C:\xampp\htdocs\ci4_pengaduan\vendor\codeigniter4\framework\system\CodeIgniter.php(936): App\Controllers\Auth->notfound()
#4 C:\xampp\htdocs\ci4_pengaduan\vendor\codeigniter4\framework\system\CodeIgniter.php(432): CodeIgniter\CodeIgniter->runController(Object(App\Controllers\Auth))
#5 C:\xampp\htdocs\ci4_pengaduan\vendor\codeigniter4\framework\system\CodeIgniter.php(333): CodeIgniter\CodeIgniter->handleRequest(NULL, Object(Config\Cache), false)
#6 C:\xampp\htdocs\ci4_pengaduan\public\index.php(44): CodeIgniter\CodeIgniter->run()
#7 C:\xampp\htdocs\ci4_pengaduan\vendor\codeigniter4\framework\system\Commands\Server\rewrite.php(45): require_once('C:\\xampp\\htdocs...')
#8 {main}
CRITICAL - 2021-03-06 04:28:04 --> Undefined property: App\Controllers\Admin\ManageUser::$ManageUser
#0 C:\xampp\htdocs\ci4_pengaduan\app\Controllers\Admin\ManageUser.php(14): CodeIgniter\Debug\Exceptions->errorHandler(8, 'Undefined prope...', 'C:\\xampp\\htdocs...', 14, Array)
#1 C:\xampp\htdocs\ci4_pengaduan\vendor\codeigniter4\framework\system\CodeIgniter.php(936): App\Controllers\Admin\ManageUser->index()
#2 C:\xampp\htdocs\ci4_pengaduan\vendor\codeigniter4\framework\system\CodeIgniter.php(432): CodeIgniter\CodeIgniter->runController(Object(App\Controllers\Admin\ManageUser))
#3 C:\xampp\htdocs\ci4_pengaduan\vendor\codeigniter4\framework\system\CodeIgniter.php(333): CodeIgniter\CodeIgniter->handleRequest(NULL, Object(Config\Cache), false)
#4 C:\xampp\htdocs\ci4_pengaduan\public\index.php(44): CodeIgniter\CodeIgniter->run()
#5 C:\xampp\htdocs\ci4_pengaduan\vendor\codeigniter4\framework\system\Commands\Server\rewrite.php(45): require_once('C:\\xampp\\htdocs...')
#6 {main}
ERROR - 2021-03-06 04:28:37 --> mysqli_sql_exception: Table 'ci4_pengaduan.tbl_users' doesn't exist in C:\xampp\htdocs\ci4_pengaduan\vendor\codeigniter4\framework\system\Database\MySQLi\Connection.php:314
Stack trace:
#0 C:\xampp\htdocs\ci4_pengaduan\vendor\codeigniter4\framework\system\Database\MySQLi\Connection.php(314): mysqli->query('SELECT *\nFROM `...')
#1 C:\xampp\htdocs\ci4_pengaduan\vendor\codeigniter4\framework\system\Database\BaseConnection.php(713): CodeIgniter\Database\MySQLi\Connection->execute('SELECT *\nFROM `...')
#2 C:\xampp\htdocs\ci4_pengaduan\vendor\codeigniter4\framework\system\Database\BaseConnection.php(641): CodeIgniter\Database\BaseConnection->simpleQuery('SELECT *\nFROM `...')
#3 C:\xampp\htdocs\ci4_pengaduan\vendor\codeigniter4\framework\system\Database\BaseBuilder.php(1866): CodeIgniter\Database\BaseConnection->query('SELECT *\nFROM `...', Array, false)
#4 C:\xampp\htdocs\ci4_pengaduan\vendor\codeigniter4\framework\system\Model.php(213): CodeIgniter\Database\BaseBuilder->get()
#5 C:\xampp\htdocs\ci4_pengaduan\vendor\codeigniter4\framework\system\BaseModel.php(583): CodeIgniter\Model->doFindAll(0, 0)
#6 C:\xampp\htdocs\ci4_pengaduan\app\Controllers\Admin\ManageUser.php(18): CodeIgniter\BaseModel->findAll()
#7 C:\xampp\htdocs\ci4_pengaduan\vendor\codeigniter4\framework\system\CodeIgniter.php(936): App\Controllers\Admin\ManageUser->index()
#8 C:\xampp\htdocs\ci4_pengaduan\vendor\codeigniter4\framework\system\CodeIgniter.php(432): CodeIgniter\CodeIgniter->runController(Object(App\Controllers\Admin\ManageUser))
#9 C:\xampp\htdocs\ci4_pengaduan\vendor\codeigniter4\framework\system\CodeIgniter.php(333): CodeIgniter\CodeIgniter->handleRequest(NULL, Object(Config\Cache), false)
#10 C:\xampp\htdocs\ci4_pengaduan\public\index.php(44): CodeIgniter\CodeIgniter->run()
#11 C:\xampp\htdocs\ci4_pengaduan\vendor\codeigniter4\framework\system\Commands\Server\rewrite.php(45): require_once('C:\\xampp\\htdocs...')
#12 {main}
CRITICAL - 2021-03-06 04:28:37 --> Table 'ci4_pengaduan.tbl_users' doesn't exist
#0 C:\xampp\htdocs\ci4_pengaduan\vendor\codeigniter4\framework\system\Database\MySQLi\Connection.php(314): mysqli->query('SELECT *\nFROM `...')
#1 C:\xampp\htdocs\ci4_pengaduan\vendor\codeigniter4\framework\system\Database\BaseConnection.php(713): CodeIgniter\Database\MySQLi\Connection->execute('SELECT *\nFROM `...')
#2 C:\xampp\htdocs\ci4_pengaduan\vendor\codeigniter4\framework\system\Database\BaseConnection.php(641): CodeIgniter\Database\BaseConnection->simpleQuery('SELECT *\nFROM `...')
#3 C:\xampp\htdocs\ci4_pengaduan\vendor\codeigniter4\framework\system\Database\BaseBuilder.php(1866): CodeIgniter\Database\BaseConnection->query('SELECT *\nFROM `...', Array, false)
#4 C:\xampp\htdocs\ci4_pengaduan\vendor\codeigniter4\framework\system\Model.php(213): CodeIgniter\Database\BaseBuilder->get()
#5 C:\xampp\htdocs\ci4_pengaduan\vendor\codeigniter4\framework\system\BaseModel.php(583): CodeIgniter\Model->doFindAll(0, 0)
#6 C:\xampp\htdocs\ci4_pengaduan\app\Controllers\Admin\ManageUser.php(18): CodeIgniter\BaseModel->findAll()
#7 C:\xampp\htdocs\ci4_pengaduan\vendor\codeigniter4\framework\system\CodeIgniter.php(936): App\Controllers\Admin\ManageUser->index()
#8 C:\xampp\htdocs\ci4_pengaduan\vendor\codeigniter4\framework\system\CodeIgniter.php(432): CodeIgniter\CodeIgniter->runController(Object(App\Controllers\Admin\ManageUser))
#9 C:\xampp\htdocs\ci4_pengaduan\vendor\codeigniter4\framework\system\CodeIgniter.php(333): CodeIgniter\CodeIgniter->handleRequest(NULL, Object(Config\Cache), false)
#10 C:\xampp\htdocs\ci4_pengaduan\public\index.php(44): CodeIgniter\CodeIgniter->run()
#11 C:\xampp\htdocs\ci4_pengaduan\vendor\codeigniter4\framework\system\Commands\Server\rewrite.php(45): require_once('C:\\xampp\\htdocs...')
#12 {main}
CRITICAL - 2021-03-06 04:40:28 --> Undefined index: user_img
#0 C:\xampp\htdocs\ci4_pengaduan\app\Views\admin\manage-user\index.php(30): CodeIgniter\Debug\Exceptions->errorHandler(8, 'Undefined index...', 'C:\\xampp\\htdocs...', 30, Array)
#1 C:\xampp\htdocs\ci4_pengaduan\vendor\codeigniter4\framework\system\View\View.php(220): include('C:\\xampp\\htdocs...')
#2 C:\xampp\htdocs\ci4_pengaduan\vendor\codeigniter4\framework\system\View\View.php(222): CodeIgniter\View\View->CodeIgniter\View\{closure}()
#3 C:\xampp\htdocs\ci4_pengaduan\vendor\codeigniter4\framework\system\Common.php(1217): CodeIgniter\View\View->render('admin/manage-us...', Array, true)
#4 C:\xampp\htdocs\ci4_pengaduan\app\Controllers\Admin\ManageUser.php(21): view('admin/manage-us...', Array)
#5 C:\xampp\htdocs\ci4_pengaduan\vendor\codeigniter4\framework\system\CodeIgniter.php(936): App\Controllers\Admin\ManageUser->index()
#6 C:\xampp\htdocs\ci4_pengaduan\vendor\codeigniter4\framework\system\CodeIgniter.php(432): CodeIgniter\CodeIgniter->runController(Object(App\Controllers\Admin\ManageUser))
#7 C:\xampp\htdocs\ci4_pengaduan\vendor\codeigniter4\framework\system\CodeIgniter.php(333): CodeIgniter\CodeIgniter->handleRequest(NULL, Object(Config\Cache), false)
#8 C:\xampp\htdocs\ci4_pengaduan\public\index.php(44): CodeIgniter\CodeIgniter->run()
#9 C:\xampp\htdocs\ci4_pengaduan\vendor\codeigniter4\framework\system\Commands\Server\rewrite.php(45): require_once('C:\\xampp\\htdocs...')
#10 {main}
CRITICAL - 2021-03-06 05:12:16 --> Undefined index: date_created
#0 C:\xampp\htdocs\ci4_pengaduan\app\Views\admin\manage-user\detail.php(27): CodeIgniter\Debug\Exceptions->errorHandler(8, 'Undefined index...', 'C:\\xampp\\htdocs...', 27, Array)
#1 C:\xampp\htdocs\ci4_pengaduan\vendor\codeigniter4\framework\system\View\View.php(220): include('C:\\xampp\\htdocs...')
#2 C:\xampp\htdocs\ci4_pengaduan\vendor\codeigniter4\framework\system\View\View.php(222): CodeIgniter\View\View->CodeIgniter\View\{closure}()
#3 C:\xampp\htdocs\ci4_pengaduan\vendor\codeigniter4\framework\system\Common.php(1217): CodeIgniter\View\View->render('admin/manage-us...', Array, true)
#4 C:\xampp\htdocs\ci4_pengaduan\app\Controllers\Admin\ManageUser.php(31): view('admin/manage-us...', Array)
#5 C:\xampp\htdocs\ci4_pengaduan\vendor\codeigniter4\framework\system\CodeIgniter.php(936): App\Controllers\Admin\ManageUser->detail('hafizul123')
#6 C:\xampp\htdocs\ci4_pengaduan\vendor\codeigniter4\framework\system\CodeIgniter.php(432): CodeIgniter\CodeIgniter->runController(Object(App\Controllers\Admin\ManageUser))
#7 C:\xampp\htdocs\ci4_pengaduan\vendor\codeigniter4\framework\system\CodeIgniter.php(333): CodeIgniter\CodeIgniter->handleRequest(NULL, Object(Config\Cache), false)
#8 C:\xampp\htdocs\ci4_pengaduan\public\index.php(44): CodeIgniter\CodeIgniter->run()
#9 C:\xampp\htdocs\ci4_pengaduan\vendor\codeigniter4\framework\system\Commands\Server\rewrite.php(45): require_once('C:\\xampp\\htdocs...')
#10 {main}
CRITICAL - 2021-03-06 05:14:01 --> Undefined variable: row
#0 C:\xampp\htdocs\ci4_pengaduan\app\Views\admin\manage-user\detail.php(27): CodeIgniter\Debug\Exceptions->errorHandler(8, 'Undefined varia...', 'C:\\xampp\\htdocs...', 27, Array)
#1 C:\xampp\htdocs\ci4_pengaduan\vendor\codeigniter4\framework\system\View\View.php(220): include('C:\\xampp\\htdocs...')
#2 C:\xampp\htdocs\ci4_pengaduan\vendor\codeigniter4\framework\system\View\View.php(222): CodeIgniter\View\View->CodeIgniter\View\{closure}()
#3 C:\xampp\htdocs\ci4_pengaduan\vendor\codeigniter4\framework\system\Common.php(1217): CodeIgniter\View\View->render('admin/manage-us...', Array, true)
#4 C:\xampp\htdocs\ci4_pengaduan\app\Controllers\Admin\ManageUser.php(31): view('admin/manage-us...', Array)
#5 C:\xampp\htdocs\ci4_pengaduan\vendor\codeigniter4\framework\system\CodeIgniter.php(936): App\Controllers\Admin\ManageUser->detail('hafizul123')
#6 C:\xampp\htdocs\ci4_pengaduan\vendor\codeigniter4\framework\system\CodeIgniter.php(432): CodeIgniter\CodeIgniter->runController(Object(App\Controllers\Admin\ManageUser))
#7 C:\xampp\htdocs\ci4_pengaduan\vendor\codeigniter4\framework\system\CodeIgniter.php(333): CodeIgniter\CodeIgniter->handleRequest(NULL, Object(Config\Cache), false)
#8 C:\xampp\htdocs\ci4_pengaduan\public\index.php(44): CodeIgniter\CodeIgniter->run()
#9 C:\xampp\htdocs\ci4_pengaduan\vendor\codeigniter4\framework\system\Commands\Server\rewrite.php(45): require_once('C:\\xampp\\htdocs...')
#10 {main}
